<?xml version="1.0" encoding="UTF-8"?>
<testsuite xmlns:xsi="http://www.w3.org/2001/XMLSchema-instance" xsi:noNamespaceSchemaLocation="https://maven.apache.org/surefire/maven-failsafe-plugin/xsd/failsafe-test-report-3.0.xsd" version="3.0" name="runner.TestRunner" time="58.004" tests="1" errors="0" skipped="0" failures="0">
  <properties>
    <property name="java.specification.version" value="17"/>
    <property name="sun.cpu.isalist" value="amd64"/>
    <property name="sun.jnu.encoding" value="Cp1252"/>
    <property name="java.class.path" value="C:\Users\1556\Documents\SerenityBDDFramework-Complete\FlipBoardMobile\target\test-classes;C:\Users\1556\Documents\SerenityBDDFramework-Complete\FlipBoardMobile\target\FlipBoardMobile-1.0-SNAPSHOT.jar;C:\Users\1556\.m2\repository\org\slf4j\slf4j-simple\2.0.8\slf4j-simple-2.0.8.jar;C:\Users\1556\.m2\repository\org\slf4j\slf4j-api\2.0.8\slf4j-api-2.0.8.jar;C:\Users\1556\.m2\repository\net\serenity-bdd\serenity-core\4.0.0\serenity-core-4.0.0.jar;C:\Users\1556\.m2\repository\net\serenity-bdd\serenity-model\4.0.0\serenity-model-4.0.0.jar;C:\Users\1556\.m2\repository\org\apache\commons\commons-text\1.10.0\commons-text-1.10.0.jar;C:\Users\1556\.m2\repository\commons-net\commons-net\3.9.0\commons-net-3.9.0.jar;C:\Users\1556\.m2\repository\com\google\guava\guava\32.1.2-jre\guava-32.1.2-jre.jar;C:\Users\1556\.m2\repository\com\google\guava\failureaccess\1.0.1\failureaccess-1.0.1.jar;C:\Users\1556\.m2\repository\com\google\guava\listenablefuture\9999.0-empty-to-avoid-conflict-with-guava\listenablefuture-9999.0-empty-to-avoid-conflict-with-guava.jar;C:\Users\1556\.m2\repository\com\google\code\findbugs\jsr305\3.0.2\jsr305-3.0.2.jar;C:\Users\1556\.m2\repository\org\checkerframework\checker-qual\3.33.0\checker-qual-3.33.0.jar;C:\Users\1556\.m2\repository\com\google\errorprone\error_prone_annotations\2.18.0\error_prone_annotations-2.18.0.jar;C:\Users\1556\.m2\repository\com\google\j2objc\j2objc-annotations\2.8\j2objc-annotations-2.8.jar;C:\Users\1556\.m2\repository\org\jsoup\jsoup\1.15.4\jsoup-1.15.4.jar;C:\Users\1556\.m2\repository\com\thoughtworks\xstream\xstream\1.4.20\xstream-1.4.20.jar;C:\Users\1556\.m2\repository\io\github\x-stream\mxparser\1.2.2\mxparser-1.2.2.jar;C:\Users\1556\.m2\repository\xmlpull\xmlpull\1.1.3.1\xmlpull-1.1.3.1.jar;C:\Users\1556\.m2\repository\com\typesafe\config\1.4.2\config-1.4.2.jar;C:\Users\1556\.m2\repository\org\imgscalr\imgscalr-lib\4.2\imgscalr-lib-4.2.jar;C:\Users\1556\.m2\repository\org\awaitility\awaitility\4.2.0\awaitility-4.2.0.jar;C:\Users\1556\.m2\repository\org\freemarker\freemarker\2.3.31\freemarker-2.3.31.jar;C:\Users\1556\.m2\repository\io\github\classgraph\classgraph\4.8.157\classgraph-4.8.157.jar;C:\Users\1556\.m2\repository\com\github\ben-manes\caffeine\caffeine\2.9.2\caffeine-2.9.2.jar;C:\Users\1556\.m2\repository\org\ehcache\ehcache\3.10.8\ehcache-3.10.8.jar;C:\Users\1556\.m2\repository\javax\cache\cache-api\1.1.0\cache-api-1.1.0.jar;C:\Users\1556\.m2\repository\net\sourceforge\jexcelapi\jxl\2.6.12\jxl-2.6.12.jar;C:\Users\1556\.m2\repository\net\bytebuddy\byte-buddy\1.14.5\byte-buddy-1.14.5.jar;C:\Users\1556\.m2\repository\net\bytebuddy\byte-buddy-agent\1.14.5\byte-buddy-agent-1.14.5.jar;C:\Users\1556\.m2\repository\org\objenesis\objenesis\3.3\objenesis-3.3.jar;C:\Users\1556\.m2\repository\com\vladsch\flexmark\flexmark-all\0.64.8\flexmark-all-0.64.8.jar;C:\Users\1556\.m2\repository\com\vladsch\flexmark\flexmark\0.64.8\flexmark-0.64.8.jar;C:\Users\1556\.m2\repository\com\vladsch\flexmark\flexmark-ext-abbreviation\0.64.8\flexmark-ext-abbreviation-0.64.8.jar;C:\Users\1556\.m2\repository\com\vladsch\flexmark\flexmark-util\0.64.8\flexmark-util-0.64.8.jar;C:\Users\1556\.m2\repository\com\vladsch\flexmark\flexmark-ext-admonition\0.64.8\flexmark-ext-admonition-0.64.8.jar;C:\Users\1556\.m2\repository\com\vladsch\flexmark\flexmark-ext-anchorlink\0.64.8\flexmark-ext-anchorlink-0.64.8.jar;C:\Users\1556\.m2\repository\com\vladsch\flexmark\flexmark-ext-aside\0.64.8\flexmark-ext-aside-0.64.8.jar;C:\Users\1556\.m2\repository\com\vladsch\flexmark\flexmark-ext-attributes\0.64.8\flexmark-ext-attributes-0.64.8.jar;C:\Users\1556\.m2\repository\com\vladsch\flexmark\flexmark-ext-autolink\0.64.8\flexmark-ext-autolink-0.64.8.jar;C:\Users\1556\.m2\repository\org\nibor\autolink\autolink\0.6.0\autolink-0.6.0.jar;C:\Users\1556\.m2\repository\com\vladsch\flexmark\flexmark-ext-definition\0.64.8\flexmark-ext-definition-0.64.8.jar;C:\Users\1556\.m2\repository\com\vladsch\flexmark\flexmark-ext-emoji\0.64.8\flexmark-ext-emoji-0.64.8.jar;C:\Users\1556\.m2\repository\com\vladsch\flexmark\flexmark-ext-enumerated-reference\0.64.8\flexmark-ext-enumerated-reference-0.64.8.jar;C:\Users\1556\.m2\repository\com\vladsch\flexmark\flexmark-ext-escaped-character\0.64.8\flexmark-ext-escaped-character-0.64.8.jar;C:\Users\1556\.m2\repository\com\vladsch\flexmark\flexmark-ext-footnotes\0.64.8\flexmark-ext-footnotes-0.64.8.jar;C:\Users\1556\.m2\repository\com\vladsch\flexmark\flexmark-ext-gfm-issues\0.64.8\flexmark-ext-gfm-issues-0.64.8.jar;C:\Users\1556\.m2\repository\com\vladsch\flexmark\flexmark-ext-gfm-strikethrough\0.64.8\flexmark-ext-gfm-strikethrough-0.64.8.jar;C:\Users\1556\.m2\repository\com\vladsch\flexmark\flexmark-ext-gfm-tasklist\0.64.8\flexmark-ext-gfm-tasklist-0.64.8.jar;C:\Users\1556\.m2\repository\com\vladsch\flexmark\flexmark-ext-gfm-users\0.64.8\flexmark-ext-gfm-users-0.64.8.jar;C:\Users\1556\.m2\repository\com\vladsch\flexmark\flexmark-ext-gitlab\0.64.8\flexmark-ext-gitlab-0.64.8.jar;C:\Users\1556\.m2\repository\com\vladsch\flexmark\flexmark-ext-jekyll-front-matter\0.64.8\flexmark-ext-jekyll-front-matter-0.64.8.jar;C:\Users\1556\.m2\repository\com\vladsch\flexmark\flexmark-ext-jekyll-tag\0.64.8\flexmark-ext-jekyll-tag-0.64.8.jar;C:\Users\1556\.m2\repository\com\vladsch\flexmark\flexmark-ext-media-tags\0.64.8\flexmark-ext-media-tags-0.64.8.jar;C:\Users\1556\.m2\repository\com\vladsch\flexmark\flexmark-ext-resizable-image\0.64.8\flexmark-ext-resizable-image-0.64.8.jar;C:\Users\1556\.m2\repository\com\vladsch\flexmark\flexmark-ext-macros\0.64.8\flexmark-ext-macros-0.64.8.jar;C:\Users\1556\.m2\repository\com\vladsch\flexmark\flexmark-ext-ins\0.64.8\flexmark-ext-ins-0.64.8.jar;C:\Users\1556\.m2\repository\com\vladsch\flexmark\flexmark-ext-xwiki-macros\0.64.8\flexmark-ext-xwiki-macros-0.64.8.jar;C:\Users\1556\.m2\repository\com\vladsch\flexmark\flexmark-ext-superscript\0.64.8\flexmark-ext-superscript-0.64.8.jar;C:\Users\1556\.m2\repository\com\vladsch\flexmark\flexmark-ext-tables\0.64.8\flexmark-ext-tables-0.64.8.jar;C:\Users\1556\.m2\repository\com\vladsch\flexmark\flexmark-ext-toc\0.64.8\flexmark-ext-toc-0.64.8.jar;C:\Users\1556\.m2\repository\com\vladsch\flexmark\flexmark-ext-typographic\0.64.8\flexmark-ext-typographic-0.64.8.jar;C:\Users\1556\.m2\repository\com\vladsch\flexmark\flexmark-ext-wikilink\0.64.8\flexmark-ext-wikilink-0.64.8.jar;C:\Users\1556\.m2\repository\com\vladsch\flexmark\flexmark-ext-yaml-front-matter\0.64.8\flexmark-ext-yaml-front-matter-0.64.8.jar;C:\Users\1556\.m2\repository\com\vladsch\flexmark\flexmark-ext-youtube-embedded\0.64.8\flexmark-ext-youtube-embedded-0.64.8.jar;C:\Users\1556\.m2\repository\com\vladsch\flexmark\flexmark-html2md-converter\0.64.8\flexmark-html2md-converter-0.64.8.jar;C:\Users\1556\.m2\repository\com\vladsch\flexmark\flexmark-jira-converter\0.64.8\flexmark-jira-converter-0.64.8.jar;C:\Users\1556\.m2\repository\com\vladsch\flexmark\flexmark-pdf-converter\0.64.8\flexmark-pdf-converter-0.64.8.jar;C:\Users\1556\.m2\repository\com\openhtmltopdf\openhtmltopdf-core\1.0.10\openhtmltopdf-core-1.0.10.jar;C:\Users\1556\.m2\repository\com\openhtmltopdf\openhtmltopdf-pdfbox\1.0.10\openhtmltopdf-pdfbox-1.0.10.jar;C:\Users\1556\.m2\repository\org\apache\pdfbox\pdfbox\2.0.24\pdfbox-2.0.24.jar;C:\Users\1556\.m2\repository\org\apache\pdfbox\fontbox\2.0.24\fontbox-2.0.24.jar;C:\Users\1556\.m2\repository\org\apache\pdfbox\xmpbox\2.0.24\xmpbox-2.0.24.jar;C:\Users\1556\.m2\repository\de\rototor\pdfbox\graphics2d\0.32\graphics2d-0.32.jar;C:\Users\1556\.m2\repository\com\openhtmltopdf\openhtmltopdf-rtl-support\1.0.10\openhtmltopdf-rtl-support-1.0.10.jar;C:\Users\1556\.m2\repository\com\vladsch\flexmark\flexmark-profile-pegdown\0.64.8\flexmark-profile-pegdown-0.64.8.jar;C:\Users\1556\.m2\repository\com\vladsch\flexmark\flexmark-util-ast\0.64.8\flexmark-util-ast-0.64.8.jar;C:\Users\1556\.m2\repository\org\jetbrains\annotations\24.0.1\annotations-24.0.1.jar;C:\Users\1556\.m2\repository\com\vladsch\flexmark\flexmark-util-builder\0.64.8\flexmark-util-builder-0.64.8.jar;C:\Users\1556\.m2\repository\com\vladsch\flexmark\flexmark-util-collection\0.64.8\flexmark-util-collection-0.64.8.jar;C:\Users\1556\.m2\repository\com\vladsch\flexmark\flexmark-util-data\0.64.8\flexmark-util-data-0.64.8.jar;C:\Users\1556\.m2\repository\com\vladsch\flexmark\flexmark-util-dependency\0.64.8\flexmark-util-dependency-0.64.8.jar;C:\Users\1556\.m2\repository\com\vladsch\flexmark\flexmark-util-format\0.64.8\flexmark-util-format-0.64.8.jar;C:\Users\1556\.m2\repository\com\vladsch\flexmark\flexmark-util-html\0.64.8\flexmark-util-html-0.64.8.jar;C:\Users\1556\.m2\repository\com\vladsch\flexmark\flexmark-util-misc\0.64.8\flexmark-util-misc-0.64.8.jar;C:\Users\1556\.m2\repository\com\vladsch\flexmark\flexmark-util-options\0.64.8\flexmark-util-options-0.64.8.jar;C:\Users\1556\.m2\repository\com\vladsch\flexmark\flexmark-util-sequence\0.64.8\flexmark-util-sequence-0.64.8.jar;C:\Users\1556\.m2\repository\com\vladsch\flexmark\flexmark-util-visitor\0.64.8\flexmark-util-visitor-0.64.8.jar;C:\Users\1556\.m2\repository\com\vladsch\flexmark\flexmark-youtrack-converter\0.64.8\flexmark-youtrack-converter-0.64.8.jar;C:\Users\1556\.m2\repository\net\serenity-bdd\serenity-reports\4.0.0\serenity-reports-4.0.0.jar;C:\Users\1556\.m2\repository\net\serenity-bdd\serenity-stats\4.0.0\serenity-stats-4.0.0.jar;C:\Users\1556\.m2\repository\org\jetbrains\kotlin\kotlin-stdlib\1.9.0\kotlin-stdlib-1.9.0.jar;C:\Users\1556\.m2\repository\org\jetbrains\kotlin\kotlin-stdlib-common\1.9.0\kotlin-stdlib-common-1.9.0.jar;C:\Users\1556\.m2\repository\net\serenity-bdd\serenity-reports-configuration\4.0.0\serenity-reports-configuration-4.0.0.jar;C:\Users\1556\.m2\repository\com\ibm\icu\icu4j\72.1\icu4j-72.1.jar;C:\Users\1556\.m2\repository\es\nitaur\markdown\txtmark\0.16\txtmark-0.16.jar;C:\Users\1556\.m2\repository\net\serenity-bdd\serenity-report-resources\4.0.0\serenity-report-resources-4.0.0.jar;C:\Users\1556\.m2\repository\com\google\code\gson\gson\2.10.1\gson-2.10.1.jar;C:\Users\1556\.m2\repository\com\fasterxml\jackson\core\jackson-core\2.15.2\jackson-core-2.15.2.jar;C:\Users\1556\.m2\repository\com\fasterxml\jackson\core\jackson-databind\2.15.2\jackson-databind-2.15.2.jar;C:\Users\1556\.m2\repository\com\fasterxml\jackson\core\jackson-annotations\2.15.2\jackson-annotations-2.15.2.jar;C:\Users\1556\.m2\repository\commons-codec\commons-codec\1.16.0\commons-codec-1.16.0.jar;C:\Users\1556\.m2\repository\commons-io\commons-io\2.11.0\commons-io-2.11.0.jar;C:\Users\1556\.m2\repository\org\apache\httpcomponents\httpclient\4.5.13\httpclient-4.5.13.jar;C:\Users\1556\.m2\repository\org\apache\httpcomponents\httpcore\4.4.13\httpcore-4.4.13.jar;C:\Users\1556\.m2\repository\commons-logging\commons-logging\1.2\commons-logging-1.2.jar;C:\Users\1556\.m2\repository\org\seleniumhq\selenium\selenium-api\4.12.0\selenium-api-4.12.0.jar;C:\Users\1556\.m2\repository\org\seleniumhq\selenium\selenium-support\4.12.0\selenium-support-4.12.0.jar;C:\Users\1556\.m2\repository\com\google\auto\service\auto-service-annotations\1.1.1\auto-service-annotations-1.1.1.jar;C:\Users\1556\.m2\repository\org\seleniumhq\selenium\selenium-json\4.12.0\selenium-json-4.12.0.jar;C:\Users\1556\.m2\repository\org\seleniumhq\selenium\selenium-chrome-driver\4.12.0\selenium-chrome-driver-4.12.0.jar;C:\Users\1556\.m2\repository\org\seleniumhq\selenium\selenium-chromium-driver\4.12.0\selenium-chromium-driver-4.12.0.jar;C:\Users\1556\.m2\repository\org\seleniumhq\selenium\selenium-manager\4.12.0\selenium-manager-4.12.0.jar;C:\Users\1556\.m2\repository\org\seleniumhq\selenium\selenium-firefox-driver\4.12.0\selenium-firefox-driver-4.12.0.jar;C:\Users\1556\.m2\repository\org\seleniumhq\selenium\selenium-http\4.12.0\selenium-http-4.12.0.jar;C:\Users\1556\.m2\repository\dev\failsafe\failsafe\3.3.2\failsafe-3.3.2.jar;C:\Users\1556\.m2\repository\org\seleniumhq\selenium\selenium-edge-driver\4.12.0\selenium-edge-driver-4.12.0.jar;C:\Users\1556\.m2\repository\org\seleniumhq\selenium\selenium-ie-driver\4.12.0\selenium-ie-driver-4.12.0.jar;C:\Users\1556\.m2\repository\org\projectlombok\lombok\1.18.20\lombok-1.18.20.jar;C:\Users\1556\.m2\repository\org\htmlunit\htmlunit\3.4.0\htmlunit-3.4.0.jar;C:\Users\1556\.m2\repository\org\apache\httpcomponents\httpmime\4.5.14\httpmime-4.5.14.jar;C:\Users\1556\.m2\repository\org\htmlunit\htmlunit-core-js\3.4.0\htmlunit-core-js-3.4.0.jar;C:\Users\1556\.m2\repository\org\htmlunit\neko-htmlunit\3.4.0\neko-htmlunit-3.4.0.jar;C:\Users\1556\.m2\repository\org\htmlunit\htmlunit-cssparser\3.4.0\htmlunit-cssparser-3.4.0.jar;C:\Users\1556\.m2\repository\org\htmlunit\htmlunit-xpath\3.4.0\htmlunit-xpath-3.4.0.jar;C:\Users\1556\.m2\repository\org\brotli\dec\0.1.2\dec-0.1.2.jar;C:\Users\1556\.m2\repository\com\shapesecurity\salvation2\3.0.1\salvation2-3.0.1.jar;C:\Users\1556\.m2\repository\org\eclipse\jetty\websocket\websocket-client\9.4.51.v20230217\websocket-client-9.4.51.v20230217.jar;C:\Users\1556\.m2\repository\org\eclipse\jetty\jetty-client\9.4.51.v20230217\jetty-client-9.4.51.v20230217.jar;C:\Users\1556\.m2\repository\org\eclipse\jetty\jetty-http\9.4.51.v20230217\jetty-http-9.4.51.v20230217.jar;C:\Users\1556\.m2\repository\org\eclipse\jetty\jetty-util\9.4.51.v20230217\jetty-util-9.4.51.v20230217.jar;C:\Users\1556\.m2\repository\org\eclipse\jetty\jetty-io\9.4.51.v20230217\jetty-io-9.4.51.v20230217.jar;C:\Users\1556\.m2\repository\org\eclipse\jetty\websocket\websocket-common\9.4.51.v20230217\websocket-common-9.4.51.v20230217.jar;C:\Users\1556\.m2\repository\org\eclipse\jetty\websocket\websocket-api\9.4.51.v20230217\websocket-api-9.4.51.v20230217.jar;C:\Users\1556\.m2\repository\org\seleniumhq\selenium\htmlunit3-driver\4.10.0\htmlunit3-driver-4.10.0.jar;C:\Users\1556\.m2\repository\org\apache\groovy\groovy\4.0.13\groovy-4.0.13.jar;C:\Users\1556\.m2\repository\net\sf\opencsv\opencsv\2.0\opencsv-2.0.jar;C:\Users\1556\.m2\repository\commons-beanutils\commons-beanutils\1.9.4\commons-beanutils-1.9.4.jar;C:\Users\1556\.m2\repository\commons-collections\commons-collections\3.2.2\commons-collections-3.2.2.jar;C:\Users\1556\.m2\repository\org\apache\commons\commons-lang3\3.13.0\commons-lang3-3.13.0.jar;C:\Users\1556\.m2\repository\org\apache\commons\commons-collections4\4.4\commons-collections4-4.4.jar;C:\Users\1556\.m2\repository\org\fluentlenium\fluentlenium-core\0.10.2\fluentlenium-core-0.10.2.jar;C:\Users\1556\.m2\repository\com\jhlabs\filters\2.0.235\filters-2.0.235.jar;C:\Users\1556\.m2\repository\com\paulhammant\ngwebdriver\1.1.6\ngwebdriver-1.1.6.jar;C:\Users\1556\.m2\repository\joda-time\joda-time\2.12.2\joda-time-2.12.2.jar;C:\Users\1556\.m2\repository\org\hamcrest\hamcrest\2.2\hamcrest-2.2.jar;C:\Users\1556\.m2\repository\com\google\jimfs\jimfs\1.3.0\jimfs-1.3.0.jar;C:\Users\1556\.m2\repository\org\mockito\mockito-core\3.3.3\mockito-core-3.3.3.jar;C:\Users\1556\.m2\repository\org\assertj\assertj-core\3.24.2\assertj-core-3.24.2.jar;C:\Users\1556\.m2\repository\javax\xml\bind\jaxb-api\2.3.1\jaxb-api-2.3.1.jar;C:\Users\1556\.m2\repository\javax\activation\javax.activation-api\1.2.0\javax.activation-api-1.2.0.jar;C:\Users\1556\.m2\repository\com\sun\xml\bind\jaxb-core\2.3.0.1\jaxb-core-2.3.0.1.jar;C:\Users\1556\.m2\repository\com\sun\xml\bind\jaxb-impl\2.3.3\jaxb-impl-2.3.3.jar;C:\Users\1556\.m2\repository\com\sun\activation\jakarta.activation\1.2.2\jakarta.activation-1.2.2.jar;C:\Users\1556\.m2\repository\javax\activation\activation\1.1.1\activation-1.1.1.jar;C:\Users\1556\.m2\repository\net\serenity-bdd\serenity-junit\4.0.0\serenity-junit-4.0.0.jar;C:\Users\1556\.m2\repository\junit\junit\4.13.2\junit-4.13.2.jar;C:\Users\1556\.m2\repository\jakarta\xml\bind\jakarta.xml.bind-api\4.0.0\jakarta.xml.bind-api-4.0.0.jar;C:\Users\1556\.m2\repository\jakarta\activation\jakarta.activation-api\2.1.0\jakarta.activation-api-2.1.0.jar;C:\Users\1556\.m2\repository\net\serenity-bdd\serenity-cucumber\4.0.0\serenity-cucumber-4.0.0.jar;C:\Users\1556\.m2\repository\net\serenity-bdd\serenity-screenplay\4.0.0\serenity-screenplay-4.0.0.jar;C:\Users\1556\.m2\repository\net\serenity-bdd\serenity-screenplay-webdriver\4.0.0\serenity-screenplay-webdriver-4.0.0.jar;C:\Users\1556\.m2\repository\io\cucumber\cucumber-core\7.13.0\cucumber-core-7.13.0.jar;C:\Users\1556\.m2\repository\io\cucumber\cucumber-gherkin\7.13.0\cucumber-gherkin-7.13.0.jar;C:\Users\1556\.m2\repository\io\cucumber\cucumber-gherkin-messages\7.13.0\cucumber-gherkin-messages-7.13.0.jar;C:\Users\1556\.m2\repository\io\cucumber\gherkin\26.2.0\gherkin-26.2.0.jar;C:\Users\1556\.m2\repository\io\cucumber\messages\22.0.0\messages-22.0.0.jar;C:\Users\1556\.m2\repository\io\cucumber\tag-expressions\5.0.1\tag-expressions-5.0.1.jar;C:\Users\1556\.m2\repository\io\cucumber\cucumber-expressions\16.1.2\cucumber-expressions-16.1.2.jar;C:\Users\1556\.m2\repository\io\cucumber\datatable\7.13.0\datatable-7.13.0.jar;C:\Users\1556\.m2\repository\io\cucumber\cucumber-plugin\7.13.0\cucumber-plugin-7.13.0.jar;C:\Users\1556\.m2\repository\io\cucumber\docstring\7.13.0\docstring-7.13.0.jar;C:\Users\1556\.m2\repository\io\cucumber\html-formatter\20.3.1\html-formatter-20.3.1.jar;C:\Users\1556\.m2\repository\io\cucumber\junit-xml-formatter\0.2.0\junit-xml-formatter-0.2.0.jar;C:\Users\1556\.m2\repository\io\cucumber\ci-environment\9.2.0\ci-environment-9.2.0.jar;C:\Users\1556\.m2\repository\io\cucumber\cucumber-java\7.13.0\cucumber-java-7.13.0.jar;C:\Users\1556\.m2\repository\io\cucumber\cucumber-junit\7.13.0\cucumber-junit-7.13.0.jar;C:\Users\1556\.m2\repository\org\apiguardian\apiguardian-api\1.1.2\apiguardian-api-1.1.2.jar;C:\Users\1556\.m2\repository\org\apache\commons\commons-csv\1.5\commons-csv-1.5.jar;C:\Users\1556\.m2\repository\org\seleniumhq\selenium\selenium-java\4.12.0\selenium-java-4.12.0.jar;C:\Users\1556\.m2\repository\org\seleniumhq\selenium\selenium-devtools-v114\4.12.0\selenium-devtools-v114-4.12.0.jar;C:\Users\1556\.m2\repository\org\seleniumhq\selenium\selenium-devtools-v115\4.12.0\selenium-devtools-v115-4.12.0.jar;C:\Users\1556\.m2\repository\org\seleniumhq\selenium\selenium-devtools-v116\4.12.0\selenium-devtools-v116-4.12.0.jar;C:\Users\1556\.m2\repository\org\seleniumhq\selenium\selenium-devtools-v85\4.12.0\selenium-devtools-v85-4.12.0.jar;C:\Users\1556\.m2\repository\org\seleniumhq\selenium\selenium-remote-driver\4.12.0\selenium-remote-driver-4.12.0.jar;C:\Users\1556\.m2\repository\io\netty\netty-buffer\4.1.96.Final\netty-buffer-4.1.96.Final.jar;C:\Users\1556\.m2\repository\io\netty\netty-codec-http\4.1.96.Final\netty-codec-http-4.1.96.Final.jar;C:\Users\1556\.m2\repository\io\netty\netty-codec\4.1.96.Final\netty-codec-4.1.96.Final.jar;C:\Users\1556\.m2\repository\io\netty\netty-handler\4.1.96.Final\netty-handler-4.1.96.Final.jar;C:\Users\1556\.m2\repository\io\netty\netty-common\4.1.96.Final\netty-common-4.1.96.Final.jar;C:\Users\1556\.m2\repository\io\netty\netty-transport-classes-epoll\4.1.96.Final\netty-transport-classes-epoll-4.1.96.Final.jar;C:\Users\1556\.m2\repository\io\netty\netty-transport-classes-kqueue\4.1.96.Final\netty-transport-classes-kqueue-4.1.96.Final.jar;C:\Users\1556\.m2\repository\io\netty\netty-transport-native-epoll\4.1.96.Final\netty-transport-native-epoll-4.1.96.Final.jar;C:\Users\1556\.m2\repository\io\netty\netty-transport-native-kqueue\4.1.96.Final\netty-transport-native-kqueue-4.1.96.Final.jar;C:\Users\1556\.m2\repository\io\netty\netty-transport-native-unix-common\4.1.96.Final\netty-transport-native-unix-common-4.1.96.Final.jar;C:\Users\1556\.m2\repository\io\netty\netty-transport\4.1.96.Final\netty-transport-4.1.96.Final.jar;C:\Users\1556\.m2\repository\io\netty\netty-resolver\4.1.96.Final\netty-resolver-4.1.96.Final.jar;C:\Users\1556\.m2\repository\io\opentelemetry\opentelemetry-api\1.28.0\opentelemetry-api-1.28.0.jar;C:\Users\1556\.m2\repository\io\opentelemetry\opentelemetry-context\1.28.0\opentelemetry-context-1.28.0.jar;C:\Users\1556\.m2\repository\io\opentelemetry\opentelemetry-exporter-logging\1.28.0\opentelemetry-exporter-logging-1.28.0.jar;C:\Users\1556\.m2\repository\io\opentelemetry\opentelemetry-sdk-metrics\1.28.0\opentelemetry-sdk-metrics-1.28.0.jar;C:\Users\1556\.m2\repository\io\opentelemetry\opentelemetry-extension-incubator\1.28.0-alpha\opentelemetry-extension-incubator-1.28.0-alpha.jar;C:\Users\1556\.m2\repository\io\opentelemetry\opentelemetry-sdk-logs\1.28.0\opentelemetry-sdk-logs-1.28.0.jar;C:\Users\1556\.m2\repository\io\opentelemetry\opentelemetry-sdk-common\1.28.0\opentelemetry-sdk-common-1.28.0.jar;C:\Users\1556\.m2\repository\io\opentelemetry\opentelemetry-sdk-extension-autoconfigure-spi\1.28.0\opentelemetry-sdk-extension-autoconfigure-spi-1.28.0.jar;C:\Users\1556\.m2\repository\io\opentelemetry\opentelemetry-sdk-extension-autoconfigure\1.28.0\opentelemetry-sdk-extension-autoconfigure-1.28.0.jar;C:\Users\1556\.m2\repository\io\opentelemetry\opentelemetry-api-events\1.28.0-alpha\opentelemetry-api-events-1.28.0-alpha.jar;C:\Users\1556\.m2\repository\io\opentelemetry\opentelemetry-sdk-trace\1.28.0\opentelemetry-sdk-trace-1.28.0.jar;C:\Users\1556\.m2\repository\io\opentelemetry\opentelemetry-sdk\1.28.0\opentelemetry-sdk-1.28.0.jar;C:\Users\1556\.m2\repository\io\opentelemetry\opentelemetry-semconv\1.28.0-alpha\opentelemetry-semconv-1.28.0-alpha.jar;C:\Users\1556\.m2\repository\org\asynchttpclient\async-http-client\2.12.3\async-http-client-2.12.3.jar;C:\Users\1556\.m2\repository\org\asynchttpclient\async-http-client-netty-utils\2.12.3\async-http-client-netty-utils-2.12.3.jar;C:\Users\1556\.m2\repository\io\netty\netty-codec-socks\4.1.60.Final\netty-codec-socks-4.1.60.Final.jar;C:\Users\1556\.m2\repository\io\netty\netty-handler-proxy\4.1.60.Final\netty-handler-proxy-4.1.60.Final.jar;C:\Users\1556\.m2\repository\io\netty\netty-transport-native-epoll\4.1.60.Final\netty-transport-native-epoll-4.1.60.Final-linux-x86_64.jar;C:\Users\1556\.m2\repository\io\netty\netty-transport-native-kqueue\4.1.60.Final\netty-transport-native-kqueue-4.1.60.Final-osx-x86_64.jar;C:\Users\1556\.m2\repository\org\reactivestreams\reactive-streams\1.0.3\reactive-streams-1.0.3.jar;C:\Users\1556\.m2\repository\com\typesafe\netty\netty-reactive-streams\2.0.4\netty-reactive-streams-2.0.4.jar;C:\Users\1556\.m2\repository\org\seleniumhq\selenium\selenium-os\4.12.0\selenium-os-4.12.0.jar;C:\Users\1556\.m2\repository\org\apache\commons\commons-exec\1.3\commons-exec-1.3.jar;C:\Users\1556\.m2\repository\org\seleniumhq\selenium\selenium-safari-driver\4.12.0\selenium-safari-driver-4.12.0.jar;C:\Users\1556\.m2\repository\io\appium\java-client\8.5.1\java-client-8.5.1.jar;C:\Users\1556\.m2\repository\commons-validator\commons-validator\1.7\commons-validator-1.7.jar;C:\Users\1556\.m2\repository\commons-digester\commons-digester\2.1\commons-digester-2.1.jar;"/>
    <property name="java.vm.vendor" value="Oracle Corporation"/>
    <property name="sun.arch.data.model" value="64"/>
    <property name="user.variant" value=""/>
    <property name="java.vendor.url" value="https://java.oracle.com/"/>
    <property name="user.timezone" value="Asia/Jakarta"/>
    <property name="os.name" value="Windows 11"/>
    <property name="java.vm.specification.version" value="17"/>
    <property name="sun.java.launcher" value="SUN_STANDARD"/>
    <property name="user.country" value="ID"/>
    <property name="sun.boot.library.path" value="C:\Program Files\Java\jdk-17.0.2\bin"/>
    <property name="sun.java.command" value="C:\Users\1556\AppData\Local\Temp\surefire16359894231264621256\surefirebooter-20230929171108936_3.jar C:\Users\1556\AppData\Local\Temp\surefire16359894231264621256 2023-09-29T17-11-08_743-jvmRun1 surefire-20230929171108936_1tmp surefire_0-20230929171108936_2tmp"/>
    <property name="jdk.debug" value="release"/>
    <property name="surefire.test.class.path" value="C:\Users\1556\Documents\SerenityBDDFramework-Complete\FlipBoardMobile\target\test-classes;C:\Users\1556\Documents\SerenityBDDFramework-Complete\FlipBoardMobile\target\FlipBoardMobile-1.0-SNAPSHOT.jar;C:\Users\1556\.m2\repository\org\slf4j\slf4j-simple\2.0.8\slf4j-simple-2.0.8.jar;C:\Users\1556\.m2\repository\org\slf4j\slf4j-api\2.0.8\slf4j-api-2.0.8.jar;C:\Users\1556\.m2\repository\net\serenity-bdd\serenity-core\4.0.0\serenity-core-4.0.0.jar;C:\Users\1556\.m2\repository\net\serenity-bdd\serenity-model\4.0.0\serenity-model-4.0.0.jar;C:\Users\1556\.m2\repository\org\apache\commons\commons-text\1.10.0\commons-text-1.10.0.jar;C:\Users\1556\.m2\repository\commons-net\commons-net\3.9.0\commons-net-3.9.0.jar;C:\Users\1556\.m2\repository\com\google\guava\guava\32.1.2-jre\guava-32.1.2-jre.jar;C:\Users\1556\.m2\repository\com\google\guava\failureaccess\1.0.1\failureaccess-1.0.1.jar;C:\Users\1556\.m2\repository\com\google\guava\listenablefuture\9999.0-empty-to-avoid-conflict-with-guava\listenablefuture-9999.0-empty-to-avoid-conflict-with-guava.jar;C:\Users\1556\.m2\repository\com\google\code\findbugs\jsr305\3.0.2\jsr305-3.0.2.jar;C:\Users\1556\.m2\repository\org\checkerframework\checker-qual\3.33.0\checker-qual-3.33.0.jar;C:\Users\1556\.m2\repository\com\google\errorprone\error_prone_annotations\2.18.0\error_prone_annotations-2.18.0.jar;C:\Users\1556\.m2\repository\com\google\j2objc\j2objc-annotations\2.8\j2objc-annotations-2.8.jar;C:\Users\1556\.m2\repository\org\jsoup\jsoup\1.15.4\jsoup-1.15.4.jar;C:\Users\1556\.m2\repository\com\thoughtworks\xstream\xstream\1.4.20\xstream-1.4.20.jar;C:\Users\1556\.m2\repository\io\github\x-stream\mxparser\1.2.2\mxparser-1.2.2.jar;C:\Users\1556\.m2\repository\xmlpull\xmlpull\1.1.3.1\xmlpull-1.1.3.1.jar;C:\Users\1556\.m2\repository\com\typesafe\config\1.4.2\config-1.4.2.jar;C:\Users\1556\.m2\repository\org\imgscalr\imgscalr-lib\4.2\imgscalr-lib-4.2.jar;C:\Users\1556\.m2\repository\org\awaitility\awaitility\4.2.0\awaitility-4.2.0.jar;C:\Users\1556\.m2\repository\org\freemarker\freemarker\2.3.31\freemarker-2.3.31.jar;C:\Users\1556\.m2\repository\io\github\classgraph\classgraph\4.8.157\classgraph-4.8.157.jar;C:\Users\1556\.m2\repository\com\github\ben-manes\caffeine\caffeine\2.9.2\caffeine-2.9.2.jar;C:\Users\1556\.m2\repository\org\ehcache\ehcache\3.10.8\ehcache-3.10.8.jar;C:\Users\1556\.m2\repository\javax\cache\cache-api\1.1.0\cache-api-1.1.0.jar;C:\Users\1556\.m2\repository\net\sourceforge\jexcelapi\jxl\2.6.12\jxl-2.6.12.jar;C:\Users\1556\.m2\repository\net\bytebuddy\byte-buddy\1.14.5\byte-buddy-1.14.5.jar;C:\Users\1556\.m2\repository\net\bytebuddy\byte-buddy-agent\1.14.5\byte-buddy-agent-1.14.5.jar;C:\Users\1556\.m2\repository\org\objenesis\objenesis\3.3\objenesis-3.3.jar;C:\Users\1556\.m2\repository\com\vladsch\flexmark\flexmark-all\0.64.8\flexmark-all-0.64.8.jar;C:\Users\1556\.m2\repository\com\vladsch\flexmark\flexmark\0.64.8\flexmark-0.64.8.jar;C:\Users\1556\.m2\repository\com\vladsch\flexmark\flexmark-ext-abbreviation\0.64.8\flexmark-ext-abbreviation-0.64.8.jar;C:\Users\1556\.m2\repository\com\vladsch\flexmark\flexmark-util\0.64.8\flexmark-util-0.64.8.jar;C:\Users\1556\.m2\repository\com\vladsch\flexmark\flexmark-ext-admonition\0.64.8\flexmark-ext-admonition-0.64.8.jar;C:\Users\1556\.m2\repository\com\vladsch\flexmark\flexmark-ext-anchorlink\0.64.8\flexmark-ext-anchorlink-0.64.8.jar;C:\Users\1556\.m2\repository\com\vladsch\flexmark\flexmark-ext-aside\0.64.8\flexmark-ext-aside-0.64.8.jar;C:\Users\1556\.m2\repository\com\vladsch\flexmark\flexmark-ext-attributes\0.64.8\flexmark-ext-attributes-0.64.8.jar;C:\Users\1556\.m2\repository\com\vladsch\flexmark\flexmark-ext-autolink\0.64.8\flexmark-ext-autolink-0.64.8.jar;C:\Users\1556\.m2\repository\org\nibor\autolink\autolink\0.6.0\autolink-0.6.0.jar;C:\Users\1556\.m2\repository\com\vladsch\flexmark\flexmark-ext-definition\0.64.8\flexmark-ext-definition-0.64.8.jar;C:\Users\1556\.m2\repository\com\vladsch\flexmark\flexmark-ext-emoji\0.64.8\flexmark-ext-emoji-0.64.8.jar;C:\Users\1556\.m2\repository\com\vladsch\flexmark\flexmark-ext-enumerated-reference\0.64.8\flexmark-ext-enumerated-reference-0.64.8.jar;C:\Users\1556\.m2\repository\com\vladsch\flexmark\flexmark-ext-escaped-character\0.64.8\flexmark-ext-escaped-character-0.64.8.jar;C:\Users\1556\.m2\repository\com\vladsch\flexmark\flexmark-ext-footnotes\0.64.8\flexmark-ext-footnotes-0.64.8.jar;C:\Users\1556\.m2\repository\com\vladsch\flexmark\flexmark-ext-gfm-issues\0.64.8\flexmark-ext-gfm-issues-0.64.8.jar;C:\Users\1556\.m2\repository\com\vladsch\flexmark\flexmark-ext-gfm-strikethrough\0.64.8\flexmark-ext-gfm-strikethrough-0.64.8.jar;C:\Users\1556\.m2\repository\com\vladsch\flexmark\flexmark-ext-gfm-tasklist\0.64.8\flexmark-ext-gfm-tasklist-0.64.8.jar;C:\Users\1556\.m2\repository\com\vladsch\flexmark\flexmark-ext-gfm-users\0.64.8\flexmark-ext-gfm-users-0.64.8.jar;C:\Users\1556\.m2\repository\com\vladsch\flexmark\flexmark-ext-gitlab\0.64.8\flexmark-ext-gitlab-0.64.8.jar;C:\Users\1556\.m2\repository\com\vladsch\flexmark\flexmark-ext-jekyll-front-matter\0.64.8\flexmark-ext-jekyll-front-matter-0.64.8.jar;C:\Users\1556\.m2\repository\com\vladsch\flexmark\flexmark-ext-jekyll-tag\0.64.8\flexmark-ext-jekyll-tag-0.64.8.jar;C:\Users\1556\.m2\repository\com\vladsch\flexmark\flexmark-ext-media-tags\0.64.8\flexmark-ext-media-tags-0.64.8.jar;C:\Users\1556\.m2\repository\com\vladsch\flexmark\flexmark-ext-resizable-image\0.64.8\flexmark-ext-resizable-image-0.64.8.jar;C:\Users\1556\.m2\repository\com\vladsch\flexmark\flexmark-ext-macros\0.64.8\flexmark-ext-macros-0.64.8.jar;C:\Users\1556\.m2\repository\com\vladsch\flexmark\flexmark-ext-ins\0.64.8\flexmark-ext-ins-0.64.8.jar;C:\Users\1556\.m2\repository\com\vladsch\flexmark\flexmark-ext-xwiki-macros\0.64.8\flexmark-ext-xwiki-macros-0.64.8.jar;C:\Users\1556\.m2\repository\com\vladsch\flexmark\flexmark-ext-superscript\0.64.8\flexmark-ext-superscript-0.64.8.jar;C:\Users\1556\.m2\repository\com\vladsch\flexmark\flexmark-ext-tables\0.64.8\flexmark-ext-tables-0.64.8.jar;C:\Users\1556\.m2\repository\com\vladsch\flexmark\flexmark-ext-toc\0.64.8\flexmark-ext-toc-0.64.8.jar;C:\Users\1556\.m2\repository\com\vladsch\flexmark\flexmark-ext-typographic\0.64.8\flexmark-ext-typographic-0.64.8.jar;C:\Users\1556\.m2\repository\com\vladsch\flexmark\flexmark-ext-wikilink\0.64.8\flexmark-ext-wikilink-0.64.8.jar;C:\Users\1556\.m2\repository\com\vladsch\flexmark\flexmark-ext-yaml-front-matter\0.64.8\flexmark-ext-yaml-front-matter-0.64.8.jar;C:\Users\1556\.m2\repository\com\vladsch\flexmark\flexmark-ext-youtube-embedded\0.64.8\flexmark-ext-youtube-embedded-0.64.8.jar;C:\Users\1556\.m2\repository\com\vladsch\flexmark\flexmark-html2md-converter\0.64.8\flexmark-html2md-converter-0.64.8.jar;C:\Users\1556\.m2\repository\com\vladsch\flexmark\flexmark-jira-converter\0.64.8\flexmark-jira-converter-0.64.8.jar;C:\Users\1556\.m2\repository\com\vladsch\flexmark\flexmark-pdf-converter\0.64.8\flexmark-pdf-converter-0.64.8.jar;C:\Users\1556\.m2\repository\com\openhtmltopdf\openhtmltopdf-core\1.0.10\openhtmltopdf-core-1.0.10.jar;C:\Users\1556\.m2\repository\com\openhtmltopdf\openhtmltopdf-pdfbox\1.0.10\openhtmltopdf-pdfbox-1.0.10.jar;C:\Users\1556\.m2\repository\org\apache\pdfbox\pdfbox\2.0.24\pdfbox-2.0.24.jar;C:\Users\1556\.m2\repository\org\apache\pdfbox\fontbox\2.0.24\fontbox-2.0.24.jar;C:\Users\1556\.m2\repository\org\apache\pdfbox\xmpbox\2.0.24\xmpbox-2.0.24.jar;C:\Users\1556\.m2\repository\de\rototor\pdfbox\graphics2d\0.32\graphics2d-0.32.jar;C:\Users\1556\.m2\repository\com\openhtmltopdf\openhtmltopdf-rtl-support\1.0.10\openhtmltopdf-rtl-support-1.0.10.jar;C:\Users\1556\.m2\repository\com\vladsch\flexmark\flexmark-profile-pegdown\0.64.8\flexmark-profile-pegdown-0.64.8.jar;C:\Users\1556\.m2\repository\com\vladsch\flexmark\flexmark-util-ast\0.64.8\flexmark-util-ast-0.64.8.jar;C:\Users\1556\.m2\repository\org\jetbrains\annotations\24.0.1\annotations-24.0.1.jar;C:\Users\1556\.m2\repository\com\vladsch\flexmark\flexmark-util-builder\0.64.8\flexmark-util-builder-0.64.8.jar;C:\Users\1556\.m2\repository\com\vladsch\flexmark\flexmark-util-collection\0.64.8\flexmark-util-collection-0.64.8.jar;C:\Users\1556\.m2\repository\com\vladsch\flexmark\flexmark-util-data\0.64.8\flexmark-util-data-0.64.8.jar;C:\Users\1556\.m2\repository\com\vladsch\flexmark\flexmark-util-dependency\0.64.8\flexmark-util-dependency-0.64.8.jar;C:\Users\1556\.m2\repository\com\vladsch\flexmark\flexmark-util-format\0.64.8\flexmark-util-format-0.64.8.jar;C:\Users\1556\.m2\repository\com\vladsch\flexmark\flexmark-util-html\0.64.8\flexmark-util-html-0.64.8.jar;C:\Users\1556\.m2\repository\com\vladsch\flexmark\flexmark-util-misc\0.64.8\flexmark-util-misc-0.64.8.jar;C:\Users\1556\.m2\repository\com\vladsch\flexmark\flexmark-util-options\0.64.8\flexmark-util-options-0.64.8.jar;C:\Users\1556\.m2\repository\com\vladsch\flexmark\flexmark-util-sequence\0.64.8\flexmark-util-sequence-0.64.8.jar;C:\Users\1556\.m2\repository\com\vladsch\flexmark\flexmark-util-visitor\0.64.8\flexmark-util-visitor-0.64.8.jar;C:\Users\1556\.m2\repository\com\vladsch\flexmark\flexmark-youtrack-converter\0.64.8\flexmark-youtrack-converter-0.64.8.jar;C:\Users\1556\.m2\repository\net\serenity-bdd\serenity-reports\4.0.0\serenity-reports-4.0.0.jar;C:\Users\1556\.m2\repository\net\serenity-bdd\serenity-stats\4.0.0\serenity-stats-4.0.0.jar;C:\Users\1556\.m2\repository\org\jetbrains\kotlin\kotlin-stdlib\1.9.0\kotlin-stdlib-1.9.0.jar;C:\Users\1556\.m2\repository\org\jetbrains\kotlin\kotlin-stdlib-common\1.9.0\kotlin-stdlib-common-1.9.0.jar;C:\Users\1556\.m2\repository\net\serenity-bdd\serenity-reports-configuration\4.0.0\serenity-reports-configuration-4.0.0.jar;C:\Users\1556\.m2\repository\com\ibm\icu\icu4j\72.1\icu4j-72.1.jar;C:\Users\1556\.m2\repository\es\nitaur\markdown\txtmark\0.16\txtmark-0.16.jar;C:\Users\1556\.m2\repository\net\serenity-bdd\serenity-report-resources\4.0.0\serenity-report-resources-4.0.0.jar;C:\Users\1556\.m2\repository\com\google\code\gson\gson\2.10.1\gson-2.10.1.jar;C:\Users\1556\.m2\repository\com\fasterxml\jackson\core\jackson-core\2.15.2\jackson-core-2.15.2.jar;C:\Users\1556\.m2\repository\com\fasterxml\jackson\core\jackson-databind\2.15.2\jackson-databind-2.15.2.jar;C:\Users\1556\.m2\repository\com\fasterxml\jackson\core\jackson-annotations\2.15.2\jackson-annotations-2.15.2.jar;C:\Users\1556\.m2\repository\commons-codec\commons-codec\1.16.0\commons-codec-1.16.0.jar;C:\Users\1556\.m2\repository\commons-io\commons-io\2.11.0\commons-io-2.11.0.jar;C:\Users\1556\.m2\repository\org\apache\httpcomponents\httpclient\4.5.13\httpclient-4.5.13.jar;C:\Users\1556\.m2\repository\org\apache\httpcomponents\httpcore\4.4.13\httpcore-4.4.13.jar;C:\Users\1556\.m2\repository\commons-logging\commons-logging\1.2\commons-logging-1.2.jar;C:\Users\1556\.m2\repository\org\seleniumhq\selenium\selenium-api\4.12.0\selenium-api-4.12.0.jar;C:\Users\1556\.m2\repository\org\seleniumhq\selenium\selenium-support\4.12.0\selenium-support-4.12.0.jar;C:\Users\1556\.m2\repository\com\google\auto\service\auto-service-annotations\1.1.1\auto-service-annotations-1.1.1.jar;C:\Users\1556\.m2\repository\org\seleniumhq\selenium\selenium-json\4.12.0\selenium-json-4.12.0.jar;C:\Users\1556\.m2\repository\org\seleniumhq\selenium\selenium-chrome-driver\4.12.0\selenium-chrome-driver-4.12.0.jar;C:\Users\1556\.m2\repository\org\seleniumhq\selenium\selenium-chromium-driver\4.12.0\selenium-chromium-driver-4.12.0.jar;C:\Users\1556\.m2\repository\org\seleniumhq\selenium\selenium-manager\4.12.0\selenium-manager-4.12.0.jar;C:\Users\1556\.m2\repository\org\seleniumhq\selenium\selenium-firefox-driver\4.12.0\selenium-firefox-driver-4.12.0.jar;C:\Users\1556\.m2\repository\org\seleniumhq\selenium\selenium-http\4.12.0\selenium-http-4.12.0.jar;C:\Users\1556\.m2\repository\dev\failsafe\failsafe\3.3.2\failsafe-3.3.2.jar;C:\Users\1556\.m2\repository\org\seleniumhq\selenium\selenium-edge-driver\4.12.0\selenium-edge-driver-4.12.0.jar;C:\Users\1556\.m2\repository\org\seleniumhq\selenium\selenium-ie-driver\4.12.0\selenium-ie-driver-4.12.0.jar;C:\Users\1556\.m2\repository\org\projectlombok\lombok\1.18.20\lombok-1.18.20.jar;C:\Users\1556\.m2\repository\org\htmlunit\htmlunit\3.4.0\htmlunit-3.4.0.jar;C:\Users\1556\.m2\repository\org\apache\httpcomponents\httpmime\4.5.14\httpmime-4.5.14.jar;C:\Users\1556\.m2\repository\org\htmlunit\htmlunit-core-js\3.4.0\htmlunit-core-js-3.4.0.jar;C:\Users\1556\.m2\repository\org\htmlunit\neko-htmlunit\3.4.0\neko-htmlunit-3.4.0.jar;C:\Users\1556\.m2\repository\org\htmlunit\htmlunit-cssparser\3.4.0\htmlunit-cssparser-3.4.0.jar;C:\Users\1556\.m2\repository\org\htmlunit\htmlunit-xpath\3.4.0\htmlunit-xpath-3.4.0.jar;C:\Users\1556\.m2\repository\org\brotli\dec\0.1.2\dec-0.1.2.jar;C:\Users\1556\.m2\repository\com\shapesecurity\salvation2\3.0.1\salvation2-3.0.1.jar;C:\Users\1556\.m2\repository\org\eclipse\jetty\websocket\websocket-client\9.4.51.v20230217\websocket-client-9.4.51.v20230217.jar;C:\Users\1556\.m2\repository\org\eclipse\jetty\jetty-client\9.4.51.v20230217\jetty-client-9.4.51.v20230217.jar;C:\Users\1556\.m2\repository\org\eclipse\jetty\jetty-http\9.4.51.v20230217\jetty-http-9.4.51.v20230217.jar;C:\Users\1556\.m2\repository\org\eclipse\jetty\jetty-util\9.4.51.v20230217\jetty-util-9.4.51.v20230217.jar;C:\Users\1556\.m2\repository\org\eclipse\jetty\jetty-io\9.4.51.v20230217\jetty-io-9.4.51.v20230217.jar;C:\Users\1556\.m2\repository\org\eclipse\jetty\websocket\websocket-common\9.4.51.v20230217\websocket-common-9.4.51.v20230217.jar;C:\Users\1556\.m2\repository\org\eclipse\jetty\websocket\websocket-api\9.4.51.v20230217\websocket-api-9.4.51.v20230217.jar;C:\Users\1556\.m2\repository\org\seleniumhq\selenium\htmlunit3-driver\4.10.0\htmlunit3-driver-4.10.0.jar;C:\Users\1556\.m2\repository\org\apache\groovy\groovy\4.0.13\groovy-4.0.13.jar;C:\Users\1556\.m2\repository\net\sf\opencsv\opencsv\2.0\opencsv-2.0.jar;C:\Users\1556\.m2\repository\commons-beanutils\commons-beanutils\1.9.4\commons-beanutils-1.9.4.jar;C:\Users\1556\.m2\repository\commons-collections\commons-collections\3.2.2\commons-collections-3.2.2.jar;C:\Users\1556\.m2\repository\org\apache\commons\commons-lang3\3.13.0\commons-lang3-3.13.0.jar;C:\Users\1556\.m2\repository\org\apache\commons\commons-collections4\4.4\commons-collections4-4.4.jar;C:\Users\1556\.m2\repository\org\fluentlenium\fluentlenium-core\0.10.2\fluentlenium-core-0.10.2.jar;C:\Users\1556\.m2\repository\com\jhlabs\filters\2.0.235\filters-2.0.235.jar;C:\Users\1556\.m2\repository\com\paulhammant\ngwebdriver\1.1.6\ngwebdriver-1.1.6.jar;C:\Users\1556\.m2\repository\joda-time\joda-time\2.12.2\joda-time-2.12.2.jar;C:\Users\1556\.m2\repository\org\hamcrest\hamcrest\2.2\hamcrest-2.2.jar;C:\Users\1556\.m2\repository\com\google\jimfs\jimfs\1.3.0\jimfs-1.3.0.jar;C:\Users\1556\.m2\repository\org\mockito\mockito-core\3.3.3\mockito-core-3.3.3.jar;C:\Users\1556\.m2\repository\org\assertj\assertj-core\3.24.2\assertj-core-3.24.2.jar;C:\Users\1556\.m2\repository\javax\xml\bind\jaxb-api\2.3.1\jaxb-api-2.3.1.jar;C:\Users\1556\.m2\repository\javax\activation\javax.activation-api\1.2.0\javax.activation-api-1.2.0.jar;C:\Users\1556\.m2\repository\com\sun\xml\bind\jaxb-core\2.3.0.1\jaxb-core-2.3.0.1.jar;C:\Users\1556\.m2\repository\com\sun\xml\bind\jaxb-impl\2.3.3\jaxb-impl-2.3.3.jar;C:\Users\1556\.m2\repository\com\sun\activation\jakarta.activation\1.2.2\jakarta.activation-1.2.2.jar;C:\Users\1556\.m2\repository\javax\activation\activation\1.1.1\activation-1.1.1.jar;C:\Users\1556\.m2\repository\net\serenity-bdd\serenity-junit\4.0.0\serenity-junit-4.0.0.jar;C:\Users\1556\.m2\repository\junit\junit\4.13.2\junit-4.13.2.jar;C:\Users\1556\.m2\repository\jakarta\xml\bind\jakarta.xml.bind-api\4.0.0\jakarta.xml.bind-api-4.0.0.jar;C:\Users\1556\.m2\repository\jakarta\activation\jakarta.activation-api\2.1.0\jakarta.activation-api-2.1.0.jar;C:\Users\1556\.m2\repository\net\serenity-bdd\serenity-cucumber\4.0.0\serenity-cucumber-4.0.0.jar;C:\Users\1556\.m2\repository\net\serenity-bdd\serenity-screenplay\4.0.0\serenity-screenplay-4.0.0.jar;C:\Users\1556\.m2\repository\net\serenity-bdd\serenity-screenplay-webdriver\4.0.0\serenity-screenplay-webdriver-4.0.0.jar;C:\Users\1556\.m2\repository\io\cucumber\cucumber-core\7.13.0\cucumber-core-7.13.0.jar;C:\Users\1556\.m2\repository\io\cucumber\cucumber-gherkin\7.13.0\cucumber-gherkin-7.13.0.jar;C:\Users\1556\.m2\repository\io\cucumber\cucumber-gherkin-messages\7.13.0\cucumber-gherkin-messages-7.13.0.jar;C:\Users\1556\.m2\repository\io\cucumber\gherkin\26.2.0\gherkin-26.2.0.jar;C:\Users\1556\.m2\repository\io\cucumber\messages\22.0.0\messages-22.0.0.jar;C:\Users\1556\.m2\repository\io\cucumber\tag-expressions\5.0.1\tag-expressions-5.0.1.jar;C:\Users\1556\.m2\repository\io\cucumber\cucumber-expressions\16.1.2\cucumber-expressions-16.1.2.jar;C:\Users\1556\.m2\repository\io\cucumber\datatable\7.13.0\datatable-7.13.0.jar;C:\Users\1556\.m2\repository\io\cucumber\cucumber-plugin\7.13.0\cucumber-plugin-7.13.0.jar;C:\Users\1556\.m2\repository\io\cucumber\docstring\7.13.0\docstring-7.13.0.jar;C:\Users\1556\.m2\repository\io\cucumber\html-formatter\20.3.1\html-formatter-20.3.1.jar;C:\Users\1556\.m2\repository\io\cucumber\junit-xml-formatter\0.2.0\junit-xml-formatter-0.2.0.jar;C:\Users\1556\.m2\repository\io\cucumber\ci-environment\9.2.0\ci-environment-9.2.0.jar;C:\Users\1556\.m2\repository\io\cucumber\cucumber-java\7.13.0\cucumber-java-7.13.0.jar;C:\Users\1556\.m2\repository\io\cucumber\cucumber-junit\7.13.0\cucumber-junit-7.13.0.jar;C:\Users\1556\.m2\repository\org\apiguardian\apiguardian-api\1.1.2\apiguardian-api-1.1.2.jar;C:\Users\1556\.m2\repository\org\apache\commons\commons-csv\1.5\commons-csv-1.5.jar;C:\Users\1556\.m2\repository\org\seleniumhq\selenium\selenium-java\4.12.0\selenium-java-4.12.0.jar;C:\Users\1556\.m2\repository\org\seleniumhq\selenium\selenium-devtools-v114\4.12.0\selenium-devtools-v114-4.12.0.jar;C:\Users\1556\.m2\repository\org\seleniumhq\selenium\selenium-devtools-v115\4.12.0\selenium-devtools-v115-4.12.0.jar;C:\Users\1556\.m2\repository\org\seleniumhq\selenium\selenium-devtools-v116\4.12.0\selenium-devtools-v116-4.12.0.jar;C:\Users\1556\.m2\repository\org\seleniumhq\selenium\selenium-devtools-v85\4.12.0\selenium-devtools-v85-4.12.0.jar;C:\Users\1556\.m2\repository\org\seleniumhq\selenium\selenium-remote-driver\4.12.0\selenium-remote-driver-4.12.0.jar;C:\Users\1556\.m2\repository\io\netty\netty-buffer\4.1.96.Final\netty-buffer-4.1.96.Final.jar;C:\Users\1556\.m2\repository\io\netty\netty-codec-http\4.1.96.Final\netty-codec-http-4.1.96.Final.jar;C:\Users\1556\.m2\repository\io\netty\netty-codec\4.1.96.Final\netty-codec-4.1.96.Final.jar;C:\Users\1556\.m2\repository\io\netty\netty-handler\4.1.96.Final\netty-handler-4.1.96.Final.jar;C:\Users\1556\.m2\repository\io\netty\netty-common\4.1.96.Final\netty-common-4.1.96.Final.jar;C:\Users\1556\.m2\repository\io\netty\netty-transport-classes-epoll\4.1.96.Final\netty-transport-classes-epoll-4.1.96.Final.jar;C:\Users\1556\.m2\repository\io\netty\netty-transport-classes-kqueue\4.1.96.Final\netty-transport-classes-kqueue-4.1.96.Final.jar;C:\Users\1556\.m2\repository\io\netty\netty-transport-native-epoll\4.1.96.Final\netty-transport-native-epoll-4.1.96.Final.jar;C:\Users\1556\.m2\repository\io\netty\netty-transport-native-kqueue\4.1.96.Final\netty-transport-native-kqueue-4.1.96.Final.jar;C:\Users\1556\.m2\repository\io\netty\netty-transport-native-unix-common\4.1.96.Final\netty-transport-native-unix-common-4.1.96.Final.jar;C:\Users\1556\.m2\repository\io\netty\netty-transport\4.1.96.Final\netty-transport-4.1.96.Final.jar;C:\Users\1556\.m2\repository\io\netty\netty-resolver\4.1.96.Final\netty-resolver-4.1.96.Final.jar;C:\Users\1556\.m2\repository\io\opentelemetry\opentelemetry-api\1.28.0\opentelemetry-api-1.28.0.jar;C:\Users\1556\.m2\repository\io\opentelemetry\opentelemetry-context\1.28.0\opentelemetry-context-1.28.0.jar;C:\Users\1556\.m2\repository\io\opentelemetry\opentelemetry-exporter-logging\1.28.0\opentelemetry-exporter-logging-1.28.0.jar;C:\Users\1556\.m2\repository\io\opentelemetry\opentelemetry-sdk-metrics\1.28.0\opentelemetry-sdk-metrics-1.28.0.jar;C:\Users\1556\.m2\repository\io\opentelemetry\opentelemetry-extension-incubator\1.28.0-alpha\opentelemetry-extension-incubator-1.28.0-alpha.jar;C:\Users\1556\.m2\repository\io\opentelemetry\opentelemetry-sdk-logs\1.28.0\opentelemetry-sdk-logs-1.28.0.jar;C:\Users\1556\.m2\repository\io\opentelemetry\opentelemetry-sdk-common\1.28.0\opentelemetry-sdk-common-1.28.0.jar;C:\Users\1556\.m2\repository\io\opentelemetry\opentelemetry-sdk-extension-autoconfigure-spi\1.28.0\opentelemetry-sdk-extension-autoconfigure-spi-1.28.0.jar;C:\Users\1556\.m2\repository\io\opentelemetry\opentelemetry-sdk-extension-autoconfigure\1.28.0\opentelemetry-sdk-extension-autoconfigure-1.28.0.jar;C:\Users\1556\.m2\repository\io\opentelemetry\opentelemetry-api-events\1.28.0-alpha\opentelemetry-api-events-1.28.0-alpha.jar;C:\Users\1556\.m2\repository\io\opentelemetry\opentelemetry-sdk-trace\1.28.0\opentelemetry-sdk-trace-1.28.0.jar;C:\Users\1556\.m2\repository\io\opentelemetry\opentelemetry-sdk\1.28.0\opentelemetry-sdk-1.28.0.jar;C:\Users\1556\.m2\repository\io\opentelemetry\opentelemetry-semconv\1.28.0-alpha\opentelemetry-semconv-1.28.0-alpha.jar;C:\Users\1556\.m2\repository\org\asynchttpclient\async-http-client\2.12.3\async-http-client-2.12.3.jar;C:\Users\1556\.m2\repository\org\asynchttpclient\async-http-client-netty-utils\2.12.3\async-http-client-netty-utils-2.12.3.jar;C:\Users\1556\.m2\repository\io\netty\netty-codec-socks\4.1.60.Final\netty-codec-socks-4.1.60.Final.jar;C:\Users\1556\.m2\repository\io\netty\netty-handler-proxy\4.1.60.Final\netty-handler-proxy-4.1.60.Final.jar;C:\Users\1556\.m2\repository\io\netty\netty-transport-native-epoll\4.1.60.Final\netty-transport-native-epoll-4.1.60.Final-linux-x86_64.jar;C:\Users\1556\.m2\repository\io\netty\netty-transport-native-kqueue\4.1.60.Final\netty-transport-native-kqueue-4.1.60.Final-osx-x86_64.jar;C:\Users\1556\.m2\repository\org\reactivestreams\reactive-streams\1.0.3\reactive-streams-1.0.3.jar;C:\Users\1556\.m2\repository\com\typesafe\netty\netty-reactive-streams\2.0.4\netty-reactive-streams-2.0.4.jar;C:\Users\1556\.m2\repository\org\seleniumhq\selenium\selenium-os\4.12.0\selenium-os-4.12.0.jar;C:\Users\1556\.m2\repository\org\apache\commons\commons-exec\1.3\commons-exec-1.3.jar;C:\Users\1556\.m2\repository\org\seleniumhq\selenium\selenium-safari-driver\4.12.0\selenium-safari-driver-4.12.0.jar;C:\Users\1556\.m2\repository\io\appium\java-client\8.5.1\java-client-8.5.1.jar;C:\Users\1556\.m2\repository\commons-validator\commons-validator\1.7\commons-validator-1.7.jar;C:\Users\1556\.m2\repository\commons-digester\commons-digester\2.1\commons-digester-2.1.jar;"/>
    <property name="sun.cpu.endian" value="little"/>
    <property name="user.home" value="C:\Users\1556"/>
    <property name="user.language" value="en"/>
    <property name="java.specification.vendor" value="Oracle Corporation"/>
    <property name="java.version.date" value="2022-01-18"/>
    <property name="java.home" value="C:\Program Files\Java\jdk-17.0.2"/>
    <property name="file.separator" value="\"/>
    <property name="basedir" value="C:\Users\1556\Documents\SerenityBDDFramework-Complete\FlipBoardMobile"/>
    <property name="java.vm.compressedOopsMode" value="Zero based"/>
    <property name="line.separator" value="&#10;"/>
    <property name="java.vm.specification.vendor" value="Oracle Corporation"/>
    <property name="java.specification.name" value="Java Platform API Specification"/>
    <property name="surefire.real.class.path" value="C:\Users\1556\AppData\Local\Temp\surefire16359894231264621256\surefirebooter-20230929171108936_3.jar"/>
    <property name="user.script" value=""/>
    <property name="sun.management.compiler" value="HotSpot 64-Bit Tiered Compilers"/>
    <property name="java.runtime.version" value="17.0.2+8-LTS-86"/>
    <property name="user.name" value="1556"/>
    <property name="path.separator" value=";"/>
    <property name="os.version" value="10.0"/>
    <property name="java.runtime.name" value="Java(TM) SE Runtime Environment"/>
    <property name="file.encoding" value="Cp1252"/>
    <property name="java.vm.name" value="Java HotSpot(TM) 64-Bit Server VM"/>
    <property name="localRepository" value="C:\Users\1556\.m2\repository"/>
    <property name="java.vendor.url.bug" value="https://bugreport.java.com/bugreport/"/>
    <property name="java.io.tmpdir" value="C:\Users\1556\AppData\Local\Temp\"/>
    <property name="java.version" value="17.0.2"/>
    <property name="user.dir" value="C:\Users\1556\Documents\SerenityBDDFramework-Complete\FlipBoardMobile"/>
    <property name="os.arch" value="amd64"/>
    <property name="java.vm.specification.name" value="Java Virtual Machine Specification"/>
    <property name="sun.os.patch.level" value=""/>
    <property name="native.encoding" value="Cp1252"/>
    <property name="java.library.path" value="C:\Program Files\Java\jdk-17.0.2\bin;C:\WINDOWS\Sun\Java\bin;C:\WINDOWS\system32;C:\WINDOWS;C:\Program Files\Common Files\Oracle\Java\javapath;C:\WINDOWS\system32;C:\WINDOWS;C:\WINDOWS\System32\Wbem;C:\WINDOWS\System32\WindowsPowerShell\v1.0\;C:\WINDOWS\System32\OpenSSH\;C:\Program Files\Microsoft SQL Server\Client SDK\ODBC\170\Tools\Binn\;C:\Program Files (x86)\Microsoft SQL Server\150\Tools\Binn\;C:\Program Files\Microsoft SQL Server\150\Tools\Binn\;C:\Program Files\Microsoft SQL Server\150\DTS\Binn\;C:\Program Files (x86)\Microsoft SQL Server\150\DTS\Binn\;C:\Program Files\Java\jdk-17.0.2\bin;C:\Users\1556\Downloads\Spring\apache-maven-3.8.6-bin\apache-maven-3.8.6\bin;C:\Program Files\Git\cmd;C:\Program Files\nodejs\;C:\Users\1556\AppData\Local\Android\android-sdk\tools;C:\Users\1556\AppData\Local\Android\android-sdk\platform-tools;C:\Users\1556\AppData\Local\Microsoft\WindowsApps;;C:\Program Files\JetBrains\IntelliJ IDEA Community Edition 2022.1.3\bin;;C:\Users\1556\AppData\Local\Programs\Microsoft VS Code\bin;C:\Users\1556\AppData\Roaming\npm;."/>
    <property name="java.vm.info" value="mixed mode, sharing"/>
    <property name="java.vendor" value="Oracle Corporation"/>
    <property name="java.vm.version" value="17.0.2+8-LTS-86"/>
    <property name="sun.io.unicode.encoding" value="UnicodeLittle"/>
    <property name="java.class.version" value="61.0"/>
  </properties>
  <testcase name="Access without login" classname="Access Home Page Without Login" time="38.152">
    <system-out><![CDATA[AWAL MULAI
&amp#27;[35m[Appium]&amp#27;[39m Welcome to Appium v2.1.3
&amp#27;[35m[Appium]&amp#27;[39m Non-default server args:
&amp#27;[35m[Appium]&amp#27;[39m { localTimezone: &amp#27;[33mtrue&amp#27;[39m }
&amp#27;[35m[Appium]&amp#27;[39m Attempting to load driver uiautomator2...
[debug] &amp#27;[35m[Appium]&amp#27;[39m Requiring driver at C:\Users\1556\.appium\node_modules\appium-uiautomator2-driver
&amp#27;[35m[Appium]&amp#27;[39m Appium REST http interface listener started on http://0.0.0.0:4723
&amp#27;[35m[Appium]&amp#27;[39m You can provide the following URLs in your client code to connect to this server:
&amp#27;[35m[Appium]&amp#27;[39m 	http://192.168.3.59:4723/
&amp#27;[35m[Appium]&amp#27;[39m 	http://127.0.0.1:4723/ (only accessible from the same host)
&amp#27;[35m[Appium]&amp#27;[39m Available drivers:
&amp#27;[35m[Appium]&amp#27;[39m   - uiautomator2@2.29.10 (automationName 'UiAutomator2')
&amp#27;[35m[Appium]&amp#27;[39m No plugins have been installed. Use the "appium plugin" command to install the one(s) you want to use.
&amp#27;[38;5;0m[HTTP]&amp#27;[0m &amp#27;[37m-->&amp#27;[39m &amp#27;[37mGET&amp#27;[39m &amp#27;[37m/status&amp#27;[39m
&amp#27;[38;5;0m[HTTP]&amp#27;[0m &amp#27;[90m{}&amp#27;[39m
[debug] &amp#27;[38;5;16m[AppiumDriver@79f3]&amp#27;[0m Calling AppiumDriver.getStatus() with args: []
[debug] &amp#27;[38;5;16m[AppiumDriver@79f3]&amp#27;[0m Responding to client with driver.getStatus() result: {"ready":true,"message":"The server is ready to accept new connections","build":{"version":"2.1.3"}}
&amp#27;[38;5;0m[HTTP]&amp#27;[0m &amp#27;[37m<-- GET /status &amp#27;[39m&amp#27;[32m200&amp#27;[39m &amp#27;[90m8 ms - 110&amp#27;[39m
&amp#27;[38;5;0m[HTTP]&amp#27;[0m &amp#27;[90m&amp#27;[39m
[debug] &amp#27;[38;5;0m[HTTP]&amp#27;[0m Request idempotency key: 7a921fd6-0560-40aa-94c2-23a9b3950a69
&amp#27;[38;5;0m[HTTP]&amp#27;[0m &amp#27;[37m-->&amp#27;[39m &amp#27;[37mPOST&amp#27;[39m &amp#27;[37m/session&amp#27;[39m
&amp#27;[38;5;0m[HTTP]&amp#27;[0m &amp#27;[90m{"capabilities":{"firstMatch":[{}],"alwaysMatch":{"appium:app":"C:\\Users\\1556\\Documents\\SerenityBDDFramework-Complete\\FlipBoardMobile//src/test/resources/apkFile/flipboard.apk","appium:appActivity":"flipboard.activities.LaunchActivityAlias","appium:appPackage":"flipboard.app","appium:automationName":"UiAutomator2","appium:deviceName":"Maryo","appium:hub":"http://127.0.0.1:4723/","appium:platformVersion":"13.0.0","platformName":"ANDROID"}}}&amp#27;[39m
[debug] &amp#27;[38;5;16m[AppiumDriver@79f3]&amp#27;[0m Calling AppiumDriver.createSession() with args: [null,null,{"firstMatch":[{}],"alwaysMatch":{"appium:app":"C:\\Users\\1556\\Documents\\SerenityBDDFramework-Complete\\FlipBoardMobile//src/test/resources/apkFile/flipboard.apk","appium:appActivity":"flipboard.activities.LaunchActivityAlias","appium:appPackage":"flipboard.app","appium:automationName":"UiAutomator2","appium:deviceName":"Maryo","appium:hub":"http://127.0.0.1:4723/","appium:platformVersion":"13.0.0","platformName":"ANDROID"}}]
[debug] &amp#27;[38;5;16m[AppiumDriver@79f3]&amp#27;[0m Event 'newSessionRequested' logged at 1695982290815 (17:11:30 GMT+0700 (Western Indonesia Time))
&amp#27;[35m[Appium]&amp#27;[39m Attempting to find matching driver for automationName 'UiAutomator2' and platformName 'ANDROID'
&amp#27;[35m[Appium]&amp#27;[39m The 'uiautomator2' driver was installed and matched caps.
&amp#27;[35m[Appium]&amp#27;[39m Will require it at C:\Users\1556\.appium\node_modules\appium-uiautomator2-driver
[debug] &amp#27;[35m[Appium]&amp#27;[39m Requiring driver at C:\Users\1556\.appium\node_modules\appium-uiautomator2-driver
&amp#27;[38;5;16m[AppiumDriver@79f3]&amp#27;[0m Appium v2.1.3 creating new AndroidUiautomator2Driver (v2.29.10) session
&amp#27;[38;5;16m[AppiumDriver@79f3]&amp#27;[0m Checking BaseDriver versions for Appium and AndroidUiautomator2Driver
&amp#27;[38;5;16m[AppiumDriver@79f3]&amp#27;[0m Appium's BaseDriver version is 9.3.20
&amp#27;[38;5;16m[AppiumDriver@79f3]&amp#27;[0m AndroidUiautomator2Driver's BaseDriver version is 9.3.20
[debug] &amp#27;[38;5;32m[AndroidUiautomator2Driver@11e1]&amp#27;[0m Creating session with W3C capabilities: {
[debug] &amp#27;[38;5;32m[AndroidUiautomator2Driver@11e1]&amp#27;[0m   "alwaysMatch": {
[debug] &amp#27;[38;5;32m[AndroidUiautomator2Driver@11e1]&amp#27;[0m     "platformName": "ANDROID",
[debug] &amp#27;[38;5;32m[AndroidUiautomator2Driver@11e1]&amp#27;[0m     "appium:app": "C:\\Users\\1556\\Documents\\SerenityBDDFramework-Complete\\FlipBoardMobile//src/test/resources/apkFile/flipboard.apk",
[debug] &amp#27;[38;5;32m[AndroidUiautomator2Driver@11e1]&amp#27;[0m     "appium:appActivity": "flipboard.activities.LaunchActivityAlias",
[debug] &amp#27;[38;5;32m[AndroidUiautomator2Driver@11e1]&amp#27;[0m     "appium:appPackage": "flipboard.app",
[debug] &amp#27;[38;5;32m[AndroidUiautomator2Driver@11e1]&amp#27;[0m     "appium:automationName": "UiAutomator2",
[debug] &amp#27;[38;5;32m[AndroidUiautomator2Driver@11e1]&amp#27;[0m     "appium:deviceName": "Maryo",
[debug] &amp#27;[38;5;32m[AndroidUiautomator2Driver@11e1]&amp#27;[0m     "appium:hub": "http://127.0.0.1:4723/",
[debug] &amp#27;[38;5;32m[AndroidUiautomator2Driver@11e1]&amp#27;[0m     "appium:platformVersion": "13.0.0"
[debug] &amp#27;[38;5;32m[AndroidUiautomator2Driver@11e1]&amp#27;[0m   },
[debug] &amp#27;[38;5;32m[AndroidUiautomator2Driver@11e1]&amp#27;[0m   "firstMatch": [
[debug] &amp#27;[38;5;32m[AndroidUiautomator2Driver@11e1]&amp#27;[0m     {}
[debug] &amp#27;[38;5;32m[AndroidUiautomator2Driver@11e1]&amp#27;[0m   ]
[debug] &amp#27;[38;5;32m[AndroidUiautomator2Driver@11e1]&amp#27;[0m }
&amp#27;[38;5;32m[AndroidUiautomator2Driver@11e1]&amp#27;[0m The following capabilities were provided, but are not recognized by Appium:
&amp#27;[38;5;32m[AndroidUiautomator2Driver@11e1]&amp#27;[0m   deviceName
&amp#27;[38;5;32m[AndroidUiautomator2Driver@11e1]&amp#27;[0m   hub
&amp#27;[38;5;32m[AndroidUiautomator2Driver@11e1 (658d456f)]&amp#27;[0m Session created with session id: 658d456f-f9b8-40d8-a4be-9c90fa92daf8
&amp#27;[38;5;48m[BaseDriver]&amp#27;[0m Using local app 'C:\Users\1556\Documents\SerenityBDDFramework-Complete\FlipBoardMobile//src/test/resources/apkFile/flipboard.apk'
[debug] &amp#27;[38;5;32m[AndroidUiautomator2Driver@11e1 (658d456f)]&amp#27;[0m Checking whether app is actually present
&amp#27;[38;5;64m[ADB]&amp#27;[0m Found 31 'build-tools' folders under 'C:\Users\1556\AppData\Local\Android\android-sdk' (newest first):
&amp#27;[38;5;64m[ADB]&amp#27;[0m     C:\Users\1556\AppData\Local\Android\android-sdk\build-tools\29.0.3
&amp#27;[38;5;64m[ADB]&amp#27;[0m     C:\Users\1556\AppData\Local\Android\android-sdk\build-tools\29.0.2
&amp#27;[38;5;64m[ADB]&amp#27;[0m     C:\Users\1556\AppData\Local\Android\android-sdk\build-tools\29.0.1
&amp#27;[38;5;64m[ADB]&amp#27;[0m     C:\Users\1556\AppData\Local\Android\android-sdk\build-tools\29.0.0
&amp#27;[38;5;64m[ADB]&amp#27;[0m     C:\Users\1556\AppData\Local\Android\android-sdk\build-tools\28.0.3
&amp#27;[38;5;64m[ADB]&amp#27;[0m     C:\Users\1556\AppData\Local\Android\android-sdk\build-tools\28.0.2
&amp#27;[38;5;64m[ADB]&amp#27;[0m     C:\Users\1556\AppData\Local\Android\android-sdk\build-tools\28.0.1
&amp#27;[38;5;64m[ADB]&amp#27;[0m     C:\Users\1556\AppData\Local\Android\android-sdk\build-tools\28.0.0
&amp#27;[38;5;64m[ADB]&amp#27;[0m     C:\Users\1556\AppData\Local\Android\android-sdk\build-tools\27.0.3
&amp#27;[38;5;64m[ADB]&amp#27;[0m     C:\Users\1556\AppData\Local\Android\android-sdk\build-tools\27.0.2
&amp#27;[38;5;64m[ADB]&amp#27;[0m     C:\Users\1556\AppData\Local\Android\android-sdk\build-tools\27.0.1
&amp#27;[38;5;64m[ADB]&amp#27;[0m     C:\Users\1556\AppData\Local\Android\android-sdk\build-tools\27.0.0
&amp#27;[38;5;64m[ADB]&amp#27;[0m     C:\Users\1556\AppData\Local\Android\android-sdk\build-tools\26.0.3
&amp#27;[38;5;64m[ADB]&amp#27;[0m     C:\Users\1556\AppData\Local\Android\android-sdk\build-tools\26.0.2
&amp#27;[38;5;64m[ADB]&amp#27;[0m     C:\Users\1556\AppData\Local\Android\android-sdk\build-tools\26.0.1
&amp#27;[38;5;64m[ADB]&amp#27;[0m     C:\Users\1556\AppData\Local\Android\android-sdk\build-tools\26.0.0
&amp#27;[38;5;64m[ADB]&amp#27;[0m     C:\Users\1556\AppData\Local\Android\android-sdk\build-tools\25.0.3
&amp#27;[38;5;64m[ADB]&amp#27;[0m     C:\Users\1556\AppData\Local\Android\android-sdk\build-tools\25.0.2
&amp#27;[38;5;64m[ADB]&amp#27;[0m     C:\Users\1556\AppData\Local\Android\android-sdk\build-tools\25.0.1
&amp#27;[38;5;64m[ADB]&amp#27;[0m     C:\Users\1556\AppData\Local\Android\android-sdk\build-tools\25.0.0
&amp#27;[38;5;64m[ADB]&amp#27;[0m     C:\Users\1556\AppData\Local\Android\android-sdk\build-tools\24.0.3
&amp#27;[38;5;64m[ADB]&amp#27;[0m     C:\Users\1556\AppData\Local\Android\android-sdk\build-tools\24.0.2
&amp#27;[38;5;64m[ADB]&amp#27;[0m     C:\Users\1556\AppData\Local\Android\android-sdk\build-tools\24.0.1
&amp#27;[38;5;64m[ADB]&amp#27;[0m     C:\Users\1556\AppData\Local\Android\android-sdk\build-tools\24.0.0
&amp#27;[38;5;64m[ADB]&amp#27;[0m     C:\Users\1556\AppData\Local\Android\android-sdk\build-tools\23.0.3
&amp#27;[38;5;64m[ADB]&amp#27;[0m     C:\Users\1556\AppData\Local\Android\android-sdk\build-tools\23.0.2
&amp#27;[38;5;64m[ADB]&amp#27;[0m     C:\Users\1556\AppData\Local\Android\android-sdk\build-tools\23.0.1
&amp#27;[38;5;64m[ADB]&amp#27;[0m     C:\Users\1556\AppData\Local\Android\android-sdk\build-tools\22.0.1
&amp#27;[38;5;64m[ADB]&amp#27;[0m     C:\Users\1556\AppData\Local\Android\android-sdk\build-tools\21.1.2
&amp#27;[38;5;64m[ADB]&amp#27;[0m     C:\Users\1556\AppData\Local\Android\android-sdk\build-tools\20.0.0
&amp#27;[38;5;64m[ADB]&amp#27;[0m     C:\Users\1556\AppData\Local\Android\android-sdk\build-tools\19.1.0
&amp#27;[38;5;64m[ADB]&amp#27;[0m Using 'adb.exe' from 'C:\Users\1556\AppData\Local\Android\android-sdk\platform-tools\adb.exe'
[debug] &amp#27;[38;5;64m[ADB]&amp#27;[0m Running 'C:\Users\1556\AppData\Local\Android\android-sdk\platform-tools\adb.exe -P 5037 start-server'
&amp#27;[38;5;80m[AndroidDriver]&amp#27;[0m Retrieving device list
[debug] &amp#27;[38;5;64m[ADB]&amp#27;[0m Trying to find connected Android devices
[debug] &amp#27;[38;5;64m[ADB]&amp#27;[0m Getting connected devices
[debug] &amp#27;[38;5;64m[ADB]&amp#27;[0m Connected devices: [{"udid":"SK5DMBEUOBU4LNAU","state":"device"}]
&amp#27;[38;5;80m[AndroidDriver]&amp#27;[0m Looking for a device with Android '13.0.0'
[debug] &amp#27;[38;5;64m[ADB]&amp#27;[0m Setting device id to SK5DMBEUOBU4LNAU
&amp#27;[38;5;64m[ADB]&amp#27;[0m Getting device platform version
[debug] &amp#27;[38;5;64m[ADB]&amp#27;[0m Running 'C:\Users\1556\AppData\Local\Android\android-sdk\platform-tools\adb.exe -P 5037 -s SK5DMBEUOBU4LNAU shell getprop ro.build.version.release'
[debug] &amp#27;[38;5;64m[ADB]&amp#27;[0m Current device property 'ro.build.version.release': 13
&amp#27;[38;5;80m[AndroidDriver]&amp#27;[0m Using device: SK5DMBEUOBU4LNAU
&amp#27;[38;5;64m[ADB]&amp#27;[0m Using 'adb.exe' from 'C:\Users\1556\AppData\Local\Android\android-sdk\platform-tools\adb.exe'
[debug] &amp#27;[38;5;64m[ADB]&amp#27;[0m Running 'C:\Users\1556\AppData\Local\Android\android-sdk\platform-tools\adb.exe -P 5037 start-server'
[debug] &amp#27;[38;5;64m[ADB]&amp#27;[0m Setting device id to SK5DMBEUOBU4LNAU
[debug] &amp#27;[38;5;64m[ADB]&amp#27;[0m Running 'C:\Users\1556\AppData\Local\Android\android-sdk\platform-tools\adb.exe -P 5037 -s SK5DMBEUOBU4LNAU shell getprop ro.build.version.sdk'
[debug] &amp#27;[38;5;64m[ADB]&amp#27;[0m Current device property 'ro.build.version.sdk': 33
&amp#27;[38;5;64m[ADB]&amp#27;[0m Getting device platform version
[debug] &amp#27;[38;5;64m[ADB]&amp#27;[0m Running 'C:\Users\1556\AppData\Local\Android\android-sdk\platform-tools\adb.exe -P 5037 -s SK5DMBEUOBU4LNAU shell getprop ro.build.version.release'
[debug] &amp#27;[38;5;64m[ADB]&amp#27;[0m Current device property 'ro.build.version.release': 13
[debug] &amp#27;[38;5;64m[ADB]&amp#27;[0m Device API level: 33
&amp#27;[38;5;32m[AndroidUiautomator2Driver@11e1 (658d456f)]&amp#27;[0m Relaxing hidden api policy
[debug] &amp#27;[38;5;64m[ADB]&amp#27;[0m Running 'C:\Users\1556\AppData\Local\Android\android-sdk\platform-tools\adb.exe -P 5037 -s SK5DMBEUOBU4LNAU shell 'settings put global hidden_api_policy_pre_p_apps 1;settings put global hidden_api_policy_p_apps 1;settings put global hidden_api_policy 1''
[debug] &amp#27;[38;5;80m[AndroidDriver]&amp#27;[0m Pushing settings apk to device...
[debug] &amp#27;[38;5;64m[ADB]&amp#27;[0m Getting package info for 'io.appium.settings'
[debug] &amp#27;[38;5;64m[ADB]&amp#27;[0m Running 'C:\Users\1556\AppData\Local\Android\android-sdk\platform-tools\adb.exe -P 5037 -s SK5DMBEUOBU4LNAU shell dumpsys package io.appium.settings'
[debug] &amp#27;[38;5;64m[ADB]&amp#27;[0m The version name of the installed 'io.appium.settings' is greater or equal to the application version name ('5.1.2' >= '5.1.2')
[debug] &amp#27;[38;5;64m[ADB]&amp#27;[0m There is no need to install/upgrade 'C:\Users\1556\.appium\node_modules\appium-uiautomator2-driver\node_modules\io.appium.settings\apks\settings_apk-debug.apk'
[debug] &amp#27;[38;5;64m[ADB]&amp#27;[0m Getting IDs of all 'io.appium.settings' processes
[debug] &amp#27;[38;5;64m[ADB]&amp#27;[0m Running 'C:\Users\1556\AppData\Local\Android\android-sdk\platform-tools\adb.exe -P 5037 -s SK5DMBEUOBU4LNAU shell 'pgrep --help; echo $?''
[debug] &amp#27;[38;5;64m[ADB]&amp#27;[0m Running 'C:\Users\1556\AppData\Local\Android\android-sdk\platform-tools\adb.exe -P 5037 -s SK5DMBEUOBU4LNAU shell pgrep -f \(\[\[:blank:\]\]\|\^\)io\.appium\.settings\(\[\[:blank:\]\]\|\$\)'
[debug] &amp#27;[38;5;80m[AndroidDriver]&amp#27;[0m io.appium.settings is already running. There is no need to reset its permissions.
[debug] &amp#27;[38;5;64m[ADB]&amp#27;[0m Running 'C:\Users\1556\AppData\Local\Android\android-sdk\platform-tools\adb.exe -P 5037 -s SK5DMBEUOBU4LNAU shell appops set io.appium.settings android:mock_location allow'
[debug] &amp#27;[38;5;64m[ADB]&amp#27;[0m Running 'C:\Users\1556\AppData\Local\Android\android-sdk\platform-tools\adb.exe -P 5037 -s SK5DMBEUOBU4LNAU shell "[ -e '/data/local/tmp/mock_apps.json' ] && echo __PASS__"'
[debug] &amp#27;[38;5;64m[ADB]&amp#27;[0m Running 'C:\Users\1556\AppData\Local\Android\android-sdk\platform-tools\adb.exe -P 5037 -s SK5DMBEUOBU4LNAU shell cat /data/local/tmp/mock_apps.json'
[debug] &amp#27;[38;5;96m[Logcat]&amp#27;[0m Starting logs capture with command: C:\\Users\\1556\\AppData\\Local\\Android\\android-sdk\\platform-tools\\adb.exe -P 5037 -s SK5DMBEUOBU4LNAU logcat -v threadtime
[debug] &amp#27;[38;5;32m[AndroidUiautomator2Driver@11e1 (658d456f)]&amp#27;[0m Forwarding UiAutomator2 Server port 6790 to local port 8200
[debug] &amp#27;[38;5;64m[ADB]&amp#27;[0m Forwarding system: 8200 to device: 6790
[debug] &amp#27;[38;5;64m[ADB]&amp#27;[0m Running 'C:\Users\1556\AppData\Local\Android\android-sdk\platform-tools\adb.exe -P 5037 -s SK5DMBEUOBU4LNAU forward tcp:8200 tcp:6790'
[debug] &amp#27;[38;5;64m[ADB]&amp#27;[0m Checking app cert for C:\Users\1556\.appium\node_modules\appium-uiautomator2-driver\node_modules\appium-uiautomator2-server\apks\appium-uiautomator2-server-v5.12.6.apk
[debug] &amp#27;[38;5;64m[ADB]&amp#27;[0m Checking app cert for C:\Users\1556\.appium\node_modules\appium-uiautomator2-driver\node_modules\appium-uiautomator2-server\apks\appium-uiautomator2-server-debug-androidTest.apk
&amp#27;[38;5;64m[ADB]&amp#27;[0m Using 'apksigner.jar' from 'C:\Users\1556\AppData\Local\Android\android-sdk\build-tools\29.0.3\lib\apksigner.jar'
[debug] &amp#27;[38;5;64m[ADB]&amp#27;[0m Starting apksigner: 'C:\\Program Files\\Java\\jdk-17.0.2\\bin\\java.exe' -Xmx1024M -Xss1m -jar C:\\Users\\1556\\AppData\\Local\\Android\\android-sdk\\build-tools\\29.0.3\\lib\\apksigner.jar verify --print-certs C:\\Users\\1556\\.appium\\node_modules\\appium-uiautomator2-driver\\node_modules\\appium-uiautomator2-server\\apks\\appium-uiautomator2-server-debug-androidTest.apk
[debug] &amp#27;[38;5;64m[ADB]&amp#27;[0m Starting apksigner: 'C:\\Program Files\\Java\\jdk-17.0.2\\bin\\java.exe' -Xmx1024M -Xss1m -jar C:\\Users\\1556\\AppData\\Local\\Android\\android-sdk\\build-tools\\29.0.3\\lib\\apksigner.jar verify --print-certs C:\\Users\\1556\\.appium\\node_modules\\appium-uiautomator2-driver\\node_modules\\appium-uiautomator2-server\\apks\\appium-uiautomator2-server-v5.12.6.apk
[debug] &amp#27;[38;5;64m[ADB]&amp#27;[0m apksigner stdout: Signer #1 certificate DN: EMAILADDRESS=android@android.com, CN=Android, OU=Android, O=Android, L=Mountain View, ST=California, C=US
[debug] &amp#27;[38;5;64m[ADB]&amp#27;[0m Signer #1 certificate SHA-256 digest: a40da80a59d170caa950cf15c18c454d47a39b26989d8b640ecd745ba71bf5dc
[debug] &amp#27;[38;5;64m[ADB]&amp#27;[0m Signer #1 certificate SHA-1 digest: 61ed377e85d386a8dfee6b864bd85b0bfaa5af81
[debug] &amp#27;[38;5;64m[ADB]&amp#27;[0m Signer #1 certificate MD5 digest: e89b158e4bcf988ebd09eb83f5378e87
[debug] &amp#27;[38;5;64m[ADB]&amp#27;[0m 
[debug] &amp#27;[38;5;64m[ADB]&amp#27;[0m sha256 hash did match for 'appium-uiautomator2-server-debug-androidTest.apk'
&amp#27;[38;5;64m[ADB]&amp#27;[0m 'C:\Users\1556\.appium\node_modules\appium-uiautomator2-driver\node_modules\appium-uiautomator2-server\apks\appium-uiautomator2-server-debug-androidTest.apk' is signed with the default certificate
[debug] &amp#27;[38;5;64m[ADB]&amp#27;[0m Getting install status for io.appium.uiautomator2.server.test
[debug] &amp#27;[38;5;64m[ADB]&amp#27;[0m Running 'C:\Users\1556\AppData\Local\Android\android-sdk\platform-tools\adb.exe -P 5037 -s SK5DMBEUOBU4LNAU shell pm path io.appium.uiautomator2.server.test'
[debug] &amp#27;[38;5;64m[ADB]&amp#27;[0m 'io.appium.uiautomator2.server.test' is installed
[debug] &amp#27;[38;5;64m[ADB]&amp#27;[0m apksigner stdout: Signer #1 certificate DN: EMAILADDRESS=android@android.com, CN=Android, OU=Android, O=Android, L=Mountain View, ST=California, C=US
[debug] &amp#27;[38;5;64m[ADB]&amp#27;[0m Signer #1 certificate SHA-256 digest: a40da80a59d170caa950cf15c18c454d47a39b26989d8b640ecd745ba71bf5dc
[debug] &amp#27;[38;5;64m[ADB]&amp#27;[0m Signer #1 certificate SHA-1 digest: 61ed377e85d386a8dfee6b864bd85b0bfaa5af81
[debug] &amp#27;[38;5;64m[ADB]&amp#27;[0m Signer #1 certificate MD5 digest: e89b158e4bcf988ebd09eb83f5378e87
[debug] &amp#27;[38;5;64m[ADB]&amp#27;[0m 
[debug] &amp#27;[38;5;64m[ADB]&amp#27;[0m sha256 hash did match for 'appium-uiautomator2-server-v5.12.6.apk'
&amp#27;[38;5;64m[ADB]&amp#27;[0m 'C:\Users\1556\.appium\node_modules\appium-uiautomator2-driver\node_modules\appium-uiautomator2-server\apks\appium-uiautomator2-server-v5.12.6.apk' is signed with the default certificate
[debug] &amp#27;[38;5;64m[ADB]&amp#27;[0m Getting package info for 'io.appium.uiautomator2.server'
[debug] &amp#27;[38;5;64m[ADB]&amp#27;[0m Running 'C:\Users\1556\AppData\Local\Android\android-sdk\platform-tools\adb.exe -P 5037 -s SK5DMBEUOBU4LNAU shell dumpsys package io.appium.uiautomator2.server'
[debug] &amp#27;[38;5;64m[ADB]&amp#27;[0m The version name of the installed 'io.appium.uiautomator2.server' is greater or equal to the application version name ('5.12.6' >= '5.12.6')
[debug] &amp#27;[38;5;32m[AndroidUiautomator2Driver@11e1 (658d456f)]&amp#27;[0m Server packages status: [{"wasSigned":true,"installState":"sameVersionInstalled","appPath":"C:\\Users\\1556\\.appium\\node_modules\\appium-uiautomator2-driver\\node_modules\\appium-uiautomator2-server\\apks\\appium-uiautomator2-server-v5.12.6.apk","appId":"io.appium.uiautomator2.server"},{"wasSigned":true,"installState":"sameVersionInstalled","appPath":"C:\\Users\\1556\\.appium\\node_modules\\appium-uiautomator2-driver\\node_modules\\appium-uiautomator2-server\\apks\\appium-uiautomator2-server-debug-androidTest.apk","appId":"io.appium.uiautomator2.server.test"}]
&amp#27;[38;5;32m[AndroidUiautomator2Driver@11e1 (658d456f)]&amp#27;[0m Server packages are not going to be (re)installed
[debug] &amp#27;[38;5;32m[AndroidUiautomator2Driver@11e1 (658d456f)]&amp#27;[0m Waiting up to 30000ms for services to be available
[debug] &amp#27;[38;5;64m[ADB]&amp#27;[0m Running 'C:\Users\1556\AppData\Local\Android\android-sdk\platform-tools\adb.exe -P 5037 -s SK5DMBEUOBU4LNAU shell pm list instrumentation'
[debug] &amp#27;[38;5;32m[AndroidUiautomator2Driver@11e1 (658d456f)]&amp#27;[0m Instrumentation target 'io.appium.uiautomator2.server.test/androidx.test.runner.AndroidJUnitRunner' is available
&amp#27;[38;5;64m[ADB]&amp#27;[0m Adding packages ["io.appium.settings","io.appium.uiautomator2.server","io.appium.uiautomator2.server.test"] to Doze whitelist
[debug] &amp#27;[38;5;64m[ADB]&amp#27;[0m Got the following command chunks to execute: [["dumpsys","deviceidle","whitelist","+io.appium.settings",";","dumpsys","deviceidle","whitelist","+io.appium.uiautomator2.server",";","dumpsys","deviceidle","whitelist","+io.appium.uiautomator2.server.test",";"]]
[debug] &amp#27;[38;5;64m[ADB]&amp#27;[0m Running 'C:\Users\1556\AppData\Local\Android\android-sdk\platform-tools\adb.exe -P 5037 -s SK5DMBEUOBU4LNAU shell dumpsys deviceidle whitelist +io.appium.settings ; dumpsys deviceidle whitelist +io.appium.uiautomator2.server ; dumpsys deviceidle whitelist +io.appium.uiautomator2.server.test ;'
[debug] &amp#27;[38;5;64m[ADB]&amp#27;[0m Checking app cert for C:\Users\1556\Documents\SerenityBDDFramework-Complete\FlipBoardMobile//src/test/resources/apkFile/flipboard.apk
[debug] &amp#27;[38;5;64m[ADB]&amp#27;[0m Starting apksigner: 'C:\\Program Files\\Java\\jdk-17.0.2\\bin\\java.exe' -Xmx1024M -Xss1m -jar C:\\Users\\1556\\AppData\\Local\\Android\\android-sdk\\build-tools\\29.0.3\\lib\\apksigner.jar verify --print-certs C:\\Users\\1556\\Documents\\SerenityBDDFramework-Complete\\FlipBoardMobile//src/test/resources/apkFile/flipboard.apk
[debug] &amp#27;[38;5;64m[ADB]&amp#27;[0m apksigner stdout: Signer #1 certificate DN: EMAILADDRESS=android@android.com, CN=Android, OU=Android, O=Android, L=Mountain View, ST=California, C=US
[debug] &amp#27;[38;5;64m[ADB]&amp#27;[0m Signer #1 certificate SHA-256 digest: a40da80a59d170caa950cf15c18c454d47a39b26989d8b640ecd745ba71bf5dc
[debug] &amp#27;[38;5;64m[ADB]&amp#27;[0m Signer #1 certificate SHA-1 digest: 61ed377e85d386a8dfee6b864bd85b0bfaa5af81
[debug] &amp#27;[38;5;64m[ADB]&amp#27;[0m Signer #1 certificate MD5 digest: e89b158e4bcf988ebd09eb83f5378e87
[debug] &amp#27;[38;5;64m[ADB]&amp#27;[0m 
[debug] &amp#27;[38;5;64m[ADB]&amp#27;[0m sha256 hash did match for 'flipboard.apk'
&amp#27;[38;5;64m[ADB]&amp#27;[0m 'C:\Users\1556\Documents\SerenityBDDFramework-Complete\FlipBoardMobile//src/test/resources/apkFile/flipboard.apk' is signed with the default certificate
[debug] &amp#27;[38;5;64m[ADB]&amp#27;[0m Getting package info for 'flipboard.app'
[debug] &amp#27;[38;5;64m[ADB]&amp#27;[0m Running 'C:\Users\1556\AppData\Local\Android\android-sdk\platform-tools\adb.exe -P 5037 -s SK5DMBEUOBU4LNAU shell dumpsys package flipboard.app'
[debug] &amp#27;[38;5;64m[ADB]&amp#27;[0m The version code of the installed 'flipboard.app' is greater than the application version code (5392 > 4893)
[debug] &amp#27;[38;5;64m[ADB]&amp#27;[0m There is no need to downgrade 'flipboard.app'
&amp#27;[38;5;80m[AndroidDriver]&amp#27;[0m Performing fast reset on 'flipboard.app'
[debug] &amp#27;[38;5;64m[ADB]&amp#27;[0m Getting install status for flipboard.app
[debug] &amp#27;[38;5;64m[ADB]&amp#27;[0m Running 'C:\Users\1556\AppData\Local\Android\android-sdk\platform-tools\adb.exe -P 5037 -s SK5DMBEUOBU4LNAU shell pm path flipboard.app'
[debug] &amp#27;[38;5;64m[ADB]&amp#27;[0m 'flipboard.app' is installed
[debug] &amp#27;[38;5;64m[ADB]&amp#27;[0m Running 'C:\Users\1556\AppData\Local\Android\android-sdk\platform-tools\adb.exe -P 5037 -s SK5DMBEUOBU4LNAU shell am force-stop flipboard.app'
[debug] &amp#27;[38;5;64m[ADB]&amp#27;[0m Running 'C:\Users\1556\AppData\Local\Android\android-sdk\platform-tools\adb.exe -P 5037 -s SK5DMBEUOBU4LNAU shell pm clear flipboard.app'
[debug] &amp#27;[38;5;80m[AndroidDriver]&amp#27;[0m Performed fast reset on the installed 'flipboard.app' application (stop and clear)
[debug] &amp#27;[38;5;32m[AndroidUiautomator2Driver@11e1 (658d456f)]&amp#27;[0m Performing shallow cleanup of automation leftovers
[debug] &amp#27;[38;5;32m[AndroidUiautomator2Driver@11e1 (658d456f)]&amp#27;[0m No obsolete sessions have been detected (socket hang up)
[debug] &amp#27;[38;5;64m[ADB]&amp#27;[0m Running 'C:\Users\1556\AppData\Local\Android\android-sdk\platform-tools\adb.exe -P 5037 -s SK5DMBEUOBU4LNAU shell am force-stop io.appium.uiautomator2.server.test'
&amp#27;[38;5;32m[AndroidUiautomator2Driver@11e1 (658d456f)]&amp#27;[0m Starting UIAutomator2 server 5.12.6
&amp#27;[38;5;32m[AndroidUiautomator2Driver@11e1 (658d456f)]&amp#27;[0m Using UIAutomator2 server from 'C:\Users\1556\.appium\node_modules\appium-uiautomator2-driver\node_modules\appium-uiautomator2-server\apks\appium-uiautomator2-server-v5.12.6.apk' and test from 'C:\Users\1556\.appium\node_modules\appium-uiautomator2-driver\node_modules\appium-uiautomator2-server\apks\appium-uiautomator2-server-debug-androidTest.apk'
&amp#27;[38;5;32m[AndroidUiautomator2Driver@11e1 (658d456f)]&amp#27;[0m Waiting up to 30000ms for UiAutomator2 to be online...
[debug] &amp#27;[38;5;64m[ADB]&amp#27;[0m Creating ADB subprocess with args: ["-P","5037","-s","SK5DMBEUOBU4LNAU","shell","am","instrument","-w","-e","disableAnalytics",true,"io.appium.uiautomator2.server.test/androidx.test.runner.AndroidJUnitRunner"]
[debug] &amp#27;[38;5;32m[AndroidUiautomator2Driver@11e1 (658d456f)]&amp#27;[0m Matched '/status' to command name 'getStatus'
[debug] &amp#27;[38;5;32m[AndroidUiautomator2Driver@11e1 (658d456f)]&amp#27;[0m Proxying [GET /status] to [GET http://127.0.0.1:8200/status] with no body
&amp#27;[38;5;32m[AndroidUiautomator2Driver@11e1 (658d456f)]&amp#27;[0m socket hang up
[debug] &amp#27;[38;5;32m[AndroidUiautomator2Driver@11e1 (658d456f)]&amp#27;[0m Matched '/status' to command name 'getStatus'
[debug] &amp#27;[38;5;32m[AndroidUiautomator2Driver@11e1 (658d456f)]&amp#27;[0m Proxying [GET /status] to [GET http://127.0.0.1:8200/status] with no body
&amp#27;[38;5;32m[AndroidUiautomator2Driver@11e1 (658d456f)]&amp#27;[0m socket hang up
[debug] &amp#27;[38;5;112m[Instrumentation]&amp#27;[0m io.appium.uiautomator2.server.test.AppiumUiAutomator2Server:
[debug] &amp#27;[38;5;32m[AndroidUiautomator2Driver@11e1 (658d456f)]&amp#27;[0m Matched '/status' to command name 'getStatus'
[debug] &amp#27;[38;5;32m[AndroidUiautomator2Driver@11e1 (658d456f)]&amp#27;[0m Proxying [GET /status] to [GET http://127.0.0.1:8200/status] with no body
&amp#27;[38;5;32m[AndroidUiautomator2Driver@11e1 (658d456f)]&amp#27;[0m socket hang up
[debug] &amp#27;[38;5;32m[AndroidUiautomator2Driver@11e1 (658d456f)]&amp#27;[0m Matched '/status' to command name 'getStatus'
[debug] &amp#27;[38;5;32m[AndroidUiautomator2Driver@11e1 (658d456f)]&amp#27;[0m Proxying [GET /status] to [GET http://127.0.0.1:8200/status] with no body
[debug] &amp#27;[38;5;32m[AndroidUiautomator2Driver@11e1 (658d456f)]&amp#27;[0m Got response with status 200: {"sessionId":"None","value":{"message":"UiAutomator2 Server is ready to accept commands","ready":true}}
[debug] &amp#27;[38;5;32m[AndroidUiautomator2Driver@11e1 (658d456f)]&amp#27;[0m The initialization of the instrumentation process took 3279ms
[debug] &amp#27;[38;5;32m[AndroidUiautomator2Driver@11e1 (658d456f)]&amp#27;[0m Matched '/session' to command name 'createSession'
[debug] &amp#27;[38;5;32m[AndroidUiautomator2Driver@11e1 (658d456f)]&amp#27;[0m Proxying [POST /session] to [POST http://127.0.0.1:8200/session] with body: {"capabilities":{"firstMatch":[{"platform":"LINUX","webStorageEnabled":false,"takesScreenshot":true,"javascriptEnabled":true,"databaseEnabled":false,"networkConnectionEnabled":true,"locationContextEnabled":false,"warnings":{},"desired":{"platformName":"ANDROID","app":"C:\\Users\\1556\\Documents\\SerenityBDDFramework-Complete\\FlipBoardMobile//src/test/resources/apkFile/flipboard.apk","appActivity":"flipboard.activities.LaunchActivityAlias","appPackage":"flipboard.app","automationName":"UiAutomator2","deviceName":"Maryo","hub":"http://127.0.0.1:4723/","platformVersion":"13.0.0"},"platformName":"ANDROID","app":"C:\\Users\\1556\\Documents\\SerenityBDDFramework-Complete\\FlipBoardMobile//src/test/resources/apkFile/flipboard.apk","appActivity":"flipboard.activities.LaunchActivityAlias","appPackage":"flipboard.app","automationName":"UiAutomator2","deviceName":"SK5DMBEUOBU4LNAU","hub":"http://127.0.0.1:4723/","platformVersion":"13.0.0","deviceUDID":"SK5DMBEUOBU4LNAU"}],"alwaysMatch":{}}}
[debug] &amp#27;[38;5;32m[AndroidUiautomator2Driver@11e1 (658d456f)]&amp#27;[0m Got response with status 200: {"sessionId":"0b3b5532-ae1a-439a-ac89-d096e473b1a6","value":{"capabilities":{"firstMatch":[{"platform":"LINUX","webStorageEnabled":false,"takesScreenshot":true,"javascriptEnabled":true,"databaseEnabled":false,"networkConnectionEnabled":true,"locationContextEnabled":false,"warnings":{},"desired":{"platformName":"ANDROID","app":"C:\\Users\\1556\\Documents\\SerenityBDDFramework-Complete\\FlipBoardMobile//src/test/resources/apkFile/flipboard.apk","appActivity":"flipboard.activities.LaunchActivityAlias","appPackage":"flipboard.app","automationName":"UiAutomator2","deviceName":"Maryo","hub":"http://127.0.0.1:4723/","platformVersion":"13.0.0"},"platformName":"ANDROID","app":"C:\\Users\\1556\\Documents\\SerenityBDDFramework-Complete\\FlipBoardMobile//src/test/resources/apkFile/flipboard.apk","appActivity":"flipboard.activities.LaunchActivityAlias","appPackage":"flipboard.app","automationName":"UiAutomator2","deviceName":"SK5DMBEUOBU4LNAU","hub":"http://127.0.0.1:4723/","platformVersion":"13.0.0","deviceUDID":"SK5D...
&amp#27;[38;5;32m[AndroidUiautomator2Driver@11e1 (658d456f)]&amp#27;[0m Determined the downstream protocol as 'W3C'
[debug] &amp#27;[38;5;32m[AndroidUiautomator2Driver@11e1 (658d456f)]&amp#27;[0m Proxying [GET /appium/device/info] to [GET http://127.0.0.1:8200/session/0b3b5532-ae1a-439a-ac89-d096e473b1a6/appium/device/info] with no body
[debug] &amp#27;[38;5;32m[AndroidUiautomator2Driver@11e1 (658d456f)]&amp#27;[0m Got response with status 200: {"sessionId":"0b3b5532-ae1a-439a-ac89-d096e473b1a6","value":{"androidId":"1624dce26b18879b","apiVersion":"33","bluetooth":{"state":"ON"},"brand":"Redmi","carrierName":"Telkomsel","displayDensity":440,"locale":"en_US","manufacturer":"Xiaomi","model":"2201116TG","networks":[{"capabilities":{"SSID":null,"linkDownBandwidthKbps":4016707,"linkUpstreamBandwidthKbps":15000,"networkCapabilities":"NET_CAPABILITY_SUPL,NET_CAPABILITY_INTERNET,NET_CAPABILITY_NOT_RESTRICTED,NET_CAPABILITY_TRUSTED,NET_CAPABILITY_NOT_VPN,NET_CAPABILITY_VALIDATED,NET_CAPABILITY_NOT_ROAMING,NET_CAPABILITY_FOREGROUND,NET_CAPABILITY_NOT_CONGESTED,NET_CAPABILITY_NOT_SUSPENDED","signalStrength":-2147483648,"transportTypes":"TRANSPORT_CELLULAR"},"detailedState":"CONNECTED","extraInfo":"internet","isAvailable":true,"isConnected":true,"isFailover":false,"isRoaming":false,"state":"CONNECTED","subtype":13,"subtypeName":"LTE","type":0,"typeName":"MOBILE"}],"platformVersion":"13","realDisplaySize":"1080x2400","timeZone":"Asia/Jakarta"}}
[debug] &amp#27;[38;5;64m[ADB]&amp#27;[0m Running 'C:\Users\1556\AppData\Local\Android\android-sdk\platform-tools\adb.exe -P 5037 -s SK5DMBEUOBU4LNAU shell dumpsys window'
&amp#27;[38;5;80m[AndroidDriver]&amp#27;[0m Screen already unlocked, doing nothing
&amp#27;[38;5;32m[AndroidUiautomator2Driver@11e1 (658d456f)]&amp#27;[0m Starting 'flipboard.app/flipboard.activities.LaunchActivityAlias and waiting for 'flipboard.app/flipboard.activities.LaunchActivityAlias'
[debug] &amp#27;[38;5;64m[ADB]&amp#27;[0m Running 'C:\Users\1556\AppData\Local\Android\android-sdk\platform-tools\adb.exe -P 5037 -s SK5DMBEUOBU4LNAU shell am start -W -n flipboard.app/flipboard.activities.LaunchActivityAlias -S -a android.intent.action.MAIN -c android.intent.category.LAUNCHER -f 0x10200000'
[debug] &amp#27;[38;5;32m[AndroidUiautomator2Driver@11e1 (658d456f)]&amp#27;[0m Proxying [GET /appium/device/pixel_ratio] to [GET http://127.0.0.1:8200/session/0b3b5532-ae1a-439a-ac89-d096e473b1a6/appium/device/pixel_ratio] with no body
[debug] &amp#27;[38;5;32m[AndroidUiautomator2Driver@11e1 (658d456f)]&amp#27;[0m Got response with status 200: {"sessionId":"0b3b5532-ae1a-439a-ac89-d096e473b1a6","value":2.75}
[debug] &amp#27;[38;5;32m[AndroidUiautomator2Driver@11e1 (658d456f)]&amp#27;[0m Matched '/appium/device/system_bars' to command name 'getSystemBars'
[debug] &amp#27;[38;5;32m[AndroidUiautomator2Driver@11e1 (658d456f)]&amp#27;[0m Proxying [GET /appium/device/system_bars] to [GET http://127.0.0.1:8200/session/0b3b5532-ae1a-439a-ac89-d096e473b1a6/appium/device/system_bars] with no body
[debug] &amp#27;[38;5;32m[AndroidUiautomator2Driver@11e1 (658d456f)]&amp#27;[0m Got response with status 200: {"sessionId":"0b3b5532-ae1a-439a-ac89-d096e473b1a6","value":{"statusBar":93}}
[debug] &amp#27;[38;5;32m[AndroidUiautomator2Driver@11e1 (658d456f)]&amp#27;[0m Matched '/window/current/size' to command name 'getWindowSize'
[debug] &amp#27;[38;5;32m[AndroidUiautomator2Driver@11e1 (658d456f)]&amp#27;[0m Proxying [GET /window/current/size] to [GET http://127.0.0.1:8200/session/0b3b5532-ae1a-439a-ac89-d096e473b1a6/window/current/size] with no body
[debug] &amp#27;[38;5;32m[AndroidUiautomator2Driver@11e1 (658d456f)]&amp#27;[0m Got response with status 200: {"sessionId":"0b3b5532-ae1a-439a-ac89-d096e473b1a6","value":{"height":2307,"width":1080}}
&amp#27;[38;5;16m[AppiumDriver@79f3]&amp#27;[0m New AndroidUiautomator2Driver session created successfully, session 658d456f-f9b8-40d8-a4be-9c90fa92daf8 added to master session list
[debug] &amp#27;[38;5;16m[AppiumDriver@79f3]&amp#27;[0m Event 'newSessionStarted' logged at 1695982302682 (17:11:42 GMT+0700 (Western Indonesia Time))
[debug] &amp#27;[38;5;32m[AndroidUiautomator2Driver@11e1 (658d456f)]&amp#27;[0m Cached the protocol value 'W3C' for the new session 658d456f-f9b8-40d8-a4be-9c90fa92daf8
[debug] &amp#27;[38;5;32m[AndroidUiautomator2Driver@11e1 (658d456f)]&amp#27;[0m Responding to client with driver.createSession() result: {"capabilities":{"platform":"LINUX","webStorageEnabled":false,"takesScreenshot":true,"javascriptEnabled":true,"databaseEnabled":false,"networkConnectionEnabled":true,"locationContextEnabled":false,"warnings":{},"desired":{"platformName":"ANDROID","app":"C:\\Users\\1556\\Documents\\SerenityBDDFramework-Complete\\FlipBoardMobile//src/test/resources/apkFile/flipboard.apk","appActivity":"flipboard.activities.LaunchActivityAlias","appPackage":"flipboard.app","automationName":"UiAutomator2","deviceName":"Maryo","hub":"http://127.0.0.1:4723/","platformVersion":"13.0.0"},"platformName":"ANDROID","app":"C:\\Users\\1556\\Documents\\SerenityBDDFramework-Complete\\FlipBoardMobile//src/test/resources/apkFile/flipboard.apk","appActivity":"flipboard.activities.LaunchActivityAlias","appPackage":"flipboard.app","automationName":"UiAutomator2","deviceName":"SK5DMBEUOBU4LNAU","hub":"http://127.0.0.1:4723/","platformVersion":"13","deviceUDID":"SK5DMBEUOBU4LNAU","deviceApiLevel":33,"deviceScreenSize":"1080x2400","deviceScreenD...
&amp#27;[38;5;0m[HTTP]&amp#27;[0m &amp#27;[37m<-- POST /session &amp#27;[39m&amp#27;[32m200&amp#27;[39m &amp#27;[90m11871 ms - 1250&amp#27;[39m
&amp#27;[38;5;0m[HTTP]&amp#27;[0m &amp#27;[90m&amp#27;[39m
&amp#27;[38;5;0m[HTTP]&amp#27;[0m &amp#27;[37m-->&amp#27;[39m &amp#27;[37mPOST&amp#27;[39m &amp#27;[37m/session/658d456f-f9b8-40d8-a4be-9c90fa92daf8/timeouts&amp#27;[39m
&amp#27;[38;5;0m[HTTP]&amp#27;[0m &amp#27;[90m{"implicit":2000}&amp#27;[39m
[debug] &amp#27;[38;5;32m[AndroidUiautomator2Driver@11e1 (658d456f)]&amp#27;[0m Calling AppiumDriver.timeouts() with args: [null,null,null,null,2000,"658d456f-f9b8-40d8-a4be-9c90fa92daf8"]
[debug] &amp#27;[38;5;32m[AndroidUiautomator2Driver@11e1 (658d456f)]&amp#27;[0m W3C timeout argument: {"implicit":2000}}
[debug] &amp#27;[38;5;32m[AndroidUiautomator2Driver@11e1 (658d456f)]&amp#27;[0m Set implicit wait to 2000ms
[debug] &amp#27;[38;5;32m[AndroidUiautomator2Driver@11e1 (658d456f)]&amp#27;[0m Responding to client with driver.timeouts() result: null
&amp#27;[38;5;0m[HTTP]&amp#27;[0m &amp#27;[37m<-- POST /session/658d456f-f9b8-40d8-a4be-9c90fa92daf8/timeouts &amp#27;[39m&amp#27;[32m200&amp#27;[39m &amp#27;[90m7 ms - 14&amp#27;[39m
&amp#27;[38;5;0m[HTTP]&amp#27;[0m &amp#27;[90m&amp#27;[39m
&amp#27;[38;5;0m[HTTP]&amp#27;[0m &amp#27;[37m-->&amp#27;[39m &amp#27;[37mPOST&amp#27;[39m &amp#27;[37m/session/658d456f-f9b8-40d8-a4be-9c90fa92daf8/element&amp#27;[39m
&amp#27;[38;5;0m[HTTP]&amp#27;[0m &amp#27;[90m{"using":"id","value":"flipboard.app:id/icon_button_text"}&amp#27;[39m
[debug] &amp#27;[38;5;32m[AndroidUiautomator2Driver@11e1 (658d456f)]&amp#27;[0m Calling AppiumDriver.findElement() with args: ["id","flipboard.app:id/icon_button_text","658d456f-f9b8-40d8-a4be-9c90fa92daf8"]
[debug] &amp#27;[38;5;32m[AndroidUiautomator2Driver@11e1 (658d456f)]&amp#27;[0m Valid locator strategies for this request: xpath, id, class name, accessibility id, css selector, -android uiautomator
[debug] &amp#27;[38;5;32m[AndroidUiautomator2Driver@11e1 (658d456f)]&amp#27;[0m Waiting up to 2000 ms for condition
[debug] &amp#27;[38;5;32m[AndroidUiautomator2Driver@11e1 (658d456f)]&amp#27;[0m Matched '/element' to command name 'findElement'
[debug] &amp#27;[38;5;32m[AndroidUiautomator2Driver@11e1 (658d456f)]&amp#27;[0m Proxying [POST /element] to [POST http://127.0.0.1:8200/session/0b3b5532-ae1a-439a-ac89-d096e473b1a6/element] with body: {"strategy":"id","selector":"flipboard.app:id/icon_button_text","context":"","multiple":false}
[debug] &amp#27;[38;5;32m[AndroidUiautomator2Driver@11e1 (658d456f)]&amp#27;[0m Got response with status 200: {"sessionId":"0b3b5532-ae1a-439a-ac89-d096e473b1a6","value":{"ELEMENT":"00000000-0000-0efb-ffff-ffff0000000a","element-6066-11e4-a52e-4f735466cecf":"00000000-0000-0efb-ffff-ffff0000000a"}}
[debug] &amp#27;[38;5;32m[AndroidUiautomator2Driver@11e1 (658d456f)]&amp#27;[0m Responding to client with driver.findElement() result: {"element-6066-11e4-a52e-4f735466cecf":"00000000-0000-0efb-ffff-ffff0000000a","ELEMENT":"00000000-0000-0efb-ffff-ffff0000000a"}
&amp#27;[38;5;0m[HTTP]&amp#27;[0m &amp#27;[37m<-- POST /session/658d456f-f9b8-40d8-a4be-9c90fa92daf8/element &amp#27;[39m&amp#27;[32m200&amp#27;[39m &amp#27;[90m51 ms - 137&amp#27;[39m
&amp#27;[38;5;0m[HTTP]&amp#27;[0m &amp#27;[90m&amp#27;[39m
&amp#27;[38;5;0m[HTTP]&amp#27;[0m &amp#27;[37m-->&amp#27;[39m &amp#27;[37mPOST&amp#27;[39m &amp#27;[37m/session/658d456f-f9b8-40d8-a4be-9c90fa92daf8/timeouts&amp#27;[39m
&amp#27;[38;5;0m[HTTP]&amp#27;[0m &amp#27;[90m{"implicit":2000}&amp#27;[39m
[debug] &amp#27;[38;5;32m[AndroidUiautomator2Driver@11e1 (658d456f)]&amp#27;[0m Calling AppiumDriver.timeouts() with args: [null,null,null,null,2000,"658d456f-f9b8-40d8-a4be-9c90fa92daf8"]
[debug] &amp#27;[38;5;32m[AndroidUiautomator2Driver@11e1 (658d456f)]&amp#27;[0m W3C timeout argument: {"implicit":2000}}
[debug] &amp#27;[38;5;32m[AndroidUiautomator2Driver@11e1 (658d456f)]&amp#27;[0m Set implicit wait to 2000ms
[debug] &amp#27;[38;5;32m[AndroidUiautomator2Driver@11e1 (658d456f)]&amp#27;[0m Responding to client with driver.timeouts() result: null
&amp#27;[38;5;0m[HTTP]&amp#27;[0m &amp#27;[37m<-- POST /session/658d456f-f9b8-40d8-a4be-9c90fa92daf8/timeouts &amp#27;[39m&amp#27;[32m200&amp#27;[39m &amp#27;[90m5 ms - 14&amp#27;[39m
&amp#27;[38;5;0m[HTTP]&amp#27;[0m &amp#27;[90m&amp#27;[39m
&amp#27;[38;5;0m[HTTP]&amp#27;[0m &amp#27;[37m-->&amp#27;[39m &amp#27;[37mGET&amp#27;[39m &amp#27;[37m/session/658d456f-f9b8-40d8-a4be-9c90fa92daf8/element/00000000-0000-0efb-ffff-ffff0000000a/displayed&amp#27;[39m
&amp#27;[38;5;0m[HTTP]&amp#27;[0m &amp#27;[90m{}&amp#27;[39m
[debug] &amp#27;[38;5;32m[AndroidUiautomator2Driver@11e1 (658d456f)]&amp#27;[0m Calling AppiumDriver.elementDisplayed() with args: ["00000000-0000-0efb-ffff-ffff0000000a","658d456f-f9b8-40d8-a4be-9c90fa92daf8"]
[debug] &amp#27;[38;5;32m[AndroidUiautomator2Driver@11e1 (658d456f)]&amp#27;[0m Matched '/element/00000000-0000-0efb-ffff-ffff0000000a/attribute/displayed' to command name 'getAttribute'
[debug] &amp#27;[38;5;32m[AndroidUiautomator2Driver@11e1 (658d456f)]&amp#27;[0m Proxying [GET /element/00000000-0000-0efb-ffff-ffff0000000a/attribute/displayed] to [GET http://127.0.0.1:8200/session/0b3b5532-ae1a-439a-ac89-d096e473b1a6/element/00000000-0000-0efb-ffff-ffff0000000a/attribute/displayed] with no body
[debug] &amp#27;[38;5;32m[AndroidUiautomator2Driver@11e1 (658d456f)]&amp#27;[0m Got response with status 200: {"sessionId":"0b3b5532-ae1a-439a-ac89-d096e473b1a6","value":"true"}
[debug] &amp#27;[38;5;32m[AndroidUiautomator2Driver@11e1 (658d456f)]&amp#27;[0m Responding to client with driver.elementDisplayed() result: true
&amp#27;[38;5;0m[HTTP]&amp#27;[0m &amp#27;[37m<-- GET /session/658d456f-f9b8-40d8-a4be-9c90fa92daf8/element/00000000-0000-0efb-ffff-ffff0000000a/displayed &amp#27;[39m&amp#27;[32m200&amp#27;[39m &amp#27;[90m22 ms - 14&amp#27;[39m
&amp#27;[38;5;0m[HTTP]&amp#27;[0m &amp#27;[90m&amp#27;[39m
&amp#27;[38;5;0m[HTTP]&amp#27;[0m &amp#27;[37m-->&amp#27;[39m &amp#27;[37mGET&amp#27;[39m &amp#27;[37m/session/658d456f-f9b8-40d8-a4be-9c90fa92daf8/element/00000000-0000-0efb-ffff-ffff0000000a/displayed&amp#27;[39m
&amp#27;[38;5;0m[HTTP]&amp#27;[0m &amp#27;[90m{}&amp#27;[39m
[debug] &amp#27;[38;5;32m[AndroidUiautomator2Driver@11e1 (658d456f)]&amp#27;[0m Calling AppiumDriver.elementDisplayed() with args: ["00000000-0000-0efb-ffff-ffff0000000a","658d456f-f9b8-40d8-a4be-9c90fa92daf8"]
[debug] &amp#27;[38;5;32m[AndroidUiautomator2Driver@11e1 (658d456f)]&amp#27;[0m Matched '/element/00000000-0000-0efb-ffff-ffff0000000a/attribute/displayed' to command name 'getAttribute'
[debug] &amp#27;[38;5;32m[AndroidUiautomator2Driver@11e1 (658d456f)]&amp#27;[0m Proxying [GET /element/00000000-0000-0efb-ffff-ffff0000000a/attribute/displayed] to [GET http://127.0.0.1:8200/session/0b3b5532-ae1a-439a-ac89-d096e473b1a6/element/00000000-0000-0efb-ffff-ffff0000000a/attribute/displayed] with no body
[debug] &amp#27;[38;5;32m[AndroidUiautomator2Driver@11e1 (658d456f)]&amp#27;[0m Got response with status 200: {"sessionId":"0b3b5532-ae1a-439a-ac89-d096e473b1a6","value":"true"}
[debug] &amp#27;[38;5;32m[AndroidUiautomator2Driver@11e1 (658d456f)]&amp#27;[0m Responding to client with driver.elementDisplayed() result: true
&amp#27;[38;5;0m[HTTP]&amp#27;[0m &amp#27;[37m<-- GET /session/658d456f-f9b8-40d8-a4be-9c90fa92daf8/element/00000000-0000-0efb-ffff-ffff0000000a/displayed &amp#27;[39m&amp#27;[32m200&amp#27;[39m &amp#27;[90m19 ms - 14&amp#27;[39m
&amp#27;[38;5;0m[HTTP]&amp#27;[0m &amp#27;[90m&amp#27;[39m
&amp#27;[38;5;0m[HTTP]&amp#27;[0m &amp#27;[37m-->&amp#27;[39m &amp#27;[37mPOST&amp#27;[39m &amp#27;[37m/session/658d456f-f9b8-40d8-a4be-9c90fa92daf8/timeouts&amp#27;[39m
&amp#27;[38;5;0m[HTTP]&amp#27;[0m &amp#27;[90m{"implicit":2000}&amp#27;[39m
[debug] &amp#27;[38;5;32m[AndroidUiautomator2Driver@11e1 (658d456f)]&amp#27;[0m Calling AppiumDriver.timeouts() with args: [null,null,null,null,2000,"658d456f-f9b8-40d8-a4be-9c90fa92daf8"]
[debug] &amp#27;[38;5;32m[AndroidUiautomator2Driver@11e1 (658d456f)]&amp#27;[0m W3C timeout argument: {"implicit":2000}}
[debug] &amp#27;[38;5;32m[AndroidUiautomator2Driver@11e1 (658d456f)]&amp#27;[0m Set implicit wait to 2000ms
[debug] &amp#27;[38;5;32m[AndroidUiautomator2Driver@11e1 (658d456f)]&amp#27;[0m Responding to client with driver.timeouts() result: null
&amp#27;[38;5;0m[HTTP]&amp#27;[0m &amp#27;[37m<-- POST /session/658d456f-f9b8-40d8-a4be-9c90fa92daf8/timeouts &amp#27;[39m&amp#27;[32m200&amp#27;[39m &amp#27;[90m4 ms - 14&amp#27;[39m
&amp#27;[38;5;0m[HTTP]&amp#27;[0m &amp#27;[90m&amp#27;[39m
&amp#27;[38;5;0m[HTTP]&amp#27;[0m &amp#27;[37m-->&amp#27;[39m &amp#27;[37mPOST&amp#27;[39m &amp#27;[37m/session/658d456f-f9b8-40d8-a4be-9c90fa92daf8/element&amp#27;[39m
&amp#27;[38;5;0m[HTTP]&amp#27;[0m &amp#27;[90m{"using":"id","value":"flipboard.app:id/icon_button_text"}&amp#27;[39m
[debug] &amp#27;[38;5;32m[AndroidUiautomator2Driver@11e1 (658d456f)]&amp#27;[0m Calling AppiumDriver.findElement() with args: ["id","flipboard.app:id/icon_button_text","658d456f-f9b8-40d8-a4be-9c90fa92daf8"]
[debug] &amp#27;[38;5;32m[AndroidUiautomator2Driver@11e1 (658d456f)]&amp#27;[0m Valid locator strategies for this request: xpath, id, class name, accessibility id, css selector, -android uiautomator
[debug] &amp#27;[38;5;32m[AndroidUiautomator2Driver@11e1 (658d456f)]&amp#27;[0m Waiting up to 2000 ms for condition
[debug] &amp#27;[38;5;32m[AndroidUiautomator2Driver@11e1 (658d456f)]&amp#27;[0m Matched '/element' to command name 'findElement'
[debug] &amp#27;[38;5;32m[AndroidUiautomator2Driver@11e1 (658d456f)]&amp#27;[0m Proxying [POST /element] to [POST http://127.0.0.1:8200/session/0b3b5532-ae1a-439a-ac89-d096e473b1a6/element] with body: {"strategy":"id","selector":"flipboard.app:id/icon_button_text","context":"","multiple":false}
[debug] &amp#27;[38;5;32m[AndroidUiautomator2Driver@11e1 (658d456f)]&amp#27;[0m Got response with status 200: {"sessionId":"0b3b5532-ae1a-439a-ac89-d096e473b1a6","value":{"ELEMENT":"00000000-0000-0efb-ffff-ffff0000000a","element-6066-11e4-a52e-4f735466cecf":"00000000-0000-0efb-ffff-ffff0000000a"}}
[debug] &amp#27;[38;5;32m[AndroidUiautomator2Driver@11e1 (658d456f)]&amp#27;[0m Responding to client with driver.findElement() result: {"element-6066-11e4-a52e-4f735466cecf":"00000000-0000-0efb-ffff-ffff0000000a","ELEMENT":"00000000-0000-0efb-ffff-ffff0000000a"}
&amp#27;[38;5;0m[HTTP]&amp#27;[0m &amp#27;[37m<-- POST /session/658d456f-f9b8-40d8-a4be-9c90fa92daf8/element &amp#27;[39m&amp#27;[32m200&amp#27;[39m &amp#27;[90m24 ms - 137&amp#27;[39m
&amp#27;[38;5;0m[HTTP]&amp#27;[0m &amp#27;[90m&amp#27;[39m
&amp#27;[38;5;0m[HTTP]&amp#27;[0m &amp#27;[37m-->&amp#27;[39m &amp#27;[37mPOST&amp#27;[39m &amp#27;[37m/session/658d456f-f9b8-40d8-a4be-9c90fa92daf8/timeouts&amp#27;[39m
&amp#27;[38;5;0m[HTTP]&amp#27;[0m &amp#27;[90m{"implicit":2000}&amp#27;[39m
[debug] &amp#27;[38;5;32m[AndroidUiautomator2Driver@11e1 (658d456f)]&amp#27;[0m Calling AppiumDriver.timeouts() with args: [null,null,null,null,2000,"658d456f-f9b8-40d8-a4be-9c90fa92daf8"]
[debug] &amp#27;[38;5;32m[AndroidUiautomator2Driver@11e1 (658d456f)]&amp#27;[0m W3C timeout argument: {"implicit":2000}}
[debug] &amp#27;[38;5;32m[AndroidUiautomator2Driver@11e1 (658d456f)]&amp#27;[0m Set implicit wait to 2000ms
[debug] &amp#27;[38;5;32m[AndroidUiautomator2Driver@11e1 (658d456f)]&amp#27;[0m Responding to client with driver.timeouts() result: null
&amp#27;[38;5;0m[HTTP]&amp#27;[0m &amp#27;[37m<-- POST /session/658d456f-f9b8-40d8-a4be-9c90fa92daf8/timeouts &amp#27;[39m&amp#27;[32m200&amp#27;[39m &amp#27;[90m5 ms - 14&amp#27;[39m
&amp#27;[38;5;0m[HTTP]&amp#27;[0m &amp#27;[90m&amp#27;[39m
&amp#27;[38;5;0m[HTTP]&amp#27;[0m &amp#27;[37m-->&amp#27;[39m &amp#27;[37mGET&amp#27;[39m &amp#27;[37m/session/658d456f-f9b8-40d8-a4be-9c90fa92daf8/element/00000000-0000-0efb-ffff-ffff0000000a/displayed&amp#27;[39m
&amp#27;[38;5;0m[HTTP]&amp#27;[0m &amp#27;[90m{}&amp#27;[39m
[debug] &amp#27;[38;5;32m[AndroidUiautomator2Driver@11e1 (658d456f)]&amp#27;[0m Calling AppiumDriver.elementDisplayed() with args: ["00000000-0000-0efb-ffff-ffff0000000a","658d456f-f9b8-40d8-a4be-9c90fa92daf8"]
[debug] &amp#27;[38;5;32m[AndroidUiautomator2Driver@11e1 (658d456f)]&amp#27;[0m Matched '/element/00000000-0000-0efb-ffff-ffff0000000a/attribute/displayed' to command name 'getAttribute'
[debug] &amp#27;[38;5;32m[AndroidUiautomator2Driver@11e1 (658d456f)]&amp#27;[0m Proxying [GET /element/00000000-0000-0efb-ffff-ffff0000000a/attribute/displayed] to [GET http://127.0.0.1:8200/session/0b3b5532-ae1a-439a-ac89-d096e473b1a6/element/00000000-0000-0efb-ffff-ffff0000000a/attribute/displayed] with no body
[debug] &amp#27;[38;5;32m[AndroidUiautomator2Driver@11e1 (658d456f)]&amp#27;[0m Got response with status 200: {"sessionId":"0b3b5532-ae1a-439a-ac89-d096e473b1a6","value":"true"}
[debug] &amp#27;[38;5;32m[AndroidUiautomator2Driver@11e1 (658d456f)]&amp#27;[0m Responding to client with driver.elementDisplayed() result: true
&amp#27;[38;5;0m[HTTP]&amp#27;[0m &amp#27;[37m<-- GET /session/658d456f-f9b8-40d8-a4be-9c90fa92daf8/element/00000000-0000-0efb-ffff-ffff0000000a/displayed &amp#27;[39m&amp#27;[32m200&amp#27;[39m &amp#27;[90m17 ms - 14&amp#27;[39m
&amp#27;[38;5;0m[HTTP]&amp#27;[0m &amp#27;[90m&amp#27;[39m
&amp#27;[38;5;0m[HTTP]&amp#27;[0m &amp#27;[37m-->&amp#27;[39m &amp#27;[37mGET&amp#27;[39m &amp#27;[37m/session/658d456f-f9b8-40d8-a4be-9c90fa92daf8/element/00000000-0000-0efb-ffff-ffff0000000a/enabled&amp#27;[39m
&amp#27;[38;5;0m[HTTP]&amp#27;[0m &amp#27;[90m{}&amp#27;[39m
[debug] &amp#27;[38;5;32m[AndroidUiautomator2Driver@11e1 (658d456f)]&amp#27;[0m Calling AppiumDriver.elementEnabled() with args: ["00000000-0000-0efb-ffff-ffff0000000a","658d456f-f9b8-40d8-a4be-9c90fa92daf8"]
[debug] &amp#27;[38;5;32m[AndroidUiautomator2Driver@11e1 (658d456f)]&amp#27;[0m Matched '/element/00000000-0000-0efb-ffff-ffff0000000a/attribute/enabled' to command name 'getAttribute'
[debug] &amp#27;[38;5;32m[AndroidUiautomator2Driver@11e1 (658d456f)]&amp#27;[0m Proxying [GET /element/00000000-0000-0efb-ffff-ffff0000000a/attribute/enabled] to [GET http://127.0.0.1:8200/session/0b3b5532-ae1a-439a-ac89-d096e473b1a6/element/00000000-0000-0efb-ffff-ffff0000000a/attribute/enabled] with no body
[debug] &amp#27;[38;5;32m[AndroidUiautomator2Driver@11e1 (658d456f)]&amp#27;[0m Got response with status 200: {"sessionId":"0b3b5532-ae1a-439a-ac89-d096e473b1a6","value":"true"}
[debug] &amp#27;[38;5;32m[AndroidUiautomator2Driver@11e1 (658d456f)]&amp#27;[0m Responding to client with driver.elementEnabled() result: true
&amp#27;[38;5;0m[HTTP]&amp#27;[0m &amp#27;[37m<-- GET /session/658d456f-f9b8-40d8-a4be-9c90fa92daf8/element/00000000-0000-0efb-ffff-ffff0000000a/enabled &amp#27;[39m&amp#27;[32m200&amp#27;[39m &amp#27;[90m15 ms - 14&amp#27;[39m
&amp#27;[38;5;0m[HTTP]&amp#27;[0m &amp#27;[90m&amp#27;[39m
&amp#27;[38;5;0m[HTTP]&amp#27;[0m &amp#27;[37m-->&amp#27;[39m &amp#27;[37mGET&amp#27;[39m &amp#27;[37m/session/658d456f-f9b8-40d8-a4be-9c90fa92daf8/screenshot&amp#27;[39m
&amp#27;[38;5;0m[HTTP]&amp#27;[0m &amp#27;[90m{}&amp#27;[39m
[debug] &amp#27;[38;5;32m[AndroidUiautomator2Driver@11e1 (658d456f)]&amp#27;[0m Calling AppiumDriver.getScreenshot() with args: ["658d456f-f9b8-40d8-a4be-9c90fa92daf8"]
[debug] &amp#27;[38;5;32m[AndroidUiautomator2Driver@11e1 (658d456f)]&amp#27;[0m Matched '/screenshot' to command name 'getScreenshot'
[debug] &amp#27;[38;5;32m[AndroidUiautomator2Driver@11e1 (658d456f)]&amp#27;[0m Proxying [GET /screenshot] to [GET http://127.0.0.1:8200/session/0b3b5532-ae1a-439a-ac89-d096e473b1a6/screenshot] with no body
[debug] &amp#27;[38;5;32m[AndroidUiautomator2Driver@11e1 (658d456f)]&amp#27;[0m Got response with status 200: {"sessionId":"0b3b5532-ae1a-439a-ac89-d096e473b1a6","value":"iVBORw0KGgoAAAANSUhEUgAABDgAAAlgCAYAAABtGofVAAAAAXNSR0IArs4c6QAAAARzQklUCAgICHwIZIgAACAASURBVHicbN3rltxIbi3gIJnXktrTtsfnefXOrSrllTw/kB+ALFtrzZpudVUmGYEANjY2ENO///3vbbfbjTHGOByO43q9jN1uPy6XP+NwOI7dbjeu18uY53ms6zrWdR3Lsoz9/jAulz9jmqZxOBzHuq5jv9+PMcZ4Pp9jXddxv9/Gx8ePcb1exn5/GOu6jjHG2O/343q9jDHGOB5P436/j3mex7Is+ZnP53Ns2zaWZRnLEs9wPn8Mf57PZ37+7XbNv9/vD2Oe5/H79z/jdDqP2+06DofjmOd5XC5/8j3i+3avz3qM0+k8fv/+Z5zPH/m80zSNaZrGuq7jdruObdvG6XQe9/tt7PeH8Xjccz3meRnr+hyPx2PsdrvxeDxe7xzvcTgcx/P5HI/Hfex2+7Hf78efP19jjDHO54+xruuYpmncbtdcp/P5Y/z58zVOp3O+/58/X2O324/n8zHGGGNd13E8nsa2bfm/2+2azz7P8zgcjmOMMaZpGl9fn7kuz+ez/W585zwvr/eZx/1+H9u2jd1uN+7321iW3ViWZVyvl7FtWz6P9dzt9rneu91ufH7+Hj9//jVut9vY7/fj+XyOMca432/jfP4Yn5+/c78ulz/j58+/xhhjfH7+HrvdbmzbNqZpeq31Y9zvt/Hjx88xxhjbto3n8/l6ztuYpnnsdrtc0+PxNG63a+63tbjf72NZlnE4HMf9fhvH42k8Ho+xrs/xfD7H+fwxHo/HuN2u4+Pjx/j8/D3meR7zPOf3Hg7H8efP1/jx4+d4PB5jWZZxv9/G8/lMez8cjmPbtnzfeV7yM/78+Rrn80falvUbY4xlWXJvpml6rf8+3/1y+fM6a4ex2+3G7XYdx+NpXC5/...
[debug] &amp#27;[38;5;32m[AndroidUiautomator2Driver@11e1 (658d456f)]&amp#27;[0m Responding to client with driver.getScreenshot() result: "iVBORw0KGgoAAAANSUhEUgAABDgAAAlgCAYAAABtGofVAAAAAXNSR0IArs4c6QAAAARzQklUCAgICHwIZIgAACAASURBVHicbN3rltxIbi3gIJnXktrTtsfnefXOrSrllTw/kB+ALFtrzZpudVUmGYEANjY2ENO///3vbbfbjTHGOByO43q9jN1uPy6XP+NwOI7dbjeu18uY53ms6zrWdR3Lsoz9/jAulz9jmqZxOBzHuq5jv9+PMcZ4Pp9jXddxv9/Gx8ePcb1exn5/GOu6jjHG2O/343q9jDHGOB5P436/j3mex7Is+ZnP53Ns2zaWZRnLEs9wPn8Mf57PZ37+7XbNv9/vD2Oe5/H79z/jdDqP2+06DofjmOd5XC5/8j3i+3avz3qM0+k8fv/+Z5zPH/m80zSNaZrGuq7jdruObdvG6XQe9/tt7PeH8Xjccz3meRnr+hyPx2PsdrvxeDxe7xzvcTgcx/P5HI/Hfex2+7Hf78efP19jjDHO54+xruuYpmncbtdcp/P5Y/z58zVOp3O+/58/X2O324/n8zHGGGNd13E8nsa2bfm/2+2azz7P8zgcjmOMMaZpGl9fn7kuz+ez/W585zwvr/eZx/1+H9u2jd1uN+7321iW3ViWZVyvl7FtWz6P9dzt9rneu91ufH7+Hj9//jVut9vY7/fj+XyOMca432/jfP4Yn5+/c78ulz/j58+/xhhjfH7+HrvdbmzbNqZpeq31Y9zvt/Hjx88xxhjbto3n8/l6ztuYpnnsdrtc0+PxNG63a+63tbjf72NZlnE4HMf9fhvH42k8Ho+xrs/xfD7H+fwxHo/HuN2u4+Pjx/j8/D3meR7zPOf3Hg7H8efP1/jx4+d4PB5jWZZxv9/G8/lMez8cjmPbtnzfeV7yM/78+Rrn80falvUbY4xlWXJvpml6rf8+3/1y+fM6a4ex2+3G7XYdx+NpXC5/cn23bRs/f/6Vz2Gduo3EexxyvdicP6fTOW3Is/i5ZVlyjXa73ZimaRyPp9w3...
&amp#27;[38;5;0m[HTTP]&amp#27;[0m &amp#27;[37m<-- GET /session/658d456f-f9b8-40d8-a4be-9c90fa92daf8/screenshot &amp#27;[39m&amp#27;[32m200&amp#27;[39m &amp#27;[90m2000 ms - 3487064&amp#27;[39m
&amp#27;[38;5;0m[HTTP]&amp#27;[0m &amp#27;[90m&amp#27;[39m
&amp#27;[38;5;0m[HTTP]&amp#27;[0m &amp#27;[37m-->&amp#27;[39m &amp#27;[37mGET&amp#27;[39m &amp#27;[37m/session/658d456f-f9b8-40d8-a4be-9c90fa92daf8/source&amp#27;[39m
&amp#27;[38;5;0m[HTTP]&amp#27;[0m &amp#27;[90m{}&amp#27;[39m
&amp#27;[38;5;32m[AndroidUiautomator2Driver@11e1 (658d456f)]&amp#27;[0m Driver proxy active, passing request on via HTTP proxy
[debug] &amp#27;[38;5;32m[AndroidUiautomator2Driver@11e1 (658d456f)]&amp#27;[0m Matched '/session/658d456f-f9b8-40d8-a4be-9c90fa92daf8/source' to command name 'getPageSource'
[debug] &amp#27;[38;5;32m[AndroidUiautomator2Driver@11e1 (658d456f)]&amp#27;[0m Proxying [GET /session/658d456f-f9b8-40d8-a4be-9c90fa92daf8/source] to [GET http://127.0.0.1:8200/session/0b3b5532-ae1a-439a-ac89-d096e473b1a6/source] with no body
[debug] &amp#27;[38;5;32m[AndroidUiautomator2Driver@11e1 (658d456f)]&amp#27;[0m Got response with status 200: {"sessionId":"0b3b5532-ae1a-439a-ac89-d096e473b1a6","value":"<?xml version='1.0' encoding='UTF-8' standalone='yes' ?>\r\n<hierarchy index=\"0\" class=\"hierarchy\" rotation=\"0\" width=\"1080\" height=\"2307\">\r\n  <android.widget.FrameLayout index=\"0\" package=\"flipboard.app\" class=\"android.widget.FrameLayout\" text=\"\" checkable=\"false\" checked=\"false\" clickable=\"false\" enabled=\"true\" focusable=\"false\" focused=\"false\" long-clickable=\"false\" password=\"false\" scrollable=\"false\" selected=\"false\" bounds=\"[0,0][1080,2307]\" displayed=\"true\">\r\n    <android.widget.LinearLayout index=\"0\" package=\"flipboard.app\" class=\"android.widget.LinearLayout\" text=\"\" checkable=\"false\" checked=\"false\" clickable=\"false\" enabled=\"true\" focusable=\"false\" focused=\"false\" long-clickable=\"false\" password=\"false\" scrollable=\"false\" selected=\"false\" bounds=\"[0,0][1080,2307]\" displayed=\"true\">\r\n      <android.widget.FrameLayout index=\"0\" package=\"flipboard.app\" class...
&amp#27;[38;5;32m[AndroidUiautomator2Driver@11e1 (658d456f)]&amp#27;[0m Replacing sessionId 0b3b5532-ae1a-439a-ac89-d096e473b1a6 with 658d456f-f9b8-40d8-a4be-9c90fa92daf8
&amp#27;[38;5;0m[HTTP]&amp#27;[0m &amp#27;[37m<-- GET /session/658d456f-f9b8-40d8-a4be-9c90fa92daf8/source &amp#27;[39m&amp#27;[32m200&amp#27;[39m &amp#27;[90m123 ms - 4958&amp#27;[39m
&amp#27;[38;5;0m[HTTP]&amp#27;[0m &amp#27;[90m&amp#27;[39m
&amp#27;[38;5;0m[HTTP]&amp#27;[0m &amp#27;[37m-->&amp#27;[39m &amp#27;[37mPOST&amp#27;[39m &amp#27;[37m/session/658d456f-f9b8-40d8-a4be-9c90fa92daf8/timeouts&amp#27;[39m
&amp#27;[38;5;0m[HTTP]&amp#27;[0m &amp#27;[90m{"implicit":2000}&amp#27;[39m
[debug] &amp#27;[38;5;32m[AndroidUiautomator2Driver@11e1 (658d456f)]&amp#27;[0m Calling AppiumDriver.timeouts() with args: [null,null,null,null,2000,"658d456f-f9b8-40d8-a4be-9c90fa92daf8"]
[debug] &amp#27;[38;5;32m[AndroidUiautomator2Driver@11e1 (658d456f)]&amp#27;[0m W3C timeout argument: {"implicit":2000}}
[debug] &amp#27;[38;5;32m[AndroidUiautomator2Driver@11e1 (658d456f)]&amp#27;[0m Set implicit wait to 2000ms
[debug] &amp#27;[38;5;32m[AndroidUiautomator2Driver@11e1 (658d456f)]&amp#27;[0m Responding to client with driver.timeouts() result: null
&amp#27;[38;5;0m[HTTP]&amp#27;[0m &amp#27;[37m<-- POST /session/658d456f-f9b8-40d8-a4be-9c90fa92daf8/timeouts &amp#27;[39m&amp#27;[32m200&amp#27;[39m &amp#27;[90m2 ms - 14&amp#27;[39m
&amp#27;[38;5;0m[HTTP]&amp#27;[0m &amp#27;[90m&amp#27;[39m
&amp#27;[38;5;0m[HTTP]&amp#27;[0m &amp#27;[37m-->&amp#27;[39m &amp#27;[37mPOST&amp#27;[39m &amp#27;[37m/session/658d456f-f9b8-40d8-a4be-9c90fa92daf8/element&amp#27;[39m
&amp#27;[38;5;0m[HTTP]&amp#27;[0m &amp#27;[90m{"using":"id","value":"flipboard.app:id/icon_button_text"}&amp#27;[39m
[debug] &amp#27;[38;5;32m[AndroidUiautomator2Driver@11e1 (658d456f)]&amp#27;[0m Calling AppiumDriver.findElement() with args: ["id","flipboard.app:id/icon_button_text","658d456f-f9b8-40d8-a4be-9c90fa92daf8"]
[debug] &amp#27;[38;5;32m[AndroidUiautomator2Driver@11e1 (658d456f)]&amp#27;[0m Valid locator strategies for this request: xpath, id, class name, accessibility id, css selector, -android uiautomator
[debug] &amp#27;[38;5;32m[AndroidUiautomator2Driver@11e1 (658d456f)]&amp#27;[0m Waiting up to 2000 ms for condition
[debug] &amp#27;[38;5;32m[AndroidUiautomator2Driver@11e1 (658d456f)]&amp#27;[0m Matched '/element' to command name 'findElement'
[debug] &amp#27;[38;5;32m[AndroidUiautomator2Driver@11e1 (658d456f)]&amp#27;[0m Proxying [POST /element] to [POST http://127.0.0.1:8200/session/0b3b5532-ae1a-439a-ac89-d096e473b1a6/element] with body: {"strategy":"id","selector":"flipboard.app:id/icon_button_text","context":"","multiple":false}
[debug] &amp#27;[38;5;32m[AndroidUiautomator2Driver@11e1 (658d456f)]&amp#27;[0m Got response with status 200: {"sessionId":"0b3b5532-ae1a-439a-ac89-d096e473b1a6","value":{"ELEMENT":"00000000-0000-0efb-ffff-ffff0000000a","element-6066-11e4-a52e-4f735466cecf":"00000000-0000-0efb-ffff-ffff0000000a"}}
[debug] &amp#27;[38;5;32m[AndroidUiautomator2Driver@11e1 (658d456f)]&amp#27;[0m Responding to client with driver.findElement() result: {"element-6066-11e4-a52e-4f735466cecf":"00000000-0000-0efb-ffff-ffff0000000a","ELEMENT":"00000000-0000-0efb-ffff-ffff0000000a"}
&amp#27;[38;5;0m[HTTP]&amp#27;[0m &amp#27;[37m<-- POST /session/658d456f-f9b8-40d8-a4be-9c90fa92daf8/element &amp#27;[39m&amp#27;[32m200&amp#27;[39m &amp#27;[90m45 ms - 137&amp#27;[39m
&amp#27;[38;5;0m[HTTP]&amp#27;[0m &amp#27;[90m&amp#27;[39m
&amp#27;[38;5;0m[HTTP]&amp#27;[0m &amp#27;[37m-->&amp#27;[39m &amp#27;[37mPOST&amp#27;[39m &amp#27;[37m/session/658d456f-f9b8-40d8-a4be-9c90fa92daf8/timeouts&amp#27;[39m
&amp#27;[38;5;0m[HTTP]&amp#27;[0m &amp#27;[90m{"implicit":2000}&amp#27;[39m
[debug] &amp#27;[38;5;32m[AndroidUiautomator2Driver@11e1 (658d456f)]&amp#27;[0m Calling AppiumDriver.timeouts() with args: [null,null,null,null,2000,"658d456f-f9b8-40d8-a4be-9c90fa92daf8"]
[debug] &amp#27;[38;5;32m[AndroidUiautomator2Driver@11e1 (658d456f)]&amp#27;[0m W3C timeout argument: {"implicit":2000}}
[debug] &amp#27;[38;5;32m[AndroidUiautomator2Driver@11e1 (658d456f)]&amp#27;[0m Set implicit wait to 2000ms
[debug] &amp#27;[38;5;32m[AndroidUiautomator2Driver@11e1 (658d456f)]&amp#27;[0m Responding to client with driver.timeouts() result: null
&amp#27;[38;5;0m[HTTP]&amp#27;[0m &amp#27;[37m<-- POST /session/658d456f-f9b8-40d8-a4be-9c90fa92daf8/timeouts &amp#27;[39m&amp#27;[32m200&amp#27;[39m &amp#27;[90m3 ms - 14&amp#27;[39m
&amp#27;[38;5;0m[HTTP]&amp#27;[0m &amp#27;[90m&amp#27;[39m
&amp#27;[38;5;0m[HTTP]&amp#27;[0m &amp#27;[37m-->&amp#27;[39m &amp#27;[37mGET&amp#27;[39m &amp#27;[37m/session/658d456f-f9b8-40d8-a4be-9c90fa92daf8/element/00000000-0000-0efb-ffff-ffff0000000a/displayed&amp#27;[39m
&amp#27;[38;5;0m[HTTP]&amp#27;[0m &amp#27;[90m{}&amp#27;[39m
[debug] &amp#27;[38;5;32m[AndroidUiautomator2Driver@11e1 (658d456f)]&amp#27;[0m Calling AppiumDriver.elementDisplayed() with args: ["00000000-0000-0efb-ffff-ffff0000000a","658d456f-f9b8-40d8-a4be-9c90fa92daf8"]
[debug] &amp#27;[38;5;32m[AndroidUiautomator2Driver@11e1 (658d456f)]&amp#27;[0m Matched '/element/00000000-0000-0efb-ffff-ffff0000000a/attribute/displayed' to command name 'getAttribute'
[debug] &amp#27;[38;5;32m[AndroidUiautomator2Driver@11e1 (658d456f)]&amp#27;[0m Proxying [GET /element/00000000-0000-0efb-ffff-ffff0000000a/attribute/displayed] to [GET http://127.0.0.1:8200/session/0b3b5532-ae1a-439a-ac89-d096e473b1a6/element/00000000-0000-0efb-ffff-ffff0000000a/attribute/displayed] with no body
[debug] &amp#27;[38;5;32m[AndroidUiautomator2Driver@11e1 (658d456f)]&amp#27;[0m Got response with status 200: {"sessionId":"0b3b5532-ae1a-439a-ac89-d096e473b1a6","value":"true"}
[debug] &amp#27;[38;5;32m[AndroidUiautomator2Driver@11e1 (658d456f)]&amp#27;[0m Responding to client with driver.elementDisplayed() result: true
&amp#27;[38;5;0m[HTTP]&amp#27;[0m &amp#27;[37m<-- GET /session/658d456f-f9b8-40d8-a4be-9c90fa92daf8/element/00000000-0000-0efb-ffff-ffff0000000a/displayed &amp#27;[39m&amp#27;[32m200&amp#27;[39m &amp#27;[90m29 ms - 14&amp#27;[39m
&amp#27;[38;5;0m[HTTP]&amp#27;[0m &amp#27;[90m&amp#27;[39m
&amp#27;[38;5;0m[HTTP]&amp#27;[0m &amp#27;[37m-->&amp#27;[39m &amp#27;[37mPOST&amp#27;[39m &amp#27;[37m/session/658d456f-f9b8-40d8-a4be-9c90fa92daf8/element/00000000-0000-0efb-ffff-ffff0000000a/click&amp#27;[39m
&amp#27;[38;5;0m[HTTP]&amp#27;[0m &amp#27;[90m{"id":"00000000-0000-0efb-ffff-ffff0000000a"}&amp#27;[39m
[debug] &amp#27;[38;5;32m[AndroidUiautomator2Driver@11e1 (658d456f)]&amp#27;[0m Calling AppiumDriver.click() with args: ["00000000-0000-0efb-ffff-ffff0000000a","658d456f-f9b8-40d8-a4be-9c90fa92daf8"]
[debug] &amp#27;[38;5;32m[AndroidUiautomator2Driver@11e1 (658d456f)]&amp#27;[0m Matched '/element/00000000-0000-0efb-ffff-ffff0000000a/click' to command name 'click'
[debug] &amp#27;[38;5;32m[AndroidUiautomator2Driver@11e1 (658d456f)]&amp#27;[0m Proxying [POST /element/00000000-0000-0efb-ffff-ffff0000000a/click] to [POST http://127.0.0.1:8200/session/0b3b5532-ae1a-439a-ac89-d096e473b1a6/element/00000000-0000-0efb-ffff-ffff0000000a/click] with body: {"element":"00000000-0000-0efb-ffff-ffff0000000a"}
[debug] &amp#27;[38;5;32m[AndroidUiautomator2Driver@11e1 (658d456f)]&amp#27;[0m Got response with status 200: {"sessionId":"0b3b5532-ae1a-439a-ac89-d096e473b1a6","value":null}
[debug] &amp#27;[38;5;32m[AndroidUiautomator2Driver@11e1 (658d456f)]&amp#27;[0m Responding to client with driver.click() result: null
&amp#27;[38;5;0m[HTTP]&amp#27;[0m &amp#27;[37m<-- POST /session/658d456f-f9b8-40d8-a4be-9c90fa92daf8/element/00000000-0000-0efb-ffff-ffff0000000a/click &amp#27;[39m&amp#27;[32m200&amp#27;[39m &amp#27;[90m58 ms - 14&amp#27;[39m
&amp#27;[38;5;0m[HTTP]&amp#27;[0m &amp#27;[90m&amp#27;[39m
&amp#27;[38;5;0m[HTTP]&amp#27;[0m &amp#27;[37m-->&amp#27;[39m &amp#27;[37mGET&amp#27;[39m &amp#27;[37m/session/658d456f-f9b8-40d8-a4be-9c90fa92daf8/screenshot&amp#27;[39m
&amp#27;[38;5;0m[HTTP]&amp#27;[0m &amp#27;[90m{}&amp#27;[39m
[debug] &amp#27;[38;5;32m[AndroidUiautomator2Driver@11e1 (658d456f)]&amp#27;[0m Calling AppiumDriver.getScreenshot() with args: ["658d456f-f9b8-40d8-a4be-9c90fa92daf8"]
[debug] &amp#27;[38;5;32m[AndroidUiautomator2Driver@11e1 (658d456f)]&amp#27;[0m Matched '/screenshot' to command name 'getScreenshot'
[debug] &amp#27;[38;5;32m[AndroidUiautomator2Driver@11e1 (658d456f)]&amp#27;[0m Proxying [GET /screenshot] to [GET http://127.0.0.1:8200/session/0b3b5532-ae1a-439a-ac89-d096e473b1a6/screenshot] with no body
[debug] &amp#27;[38;5;32m[AndroidUiautomator2Driver@11e1 (658d456f)]&amp#27;[0m Got response with status 200: {"sessionId":"0b3b5532-ae1a-439a-ac89-d096e473b1a6","value":"iVBORw0KGgoAAAANSUhEUgAABDgAAAlgCAYAAABtGofVAAAAAXNSR0IArs4c6QAAAARzQklUCAgICHwIZIgAACAASURBVHicbN3rltxIbi3gIJnXktrTtsfnefXOrSrllTw/kB+ALFtrzZpudVUmGYEANjY2ENO///3vbbfbjTHGOByO43q9jN1uPy6XP+NwOI7dbjeu18uY53ms6zrWdR3Lsoz9/jAulz9jmqZxOBzHuq5jv9+PMcZ4Pp9jXddxv9/Gx8ePcb1exn5/GOu6jjHG2O/343q9jDHGOB5P436/j3mex7Is+ZnP53Ns2zaWZRnLEs9wPn8Mf57PZ37+7XbNv9/vD2Oe5/H79z/jdDqP2+06DofjmOd5XC5/8j3i+3avz3qM0+k8fv/+Z5zPH/m80zSNaZrGuq7jdruObdvG6XQe9/tt7PeH8Xjccz3meRnr+hyPx2PsdrvxeDxe7xzvcTgcx/P5HI/Hfex2+7Hf78efP19jjDHO54+xruuYpmncbtdcp/P5Y/z58zVOp3O+/58/X2O324/n8zHGGGNd13E8nsa2bfm/2+2azz7P8zgcjmOMMaZpGl9fn7kuz+ez/W585zwvr/eZx/1+H9u2jd1uN+7321iW3ViWZVyvl7FtWz6P9dzt9rneu91ufH7+Hj9//jVut9vY7/fj+XyOMca432/jfP4Yn5+/c78ulz/j58+/xhhjfH7+HrvdbmzbNqZpeq31Y9zvt/Hjx88xxhjbto3n8/l6ztuYpnnsdrtc0+PxNG63a+63tbjf72NZlnE4HMf9fhvH42k8Ho+xrs/xfD7H+fwxHo/HuN2u4+Pjx/j8/D3meR7zPOf3Hg7H8efP1/jx4+d4PB5jWZZxv9/G8/lMez8cjmPbtnzfeV7yM/78+Rrn80falvUbY4xlWXJvpml6rf8+3/1y+fM6a4ex2+3G7XYdx+NpXC5/...
[debug] &amp#27;[38;5;32m[AndroidUiautomator2Driver@11e1 (658d456f)]&amp#27;[0m Responding to client with driver.getScreenshot() result: "iVBORw0KGgoAAAANSUhEUgAABDgAAAlgCAYAAABtGofVAAAAAXNSR0IArs4c6QAAAARzQklUCAgICHwIZIgAACAASURBVHicbN3rltxIbi3gIJnXktrTtsfnefXOrSrllTw/kB+ALFtrzZpudVUmGYEANjY2ENO///3vbbfbjTHGOByO43q9jN1uPy6XP+NwOI7dbjeu18uY53ms6zrWdR3Lsoz9/jAulz9jmqZxOBzHuq5jv9+PMcZ4Pp9jXddxv9/Gx8ePcb1exn5/GOu6jjHG2O/343q9jDHGOB5P436/j3mex7Is+ZnP53Ns2zaWZRnLEs9wPn8Mf57PZ37+7XbNv9/vD2Oe5/H79z/jdDqP2+06DofjmOd5XC5/8j3i+3avz3qM0+k8fv/+Z5zPH/m80zSNaZrGuq7jdruObdvG6XQe9/tt7PeH8Xjccz3meRnr+hyPx2PsdrvxeDxe7xzvcTgcx/P5HI/Hfex2+7Hf78efP19jjDHO54+xruuYpmncbtdcp/P5Y/z58zVOp3O+/58/X2O324/n8zHGGGNd13E8nsa2bfm/2+2azz7P8zgcjmOMMaZpGl9fn7kuz+ez/W585zwvr/eZx/1+H9u2jd1uN+7321iW3ViWZVyvl7FtWz6P9dzt9rneu91ufH7+Hj9//jVut9vY7/fj+XyOMca432/jfP4Yn5+/c78ulz/j58+/xhhjfH7+HrvdbmzbNqZpeq31Y9zvt/Hjx88xxhjbto3n8/l6ztuYpnnsdrtc0+PxNG63a+63tbjf72NZlnE4HMf9fhvH42k8Ho+xrs/xfD7H+fwxHo/HuN2u4+Pjx/j8/D3meR7zPOf3Hg7H8efP1/jx4+d4PB5jWZZxv9/G8/lMez8cjmPbtnzfeV7yM/78+Rrn80falvUbY4xlWXJvpml6rf8+3/1y+fM6a4ex2+3G7XYdx+NpXC5/cn23bRs/f/6Vz2Gduo3EexxyvdicP6fTOW3Is/i5ZVlyjXa73ZimaRyPp9w3...
&amp#27;[38;5;0m[HTTP]&amp#27;[0m &amp#27;[37m<-- GET /session/658d456f-f9b8-40d8-a4be-9c90fa92daf8/screenshot &amp#27;[39m&amp#27;[32m200&amp#27;[39m &amp#27;[90m2077 ms - 3486920&amp#27;[39m
&amp#27;[38;5;0m[HTTP]&amp#27;[0m &amp#27;[90m&amp#27;[39m
&amp#27;[38;5;0m[HTTP]&amp#27;[0m &amp#27;[37m-->&amp#27;[39m &amp#27;[37mGET&amp#27;[39m &amp#27;[37m/session/658d456f-f9b8-40d8-a4be-9c90fa92daf8/source&amp#27;[39m
&amp#27;[38;5;0m[HTTP]&amp#27;[0m &amp#27;[90m{}&amp#27;[39m
&amp#27;[38;5;32m[AndroidUiautomator2Driver@11e1 (658d456f)]&amp#27;[0m Driver proxy active, passing request on via HTTP proxy
[debug] &amp#27;[38;5;32m[AndroidUiautomator2Driver@11e1 (658d456f)]&amp#27;[0m Matched '/session/658d456f-f9b8-40d8-a4be-9c90fa92daf8/source' to command name 'getPageSource'
[debug] &amp#27;[38;5;32m[AndroidUiautomator2Driver@11e1 (658d456f)]&amp#27;[0m Proxying [GET /session/658d456f-f9b8-40d8-a4be-9c90fa92daf8/source] to [GET http://127.0.0.1:8200/session/0b3b5532-ae1a-439a-ac89-d096e473b1a6/source] with no body
[debug] &amp#27;[38;5;32m[AndroidUiautomator2Driver@11e1 (658d456f)]&amp#27;[0m Got response with status 200: {"sessionId":"0b3b5532-ae1a-439a-ac89-d096e473b1a6","value":"<?xml version='1.0' encoding='UTF-8' standalone='yes' ?>\r\n<hierarchy index=\"0\" class=\"hierarchy\" rotation=\"0\" width=\"1080\" height=\"2307\">\r\n  <android.widget.FrameLayout index=\"0\" package=\"flipboard.app\" class=\"android.widget.FrameLayout\" text=\"\" checkable=\"false\" checked=\"false\" clickable=\"false\" enabled=\"true\" focusable=\"false\" focused=\"false\" long-clickable=\"false\" password=\"false\" scrollable=\"false\" selected=\"false\" bounds=\"[0,0][1080,2307]\" displayed=\"true\">\r\n    <android.widget.LinearLayout index=\"0\" package=\"flipboard.app\" class=\"android.widget.LinearLayout\" text=\"\" checkable=\"false\" checked=\"false\" clickable=\"false\" enabled=\"true\" focusable=\"false\" focused=\"false\" long-clickable=\"false\" password=\"false\" scrollable=\"false\" selected=\"false\" bounds=\"[0,0][1080,2307]\" displayed=\"true\">\r\n      <android.widget.FrameLayout index=\"0\" package=\"flipboard.app\" class...
&amp#27;[38;5;32m[AndroidUiautomator2Driver@11e1 (658d456f)]&amp#27;[0m Replacing sessionId 0b3b5532-ae1a-439a-ac89-d096e473b1a6 with 658d456f-f9b8-40d8-a4be-9c90fa92daf8
&amp#27;[38;5;0m[HTTP]&amp#27;[0m &amp#27;[37m<-- GET /session/658d456f-f9b8-40d8-a4be-9c90fa92daf8/source &amp#27;[39m&amp#27;[32m200&amp#27;[39m &amp#27;[90m302 ms - 24725&amp#27;[39m
&amp#27;[38;5;0m[HTTP]&amp#27;[0m &amp#27;[90m&amp#27;[39m
&amp#27;[38;5;0m[HTTP]&amp#27;[0m &amp#27;[37m-->&amp#27;[39m &amp#27;[37mPOST&amp#27;[39m &amp#27;[37m/session/658d456f-f9b8-40d8-a4be-9c90fa92daf8/timeouts&amp#27;[39m
&amp#27;[38;5;0m[HTTP]&amp#27;[0m &amp#27;[90m{"implicit":2000}&amp#27;[39m
[debug] &amp#27;[38;5;32m[AndroidUiautomator2Driver@11e1 (658d456f)]&amp#27;[0m Calling AppiumDriver.timeouts() with args: [null,null,null,null,2000,"658d456f-f9b8-40d8-a4be-9c90fa92daf8"]
[debug] &amp#27;[38;5;32m[AndroidUiautomator2Driver@11e1 (658d456f)]&amp#27;[0m W3C timeout argument: {"implicit":2000}}
[debug] &amp#27;[38;5;32m[AndroidUiautomator2Driver@11e1 (658d456f)]&amp#27;[0m Set implicit wait to 2000ms
[debug] &amp#27;[38;5;32m[AndroidUiautomator2Driver@11e1 (658d456f)]&amp#27;[0m Responding to client with driver.timeouts() result: null
&amp#27;[38;5;0m[HTTP]&amp#27;[0m &amp#27;[37m<-- POST /session/658d456f-f9b8-40d8-a4be-9c90fa92daf8/timeouts &amp#27;[39m&amp#27;[32m200&amp#27;[39m &amp#27;[90m3 ms - 14&amp#27;[39m
&amp#27;[38;5;0m[HTTP]&amp#27;[0m &amp#27;[90m&amp#27;[39m
&amp#27;[38;5;0m[HTTP]&amp#27;[0m &amp#27;[37m-->&amp#27;[39m &amp#27;[37mPOST&amp#27;[39m &amp#27;[37m/session/658d456f-f9b8-40d8-a4be-9c90fa92daf8/elements&amp#27;[39m
&amp#27;[38;5;0m[HTTP]&amp#27;[0m &amp#27;[90m{"using":"id","value":"flipboard.app:id/topic_picker_topic_row_topic_tag"}&amp#27;[39m
[debug] &amp#27;[38;5;32m[AndroidUiautomator2Driver@11e1 (658d456f)]&amp#27;[0m Calling AppiumDriver.findElements() with args: ["id","flipboard.app:id/topic_picker_topic_row_topic_tag","658d456f-f9b8-40d8-a4be-9c90fa92daf8"]
[debug] &amp#27;[38;5;32m[AndroidUiautomator2Driver@11e1 (658d456f)]&amp#27;[0m Valid locator strategies for this request: xpath, id, class name, accessibility id, css selector, -android uiautomator
[debug] &amp#27;[38;5;32m[AndroidUiautomator2Driver@11e1 (658d456f)]&amp#27;[0m Waiting up to 2000 ms for condition
[debug] &amp#27;[38;5;32m[AndroidUiautomator2Driver@11e1 (658d456f)]&amp#27;[0m Matched '/elements' to command name 'findElements'
[debug] &amp#27;[38;5;32m[AndroidUiautomator2Driver@11e1 (658d456f)]&amp#27;[0m Proxying [POST /elements] to [POST http://127.0.0.1:8200/session/0b3b5532-ae1a-439a-ac89-d096e473b1a6/elements] with body: {"strategy":"id","selector":"flipboard.app:id/topic_picker_topic_row_topic_tag","context":"","multiple":true}
[debug] &amp#27;[38;5;32m[AndroidUiautomator2Driver@11e1 (658d456f)]&amp#27;[0m Got response with status 200: {"sessionId":"0b3b5532-ae1a-439a-ac89-d096e473b1a6","value":[{"ELEMENT":"00000000-0000-0efc-ffff-ffff0000002e","element-6066-11e4-a52e-4f735466cecf":"00000000-0000-0efc-ffff-ffff0000002e"},{"ELEMENT":"00000000-0000-0efc-ffff-ffff00000030","element-6066-11e4-a52e-4f735466cecf":"00000000-0000-0efc-ffff-ffff00000030"},{"ELEMENT":"00000000-0000-0efc-ffff-ffff00000032","element-6066-11e4-a52e-4f735466cecf":"00000000-0000-0efc-ffff-ffff00000032"},{"ELEMENT":"00000000-0000-0efc-ffff-ffff00000036","element-6066-11e4-a52e-4f735466cecf":"00000000-0000-0efc-ffff-ffff00000036"},{"ELEMENT":"00000000-0000-0efc-ffff-ffff00000038","element-6066-11e4-a52e-4f735466cecf":"00000000-0000-0efc-ffff-ffff00000038"},{"ELEMENT":"00000000-0000-0efc-ffff-ffff0000003a","element-6066-11e4-a52e-4f735466cecf":"00000000-0000-0efc-ffff-ffff0000003a"},{"ELEMENT":"00000000-0000-0efc-ffff-ffff0000003e","element-6066-11e4-a52e-4f735466cecf":"00000000-0000-0efc-ffff-ffff0000003e"},{"ELEMENT":"00000000-0000-0efc-ffff-ffff00000040","element-6066-...
[debug] &amp#27;[38;5;32m[AndroidUiautomator2Driver@11e1 (658d456f)]&amp#27;[0m Responding to client with driver.findElements() result: [{"element-6066-11e4-a52e-4f735466cecf":"00000000-0000-0efc-ffff-ffff0000002e","ELEMENT":"00000000-0000-0efc-ffff-ffff0000002e"},{"element-6066-11e4-a52e-4f735466cecf":"00000000-0000-0efc-ffff-ffff00000030","ELEMENT":"00000000-0000-0efc-ffff-ffff00000030"},{"element-6066-11e4-a52e-4f735466cecf":"00000000-0000-0efc-ffff-ffff00000032","ELEMENT":"00000000-0000-0efc-ffff-ffff00000032"},{"element-6066-11e4-a52e-4f735466cecf":"00000000-0000-0efc-ffff-ffff00000036","ELEMENT":"00000000-0000-0efc-ffff-ffff00000036"},{"element-6066-11e4-a52e-4f735466cecf":"00000000-0000-0efc-ffff-ffff00000038","ELEMENT":"00000000-0000-0efc-ffff-ffff00000038"},{"element-6066-11e4-a52e-4f735466cecf":"00000000-0000-0efc-ffff-ffff0000003a","ELEMENT":"00000000-0000-0efc-ffff-ffff0000003a"},{"element-6066-11e4-a52e-4f735466cecf":"00000000-0000-0efc-ffff-ffff0000003e","ELEMENT":"00000000-0000-0efc-ffff-ffff0000003e"},{"element-6066-11e4-a52e-4f735466cecf":"00000000-0000-0efc-ffff-ffff00000040","ELEMENT":"00000000-0000-0efc-ffff-ffff0000004...
&amp#27;[38;5;0m[HTTP]&amp#27;[0m &amp#27;[37m<-- POST /session/658d456f-f9b8-40d8-a4be-9c90fa92daf8/elements &amp#27;[39m&amp#27;[32m200&amp#27;[39m &amp#27;[90m206 ms - 3211&amp#27;[39m
&amp#27;[38;5;0m[HTTP]&amp#27;[0m &amp#27;[90m&amp#27;[39m
&amp#27;[38;5;0m[HTTP]&amp#27;[0m &amp#27;[37m-->&amp#27;[39m &amp#27;[37mPOST&amp#27;[39m &amp#27;[37m/session/658d456f-f9b8-40d8-a4be-9c90fa92daf8/timeouts&amp#27;[39m
&amp#27;[38;5;0m[HTTP]&amp#27;[0m &amp#27;[90m{"implicit":2000}&amp#27;[39m
[debug] &amp#27;[38;5;32m[AndroidUiautomator2Driver@11e1 (658d456f)]&amp#27;[0m Calling AppiumDriver.timeouts() with args: [null,null,null,null,2000,"658d456f-f9b8-40d8-a4be-9c90fa92daf8"]
[debug] &amp#27;[38;5;32m[AndroidUiautomator2Driver@11e1 (658d456f)]&amp#27;[0m W3C timeout argument: {"implicit":2000}}
[debug] &amp#27;[38;5;32m[AndroidUiautomator2Driver@11e1 (658d456f)]&amp#27;[0m Set implicit wait to 2000ms
[debug] &amp#27;[38;5;32m[AndroidUiautomator2Driver@11e1 (658d456f)]&amp#27;[0m Responding to client with driver.timeouts() result: null
&amp#27;[38;5;0m[HTTP]&amp#27;[0m &amp#27;[37m<-- POST /session/658d456f-f9b8-40d8-a4be-9c90fa92daf8/timeouts &amp#27;[39m&amp#27;[32m200&amp#27;[39m &amp#27;[90m3 ms - 14&amp#27;[39m
&amp#27;[38;5;0m[HTTP]&amp#27;[0m &amp#27;[90m&amp#27;[39m
&amp#27;[38;5;0m[HTTP]&amp#27;[0m &amp#27;[37m-->&amp#27;[39m &amp#27;[37mPOST&amp#27;[39m &amp#27;[37m/session/658d456f-f9b8-40d8-a4be-9c90fa92daf8/element/00000000-0000-0efc-ffff-ffff0000002e/click&amp#27;[39m
&amp#27;[38;5;0m[HTTP]&amp#27;[0m &amp#27;[90m{"id":"00000000-0000-0efc-ffff-ffff0000002e"}&amp#27;[39m
[debug] &amp#27;[38;5;32m[AndroidUiautomator2Driver@11e1 (658d456f)]&amp#27;[0m Calling AppiumDriver.click() with args: ["00000000-0000-0efc-ffff-ffff0000002e","658d456f-f9b8-40d8-a4be-9c90fa92daf8"]
[debug] &amp#27;[38;5;32m[AndroidUiautomator2Driver@11e1 (658d456f)]&amp#27;[0m Matched '/element/00000000-0000-0efc-ffff-ffff0000002e/click' to command name 'click'
[debug] &amp#27;[38;5;32m[AndroidUiautomator2Driver@11e1 (658d456f)]&amp#27;[0m Proxying [POST /element/00000000-0000-0efc-ffff-ffff0000002e/click] to [POST http://127.0.0.1:8200/session/0b3b5532-ae1a-439a-ac89-d096e473b1a6/element/00000000-0000-0efc-ffff-ffff0000002e/click] with body: {"element":"00000000-0000-0efc-ffff-ffff0000002e"}
[debug] &amp#27;[38;5;32m[AndroidUiautomator2Driver@11e1 (658d456f)]&amp#27;[0m Got response with status 200: {"sessionId":"0b3b5532-ae1a-439a-ac89-d096e473b1a6","value":null}
[debug] &amp#27;[38;5;32m[AndroidUiautomator2Driver@11e1 (658d456f)]&amp#27;[0m Responding to client with driver.click() result: null
&amp#27;[38;5;0m[HTTP]&amp#27;[0m &amp#27;[37m<-- POST /session/658d456f-f9b8-40d8-a4be-9c90fa92daf8/element/00000000-0000-0efc-ffff-ffff0000002e/click &amp#27;[39m&amp#27;[32m200&amp#27;[39m &amp#27;[90m53 ms - 14&amp#27;[39m
&amp#27;[38;5;0m[HTTP]&amp#27;[0m &amp#27;[90m&amp#27;[39m
&amp#27;[38;5;0m[HTTP]&amp#27;[0m &amp#27;[37m-->&amp#27;[39m &amp#27;[37mPOST&amp#27;[39m &amp#27;[37m/session/658d456f-f9b8-40d8-a4be-9c90fa92daf8/timeouts&amp#27;[39m
&amp#27;[38;5;0m[HTTP]&amp#27;[0m &amp#27;[90m{"implicit":2000}&amp#27;[39m
[debug] &amp#27;[38;5;32m[AndroidUiautomator2Driver@11e1 (658d456f)]&amp#27;[0m Calling AppiumDriver.timeouts() with args: [null,null,null,null,2000,"658d456f-f9b8-40d8-a4be-9c90fa92daf8"]
[debug] &amp#27;[38;5;32m[AndroidUiautomator2Driver@11e1 (658d456f)]&amp#27;[0m W3C timeout argument: {"implicit":2000}}
[debug] &amp#27;[38;5;32m[AndroidUiautomator2Driver@11e1 (658d456f)]&amp#27;[0m Set implicit wait to 2000ms
[debug] &amp#27;[38;5;32m[AndroidUiautomator2Driver@11e1 (658d456f)]&amp#27;[0m Responding to client with driver.timeouts() result: null
&amp#27;[38;5;0m[HTTP]&amp#27;[0m &amp#27;[37m<-- POST /session/658d456f-f9b8-40d8-a4be-9c90fa92daf8/timeouts &amp#27;[39m&amp#27;[32m200&amp#27;[39m &amp#27;[90m2 ms - 14&amp#27;[39m
&amp#27;[38;5;0m[HTTP]&amp#27;[0m &amp#27;[90m&amp#27;[39m
&amp#27;[38;5;0m[HTTP]&amp#27;[0m &amp#27;[37m-->&amp#27;[39m &amp#27;[37mPOST&amp#27;[39m &amp#27;[37m/session/658d456f-f9b8-40d8-a4be-9c90fa92daf8/elements&amp#27;[39m
&amp#27;[38;5;0m[HTTP]&amp#27;[0m &amp#27;[90m{"using":"id","value":"flipboard.app:id/topic_picker_topic_row_topic_tag"}&amp#27;[39m
[debug] &amp#27;[38;5;32m[AndroidUiautomator2Driver@11e1 (658d456f)]&amp#27;[0m Calling AppiumDriver.findElements() with args: ["id","flipboard.app:id/topic_picker_topic_row_topic_tag","658d456f-f9b8-40d8-a4be-9c90fa92daf8"]
[debug] &amp#27;[38;5;32m[AndroidUiautomator2Driver@11e1 (658d456f)]&amp#27;[0m Valid locator strategies for this request: xpath, id, class name, accessibility id, css selector, -android uiautomator
[debug] &amp#27;[38;5;32m[AndroidUiautomator2Driver@11e1 (658d456f)]&amp#27;[0m Waiting up to 2000 ms for condition
[debug] &amp#27;[38;5;32m[AndroidUiautomator2Driver@11e1 (658d456f)]&amp#27;[0m Matched '/elements' to command name 'findElements'
[debug] &amp#27;[38;5;32m[AndroidUiautomator2Driver@11e1 (658d456f)]&amp#27;[0m Proxying [POST /elements] to [POST http://127.0.0.1:8200/session/0b3b5532-ae1a-439a-ac89-d096e473b1a6/elements] with body: {"strategy":"id","selector":"flipboard.app:id/topic_picker_topic_row_topic_tag","context":"","multiple":true}
[debug] &amp#27;[38;5;32m[AndroidUiautomator2Driver@11e1 (658d456f)]&amp#27;[0m Got response with status 200: {"sessionId":"0b3b5532-ae1a-439a-ac89-d096e473b1a6","value":[{"ELEMENT":"00000000-0000-0efc-ffff-ffff0000002e","element-6066-11e4-a52e-4f735466cecf":"00000000-0000-0efc-ffff-ffff0000002e"},{"ELEMENT":"00000000-0000-0efc-ffff-ffff00000030","element-6066-11e4-a52e-4f735466cecf":"00000000-0000-0efc-ffff-ffff00000030"},{"ELEMENT":"00000000-0000-0efc-ffff-ffff00000032","element-6066-11e4-a52e-4f735466cecf":"00000000-0000-0efc-ffff-ffff00000032"},{"ELEMENT":"00000000-0000-0efc-ffff-ffff00000036","element-6066-11e4-a52e-4f735466cecf":"00000000-0000-0efc-ffff-ffff00000036"},{"ELEMENT":"00000000-0000-0efc-ffff-ffff00000038","element-6066-11e4-a52e-4f735466cecf":"00000000-0000-0efc-ffff-ffff00000038"},{"ELEMENT":"00000000-0000-0efc-ffff-ffff0000003a","element-6066-11e4-a52e-4f735466cecf":"00000000-0000-0efc-ffff-ffff0000003a"},{"ELEMENT":"00000000-0000-0efc-ffff-ffff0000003e","element-6066-11e4-a52e-4f735466cecf":"00000000-0000-0efc-ffff-ffff0000003e"},{"ELEMENT":"00000000-0000-0efc-ffff-ffff00000040","element-6066-...
[debug] &amp#27;[38;5;32m[AndroidUiautomator2Driver@11e1 (658d456f)]&amp#27;[0m Responding to client with driver.findElements() result: [{"element-6066-11e4-a52e-4f735466cecf":"00000000-0000-0efc-ffff-ffff0000002e","ELEMENT":"00000000-0000-0efc-ffff-ffff0000002e"},{"element-6066-11e4-a52e-4f735466cecf":"00000000-0000-0efc-ffff-ffff00000030","ELEMENT":"00000000-0000-0efc-ffff-ffff00000030"},{"element-6066-11e4-a52e-4f735466cecf":"00000000-0000-0efc-ffff-ffff00000032","ELEMENT":"00000000-0000-0efc-ffff-ffff00000032"},{"element-6066-11e4-a52e-4f735466cecf":"00000000-0000-0efc-ffff-ffff00000036","ELEMENT":"00000000-0000-0efc-ffff-ffff00000036"},{"element-6066-11e4-a52e-4f735466cecf":"00000000-0000-0efc-ffff-ffff00000038","ELEMENT":"00000000-0000-0efc-ffff-ffff00000038"},{"element-6066-11e4-a52e-4f735466cecf":"00000000-0000-0efc-ffff-ffff0000003a","ELEMENT":"00000000-0000-0efc-ffff-ffff0000003a"},{"element-6066-11e4-a52e-4f735466cecf":"00000000-0000-0efc-ffff-ffff0000003e","ELEMENT":"00000000-0000-0efc-ffff-ffff0000003e"},{"element-6066-11e4-a52e-4f735466cecf":"00000000-0000-0efc-ffff-ffff00000040","ELEMENT":"00000000-0000-0efc-ffff-ffff0000004...
&amp#27;[38;5;0m[HTTP]&amp#27;[0m &amp#27;[37m<-- POST /session/658d456f-f9b8-40d8-a4be-9c90fa92daf8/elements &amp#27;[39m&amp#27;[32m200&amp#27;[39m &amp#27;[90m747 ms - 3211&amp#27;[39m
&amp#27;[38;5;0m[HTTP]&amp#27;[0m &amp#27;[90m&amp#27;[39m
&amp#27;[38;5;0m[HTTP]&amp#27;[0m &amp#27;[37m-->&amp#27;[39m &amp#27;[37mPOST&amp#27;[39m &amp#27;[37m/session/658d456f-f9b8-40d8-a4be-9c90fa92daf8/timeouts&amp#27;[39m
&amp#27;[38;5;0m[HTTP]&amp#27;[0m &amp#27;[90m{"implicit":2000}&amp#27;[39m
[debug] &amp#27;[38;5;32m[AndroidUiautomator2Driver@11e1 (658d456f)]&amp#27;[0m Calling AppiumDriver.timeouts() with args: [null,null,null,null,2000,"658d456f-f9b8-40d8-a4be-9c90fa92daf8"]
[debug] &amp#27;[38;5;32m[AndroidUiautomator2Driver@11e1 (658d456f)]&amp#27;[0m W3C timeout argument: {"implicit":2000}}
[debug] &amp#27;[38;5;32m[AndroidUiautomator2Driver@11e1 (658d456f)]&amp#27;[0m Set implicit wait to 2000ms
[debug] &amp#27;[38;5;32m[AndroidUiautomator2Driver@11e1 (658d456f)]&amp#27;[0m Responding to client with driver.timeouts() result: null
&amp#27;[38;5;0m[HTTP]&amp#27;[0m &amp#27;[37m<-- POST /session/658d456f-f9b8-40d8-a4be-9c90fa92daf8/timeouts &amp#27;[39m&amp#27;[32m200&amp#27;[39m &amp#27;[90m4 ms - 14&amp#27;[39m
&amp#27;[38;5;0m[HTTP]&amp#27;[0m &amp#27;[90m&amp#27;[39m
&amp#27;[38;5;0m[HTTP]&amp#27;[0m &amp#27;[37m-->&amp#27;[39m &amp#27;[37mPOST&amp#27;[39m &amp#27;[37m/session/658d456f-f9b8-40d8-a4be-9c90fa92daf8/element/00000000-0000-0efc-ffff-ffff00000030/click&amp#27;[39m
&amp#27;[38;5;0m[HTTP]&amp#27;[0m &amp#27;[90m{"id":"00000000-0000-0efc-ffff-ffff00000030"}&amp#27;[39m
[debug] &amp#27;[38;5;32m[AndroidUiautomator2Driver@11e1 (658d456f)]&amp#27;[0m Calling AppiumDriver.click() with args: ["00000000-0000-0efc-ffff-ffff00000030","658d456f-f9b8-40d8-a4be-9c90fa92daf8"]
[debug] &amp#27;[38;5;32m[AndroidUiautomator2Driver@11e1 (658d456f)]&amp#27;[0m Matched '/element/00000000-0000-0efc-ffff-ffff00000030/click' to command name 'click'
[debug] &amp#27;[38;5;32m[AndroidUiautomator2Driver@11e1 (658d456f)]&amp#27;[0m Proxying [POST /element/00000000-0000-0efc-ffff-ffff00000030/click] to [POST http://127.0.0.1:8200/session/0b3b5532-ae1a-439a-ac89-d096e473b1a6/element/00000000-0000-0efc-ffff-ffff00000030/click] with body: {"element":"00000000-0000-0efc-ffff-ffff00000030"}
[debug] &amp#27;[38;5;32m[AndroidUiautomator2Driver@11e1 (658d456f)]&amp#27;[0m Got response with status 200: {"sessionId":"0b3b5532-ae1a-439a-ac89-d096e473b1a6","value":null}
[debug] &amp#27;[38;5;32m[AndroidUiautomator2Driver@11e1 (658d456f)]&amp#27;[0m Responding to client with driver.click() result: null
&amp#27;[38;5;0m[HTTP]&amp#27;[0m &amp#27;[37m<-- POST /session/658d456f-f9b8-40d8-a4be-9c90fa92daf8/element/00000000-0000-0efc-ffff-ffff00000030/click &amp#27;[39m&amp#27;[32m200&amp#27;[39m &amp#27;[90m56 ms - 14&amp#27;[39m
&amp#27;[38;5;0m[HTTP]&amp#27;[0m &amp#27;[90m&amp#27;[39m
&amp#27;[38;5;0m[HTTP]&amp#27;[0m &amp#27;[37m-->&amp#27;[39m &amp#27;[37mPOST&amp#27;[39m &amp#27;[37m/session/658d456f-f9b8-40d8-a4be-9c90fa92daf8/timeouts&amp#27;[39m
&amp#27;[38;5;0m[HTTP]&amp#27;[0m &amp#27;[90m{"implicit":2000}&amp#27;[39m
[debug] &amp#27;[38;5;32m[AndroidUiautomator2Driver@11e1 (658d456f)]&amp#27;[0m Calling AppiumDriver.timeouts() with args: [null,null,null,null,2000,"658d456f-f9b8-40d8-a4be-9c90fa92daf8"]
[debug] &amp#27;[38;5;32m[AndroidUiautomator2Driver@11e1 (658d456f)]&amp#27;[0m W3C timeout argument: {"implicit":2000}}
[debug] &amp#27;[38;5;32m[AndroidUiautomator2Driver@11e1 (658d456f)]&amp#27;[0m Set implicit wait to 2000ms
[debug] &amp#27;[38;5;32m[AndroidUiautomator2Driver@11e1 (658d456f)]&amp#27;[0m Responding to client with driver.timeouts() result: null
&amp#27;[38;5;0m[HTTP]&amp#27;[0m &amp#27;[37m<-- POST /session/658d456f-f9b8-40d8-a4be-9c90fa92daf8/timeouts &amp#27;[39m&amp#27;[32m200&amp#27;[39m &amp#27;[90m3 ms - 14&amp#27;[39m
&amp#27;[38;5;0m[HTTP]&amp#27;[0m &amp#27;[90m&amp#27;[39m
&amp#27;[38;5;0m[HTTP]&amp#27;[0m &amp#27;[37m-->&amp#27;[39m &amp#27;[37mPOST&amp#27;[39m &amp#27;[37m/session/658d456f-f9b8-40d8-a4be-9c90fa92daf8/elements&amp#27;[39m
&amp#27;[38;5;0m[HTTP]&amp#27;[0m &amp#27;[90m{"using":"id","value":"flipboard.app:id/topic_picker_topic_row_topic_tag"}&amp#27;[39m
[debug] &amp#27;[38;5;32m[AndroidUiautomator2Driver@11e1 (658d456f)]&amp#27;[0m Calling AppiumDriver.findElements() with args: ["id","flipboard.app:id/topic_picker_topic_row_topic_tag","658d456f-f9b8-40d8-a4be-9c90fa92daf8"]
[debug] &amp#27;[38;5;32m[AndroidUiautomator2Driver@11e1 (658d456f)]&amp#27;[0m Valid locator strategies for this request: xpath, id, class name, accessibility id, css selector, -android uiautomator
[debug] &amp#27;[38;5;32m[AndroidUiautomator2Driver@11e1 (658d456f)]&amp#27;[0m Waiting up to 2000 ms for condition
[debug] &amp#27;[38;5;32m[AndroidUiautomator2Driver@11e1 (658d456f)]&amp#27;[0m Matched '/elements' to command name 'findElements'
[debug] &amp#27;[38;5;32m[AndroidUiautomator2Driver@11e1 (658d456f)]&amp#27;[0m Proxying [POST /elements] to [POST http://127.0.0.1:8200/session/0b3b5532-ae1a-439a-ac89-d096e473b1a6/elements] with body: {"strategy":"id","selector":"flipboard.app:id/topic_picker_topic_row_topic_tag","context":"","multiple":true}
[debug] &amp#27;[38;5;32m[AndroidUiautomator2Driver@11e1 (658d456f)]&amp#27;[0m Got response with status 200: {"sessionId":"0b3b5532-ae1a-439a-ac89-d096e473b1a6","value":[{"ELEMENT":"00000000-0000-0efc-ffff-ffff0000002e","element-6066-11e4-a52e-4f735466cecf":"00000000-0000-0efc-ffff-ffff0000002e"},{"ELEMENT":"00000000-0000-0efc-ffff-ffff00000030","element-6066-11e4-a52e-4f735466cecf":"00000000-0000-0efc-ffff-ffff00000030"},{"ELEMENT":"00000000-0000-0efc-ffff-ffff00000032","element-6066-11e4-a52e-4f735466cecf":"00000000-0000-0efc-ffff-ffff00000032"},{"ELEMENT":"00000000-0000-0efc-ffff-ffff00000036","element-6066-11e4-a52e-4f735466cecf":"00000000-0000-0efc-ffff-ffff00000036"},{"ELEMENT":"00000000-0000-0efc-ffff-ffff00000038","element-6066-11e4-a52e-4f735466cecf":"00000000-0000-0efc-ffff-ffff00000038"},{"ELEMENT":"00000000-0000-0efc-ffff-ffff0000003a","element-6066-11e4-a52e-4f735466cecf":"00000000-0000-0efc-ffff-ffff0000003a"},{"ELEMENT":"00000000-0000-0efc-ffff-ffff0000003e","element-6066-11e4-a52e-4f735466cecf":"00000000-0000-0efc-ffff-ffff0000003e"},{"ELEMENT":"00000000-0000-0efc-ffff-ffff00000040","element-6066-...
[debug] &amp#27;[38;5;32m[AndroidUiautomator2Driver@11e1 (658d456f)]&amp#27;[0m Responding to client with driver.findElements() result: [{"element-6066-11e4-a52e-4f735466cecf":"00000000-0000-0efc-ffff-ffff0000002e","ELEMENT":"00000000-0000-0efc-ffff-ffff0000002e"},{"element-6066-11e4-a52e-4f735466cecf":"00000000-0000-0efc-ffff-ffff00000030","ELEMENT":"00000000-0000-0efc-ffff-ffff00000030"},{"element-6066-11e4-a52e-4f735466cecf":"00000000-0000-0efc-ffff-ffff00000032","ELEMENT":"00000000-0000-0efc-ffff-ffff00000032"},{"element-6066-11e4-a52e-4f735466cecf":"00000000-0000-0efc-ffff-ffff00000036","ELEMENT":"00000000-0000-0efc-ffff-ffff00000036"},{"element-6066-11e4-a52e-4f735466cecf":"00000000-0000-0efc-ffff-ffff00000038","ELEMENT":"00000000-0000-0efc-ffff-ffff00000038"},{"element-6066-11e4-a52e-4f735466cecf":"00000000-0000-0efc-ffff-ffff0000003a","ELEMENT":"00000000-0000-0efc-ffff-ffff0000003a"},{"element-6066-11e4-a52e-4f735466cecf":"00000000-0000-0efc-ffff-ffff0000003e","ELEMENT":"00000000-0000-0efc-ffff-ffff0000003e"},{"element-6066-11e4-a52e-4f735466cecf":"00000000-0000-0efc-ffff-ffff00000040","ELEMENT":"00000000-0000-0efc-ffff-ffff0000004...
&amp#27;[38;5;0m[HTTP]&amp#27;[0m &amp#27;[37m<-- POST /session/658d456f-f9b8-40d8-a4be-9c90fa92daf8/elements &amp#27;[39m&amp#27;[32m200&amp#27;[39m &amp#27;[90m671 ms - 3211&amp#27;[39m
&amp#27;[38;5;0m[HTTP]&amp#27;[0m &amp#27;[90m&amp#27;[39m
&amp#27;[38;5;0m[HTTP]&amp#27;[0m &amp#27;[37m-->&amp#27;[39m &amp#27;[37mPOST&amp#27;[39m &amp#27;[37m/session/658d456f-f9b8-40d8-a4be-9c90fa92daf8/timeouts&amp#27;[39m
&amp#27;[38;5;0m[HTTP]&amp#27;[0m &amp#27;[90m{"implicit":2000}&amp#27;[39m
[debug] &amp#27;[38;5;32m[AndroidUiautomator2Driver@11e1 (658d456f)]&amp#27;[0m Calling AppiumDriver.timeouts() with args: [null,null,null,null,2000,"658d456f-f9b8-40d8-a4be-9c90fa92daf8"]
[debug] &amp#27;[38;5;32m[AndroidUiautomator2Driver@11e1 (658d456f)]&amp#27;[0m W3C timeout argument: {"implicit":2000}}
[debug] &amp#27;[38;5;32m[AndroidUiautomator2Driver@11e1 (658d456f)]&amp#27;[0m Set implicit wait to 2000ms
[debug] &amp#27;[38;5;32m[AndroidUiautomator2Driver@11e1 (658d456f)]&amp#27;[0m Responding to client with driver.timeouts() result: null
&amp#27;[38;5;0m[HTTP]&amp#27;[0m &amp#27;[37m<-- POST /session/658d456f-f9b8-40d8-a4be-9c90fa92daf8/timeouts &amp#27;[39m&amp#27;[32m200&amp#27;[39m &amp#27;[90m3 ms - 14&amp#27;[39m
&amp#27;[38;5;0m[HTTP]&amp#27;[0m &amp#27;[90m&amp#27;[39m
&amp#27;[38;5;0m[HTTP]&amp#27;[0m &amp#27;[37m-->&amp#27;[39m &amp#27;[37mPOST&amp#27;[39m &amp#27;[37m/session/658d456f-f9b8-40d8-a4be-9c90fa92daf8/element/00000000-0000-0efc-ffff-ffff00000032/click&amp#27;[39m
&amp#27;[38;5;0m[HTTP]&amp#27;[0m &amp#27;[90m{"id":"00000000-0000-0efc-ffff-ffff00000032"}&amp#27;[39m
[debug] &amp#27;[38;5;32m[AndroidUiautomator2Driver@11e1 (658d456f)]&amp#27;[0m Calling AppiumDriver.click() with args: ["00000000-0000-0efc-ffff-ffff00000032","658d456f-f9b8-40d8-a4be-9c90fa92daf8"]
[debug] &amp#27;[38;5;32m[AndroidUiautomator2Driver@11e1 (658d456f)]&amp#27;[0m Matched '/element/00000000-0000-0efc-ffff-ffff00000032/click' to command name 'click'
[debug] &amp#27;[38;5;32m[AndroidUiautomator2Driver@11e1 (658d456f)]&amp#27;[0m Proxying [POST /element/00000000-0000-0efc-ffff-ffff00000032/click] to [POST http://127.0.0.1:8200/session/0b3b5532-ae1a-439a-ac89-d096e473b1a6/element/00000000-0000-0efc-ffff-ffff00000032/click] with body: {"element":"00000000-0000-0efc-ffff-ffff00000032"}
[debug] &amp#27;[38;5;32m[AndroidUiautomator2Driver@11e1 (658d456f)]&amp#27;[0m Got response with status 200: {"sessionId":"0b3b5532-ae1a-439a-ac89-d096e473b1a6","value":null}
[debug] &amp#27;[38;5;32m[AndroidUiautomator2Driver@11e1 (658d456f)]&amp#27;[0m Responding to client with driver.click() result: null
&amp#27;[38;5;0m[HTTP]&amp#27;[0m &amp#27;[37m<-- POST /session/658d456f-f9b8-40d8-a4be-9c90fa92daf8/element/00000000-0000-0efc-ffff-ffff00000032/click &amp#27;[39m&amp#27;[32m200&amp#27;[39m &amp#27;[90m60 ms - 14&amp#27;[39m
&amp#27;[38;5;0m[HTTP]&amp#27;[0m &amp#27;[90m&amp#27;[39m
&amp#27;[38;5;0m[HTTP]&amp#27;[0m &amp#27;[37m-->&amp#27;[39m &amp#27;[37mGET&amp#27;[39m &amp#27;[37m/session/658d456f-f9b8-40d8-a4be-9c90fa92daf8/screenshot&amp#27;[39m
&amp#27;[38;5;0m[HTTP]&amp#27;[0m &amp#27;[90m{}&amp#27;[39m
[debug] &amp#27;[38;5;32m[AndroidUiautomator2Driver@11e1 (658d456f)]&amp#27;[0m Calling AppiumDriver.getScreenshot() with args: ["658d456f-f9b8-40d8-a4be-9c90fa92daf8"]
[debug] &amp#27;[38;5;32m[AndroidUiautomator2Driver@11e1 (658d456f)]&amp#27;[0m Matched '/screenshot' to command name 'getScreenshot'
[debug] &amp#27;[38;5;32m[AndroidUiautomator2Driver@11e1 (658d456f)]&amp#27;[0m Proxying [GET /screenshot] to [GET http://127.0.0.1:8200/session/0b3b5532-ae1a-439a-ac89-d096e473b1a6/screenshot] with no body
[debug] &amp#27;[38;5;32m[AndroidUiautomator2Driver@11e1 (658d456f)]&amp#27;[0m Got response with status 200: {"sessionId":"0b3b5532-ae1a-439a-ac89-d096e473b1a6","value":"iVBORw0KGgoAAAANSUhEUgAABDgAAAlgCAYAAABtGofVAAAAAXNSR0IArs4c6QAAAARzQklUCAgICHwIZIgAACAASURBVHicbN3rltxIbi3gIJnXktrTtsfnefXOrSrllTw/kB+ALFtrzZpudVUmGYEANjY2ENO///3vbbfbjTHGOByO43q9jN1uPy6XP+NwOI7dbjeu18uY53ms6zrWdR3Lsoz9/jAulz9jmqZxOBzHuq5jv9+PMcZ4Pp9jXddxv9/Gx8ePcb1exn5/GOu6jjHG2O/343q9jDHGOB5P436/j3mex7Is+ZnP53Ns2zaWZRnLEs9wPn8Mf57PZ37+7XbNv9/vD2Oe5/H79z/jdDqP2+06DofjmOd5XC5/8j3i+3avz3qM0+k8fv/+Z5zPH/m80zSNaZrGuq7jdruObdvG6XQe9/tt7PeH8Xjccz3meRnr+hyPx2PsdrvxeDxe7xzvcTgcx/P5HI/Hfex2+7Hf78efP19jjDHO54+xruuYpmncbtdcp/P5Y/z58zVOp3O+/58/X2O324/n8zHGGGNd13E8nsa2bfm/2+2azz7P8zgcjmOMMaZpGl9fn7kuz+ez/W585zwvr/eZx/1+H9u2jd1uN+7321iW3ViWZVyvl7FtWz6P9dzt9rneu91ufH7+Hj9//jVut9vY7/fj+XyOMca432/jfP4Yn5+/c78ulz/j58+/xhhjfH7+HrvdbmzbNqZpeq31Y9zvt/Hjx88xxhjbto3n8/l6ztuYpnnsdrtc0+PxNG63a+63tbjf72NZlnE4HMf9fhvH42k8Ho+xrs/xfD7H+fwxHo/HuN2u4+Pjx/j8/D3meR7zPOf3Hg7H8efP1/jx4+d4PB5jWZZxv9/G8/lMez8cjmPbtnzfeV7yM/78+Rrn80falvUbY4xlWXJvpml6rf8+3/1y+fM6a4ex2+3G7XYdx+NpXC5/...
[debug] &amp#27;[38;5;32m[AndroidUiautomator2Driver@11e1 (658d456f)]&amp#27;[0m Responding to client with driver.getScreenshot() result: "iVBORw0KGgoAAAANSUhEUgAABDgAAAlgCAYAAABtGofVAAAAAXNSR0IArs4c6QAAAARzQklUCAgICHwIZIgAACAASURBVHicbN3rltxIbi3gIJnXktrTtsfnefXOrSrllTw/kB+ALFtrzZpudVUmGYEANjY2ENO///3vbbfbjTHGOByO43q9jN1uPy6XP+NwOI7dbjeu18uY53ms6zrWdR3Lsoz9/jAulz9jmqZxOBzHuq5jv9+PMcZ4Pp9jXddxv9/Gx8ePcb1exn5/GOu6jjHG2O/343q9jDHGOB5P436/j3mex7Is+ZnP53Ns2zaWZRnLEs9wPn8Mf57PZ37+7XbNv9/vD2Oe5/H79z/jdDqP2+06DofjmOd5XC5/8j3i+3avz3qM0+k8fv/+Z5zPH/m80zSNaZrGuq7jdruObdvG6XQe9/tt7PeH8Xjccz3meRnr+hyPx2PsdrvxeDxe7xzvcTgcx/P5HI/Hfex2+7Hf78efP19jjDHO54+xruuYpmncbtdcp/P5Y/z58zVOp3O+/58/X2O324/n8zHGGGNd13E8nsa2bfm/2+2azz7P8zgcjmOMMaZpGl9fn7kuz+ez/W585zwvr/eZx/1+H9u2jd1uN+7321iW3ViWZVyvl7FtWz6P9dzt9rneu91ufH7+Hj9//jVut9vY7/fj+XyOMca432/jfP4Yn5+/c78ulz/j58+/xhhjfH7+HrvdbmzbNqZpeq31Y9zvt/Hjx88xxhjbto3n8/l6ztuYpnnsdrtc0+PxNG63a+63tbjf72NZlnE4HMf9fhvH42k8Ho+xrs/xfD7H+fwxHo/HuN2u4+Pjx/j8/D3meR7zPOf3Hg7H8efP1/jx4+d4PB5jWZZxv9/G8/lMez8cjmPbtnzfeV7yM/78+Rrn80falvUbY4xlWXJvpml6rf8+3/1y+fM6a4ex2+3G7XYdx+NpXC5/cn23bRs/f/6Vz2Gduo3EexxyvdicP6fTOW3Is/i5ZVlyjXa73ZimaRyPp9w3...
&amp#27;[38;5;0m[HTTP]&amp#27;[0m &amp#27;[37m<-- GET /session/658d456f-f9b8-40d8-a4be-9c90fa92daf8/screenshot &amp#27;[39m&amp#27;[32m200&amp#27;[39m &amp#27;[90m2561 ms - 3635840&amp#27;[39m
&amp#27;[38;5;0m[HTTP]&amp#27;[0m &amp#27;[90m&amp#27;[39m
&amp#27;[38;5;0m[HTTP]&amp#27;[0m &amp#27;[37m-->&amp#27;[39m &amp#27;[37mGET&amp#27;[39m &amp#27;[37m/session/658d456f-f9b8-40d8-a4be-9c90fa92daf8/source&amp#27;[39m
&amp#27;[38;5;0m[HTTP]&amp#27;[0m &amp#27;[90m{}&amp#27;[39m
&amp#27;[38;5;32m[AndroidUiautomator2Driver@11e1 (658d456f)]&amp#27;[0m Driver proxy active, passing request on via HTTP proxy
[debug] &amp#27;[38;5;32m[AndroidUiautomator2Driver@11e1 (658d456f)]&amp#27;[0m Matched '/session/658d456f-f9b8-40d8-a4be-9c90fa92daf8/source' to command name 'getPageSource'
[debug] &amp#27;[38;5;32m[AndroidUiautomator2Driver@11e1 (658d456f)]&amp#27;[0m Proxying [GET /session/658d456f-f9b8-40d8-a4be-9c90fa92daf8/source] to [GET http://127.0.0.1:8200/session/0b3b5532-ae1a-439a-ac89-d096e473b1a6/source] with no body
[debug] &amp#27;[38;5;32m[AndroidUiautomator2Driver@11e1 (658d456f)]&amp#27;[0m Got response with status 200: {"sessionId":"0b3b5532-ae1a-439a-ac89-d096e473b1a6","value":"<?xml version='1.0' encoding='UTF-8' standalone='yes' ?>\r\n<hierarchy index=\"0\" class=\"hierarchy\" rotation=\"0\" width=\"1080\" height=\"2307\">\r\n  <android.widget.FrameLayout index=\"0\" package=\"flipboard.app\" class=\"android.widget.FrameLayout\" text=\"\" checkable=\"false\" checked=\"false\" clickable=\"false\" enabled=\"true\" focusable=\"false\" focused=\"false\" long-clickable=\"false\" password=\"false\" scrollable=\"false\" selected=\"false\" bounds=\"[0,0][1080,2307]\" displayed=\"true\">\r\n    <android.widget.LinearLayout index=\"0\" package=\"flipboard.app\" class=\"android.widget.LinearLayout\" text=\"\" checkable=\"false\" checked=\"false\" clickable=\"false\" enabled=\"true\" focusable=\"false\" focused=\"false\" long-clickable=\"false\" password=\"false\" scrollable=\"false\" selected=\"false\" bounds=\"[0,0][1080,2307]\" displayed=\"true\">\r\n      <android.widget.FrameLayout index=\"0\" package=\"flipboard.app\" class...
&amp#27;[38;5;32m[AndroidUiautomator2Driver@11e1 (658d456f)]&amp#27;[0m Replacing sessionId 0b3b5532-ae1a-439a-ac89-d096e473b1a6 with 658d456f-f9b8-40d8-a4be-9c90fa92daf8
&amp#27;[38;5;0m[HTTP]&amp#27;[0m &amp#27;[37m<-- GET /session/658d456f-f9b8-40d8-a4be-9c90fa92daf8/source &amp#27;[39m&amp#27;[32m200&amp#27;[39m &amp#27;[90m367 ms - 24700&amp#27;[39m
&amp#27;[38;5;0m[HTTP]&amp#27;[0m &amp#27;[90m&amp#27;[39m
&amp#27;[38;5;0m[HTTP]&amp#27;[0m &amp#27;[37m-->&amp#27;[39m &amp#27;[37mPOST&amp#27;[39m &amp#27;[37m/session/658d456f-f9b8-40d8-a4be-9c90fa92daf8/timeouts&amp#27;[39m
&amp#27;[38;5;0m[HTTP]&amp#27;[0m &amp#27;[90m{"implicit":2000}&amp#27;[39m
[debug] &amp#27;[38;5;32m[AndroidUiautomator2Driver@11e1 (658d456f)]&amp#27;[0m Calling AppiumDriver.timeouts() with args: [null,null,null,null,2000,"658d456f-f9b8-40d8-a4be-9c90fa92daf8"]
[debug] &amp#27;[38;5;32m[AndroidUiautomator2Driver@11e1 (658d456f)]&amp#27;[0m W3C timeout argument: {"implicit":2000}}
[debug] &amp#27;[38;5;32m[AndroidUiautomator2Driver@11e1 (658d456f)]&amp#27;[0m Set implicit wait to 2000ms
[debug] &amp#27;[38;5;32m[AndroidUiautomator2Driver@11e1 (658d456f)]&amp#27;[0m Responding to client with driver.timeouts() result: null
&amp#27;[38;5;0m[HTTP]&amp#27;[0m &amp#27;[37m<-- POST /session/658d456f-f9b8-40d8-a4be-9c90fa92daf8/timeouts &amp#27;[39m&amp#27;[32m200&amp#27;[39m &amp#27;[90m2 ms - 14&amp#27;[39m
&amp#27;[38;5;0m[HTTP]&amp#27;[0m &amp#27;[90m&amp#27;[39m
&amp#27;[38;5;0m[HTTP]&amp#27;[0m &amp#27;[37m-->&amp#27;[39m &amp#27;[37mPOST&amp#27;[39m &amp#27;[37m/session/658d456f-f9b8-40d8-a4be-9c90fa92daf8/element&amp#27;[39m
&amp#27;[38;5;0m[HTTP]&amp#27;[0m &amp#27;[90m{"using":"id","value":"flipboard.app:id/topic_picker_continue_button"}&amp#27;[39m
[debug] &amp#27;[38;5;32m[AndroidUiautomator2Driver@11e1 (658d456f)]&amp#27;[0m Calling AppiumDriver.findElement() with args: ["id","flipboard.app:id/topic_picker_continue_button","658d456f-f9b8-40d8-a4be-9c90fa92daf8"]
[debug] &amp#27;[38;5;32m[AndroidUiautomator2Driver@11e1 (658d456f)]&amp#27;[0m Valid locator strategies for this request: xpath, id, class name, accessibility id, css selector, -android uiautomator
[debug] &amp#27;[38;5;32m[AndroidUiautomator2Driver@11e1 (658d456f)]&amp#27;[0m Waiting up to 2000 ms for condition
[debug] &amp#27;[38;5;32m[AndroidUiautomator2Driver@11e1 (658d456f)]&amp#27;[0m Matched '/element' to command name 'findElement'
[debug] &amp#27;[38;5;32m[AndroidUiautomator2Driver@11e1 (658d456f)]&amp#27;[0m Proxying [POST /element] to [POST http://127.0.0.1:8200/session/0b3b5532-ae1a-439a-ac89-d096e473b1a6/element] with body: {"strategy":"id","selector":"flipboard.app:id/topic_picker_continue_button","context":"","multiple":false}
[debug] &amp#27;[38;5;32m[AndroidUiautomator2Driver@11e1 (658d456f)]&amp#27;[0m Got response with status 200: {"sessionId":"0b3b5532-ae1a-439a-ac89-d096e473b1a6","value":{"ELEMENT":"00000000-0000-0efc-ffff-ffff00000021","element-6066-11e4-a52e-4f735466cecf":"00000000-0000-0efc-ffff-ffff00000021"}}
[debug] &amp#27;[38;5;32m[AndroidUiautomator2Driver@11e1 (658d456f)]&amp#27;[0m Responding to client with driver.findElement() result: {"element-6066-11e4-a52e-4f735466cecf":"00000000-0000-0efc-ffff-ffff00000021","ELEMENT":"00000000-0000-0efc-ffff-ffff00000021"}
&amp#27;[38;5;0m[HTTP]&amp#27;[0m &amp#27;[37m<-- POST /session/658d456f-f9b8-40d8-a4be-9c90fa92daf8/element &amp#27;[39m&amp#27;[32m200&amp#27;[39m &amp#27;[90m162 ms - 137&amp#27;[39m
&amp#27;[38;5;0m[HTTP]&amp#27;[0m &amp#27;[90m&amp#27;[39m
&amp#27;[38;5;0m[HTTP]&amp#27;[0m &amp#27;[37m-->&amp#27;[39m &amp#27;[37mPOST&amp#27;[39m &amp#27;[37m/session/658d456f-f9b8-40d8-a4be-9c90fa92daf8/timeouts&amp#27;[39m
&amp#27;[38;5;0m[HTTP]&amp#27;[0m &amp#27;[90m{"implicit":2000}&amp#27;[39m
[debug] &amp#27;[38;5;32m[AndroidUiautomator2Driver@11e1 (658d456f)]&amp#27;[0m Calling AppiumDriver.timeouts() with args: [null,null,null,null,2000,"658d456f-f9b8-40d8-a4be-9c90fa92daf8"]
[debug] &amp#27;[38;5;32m[AndroidUiautomator2Driver@11e1 (658d456f)]&amp#27;[0m W3C timeout argument: {"implicit":2000}}
[debug] &amp#27;[38;5;32m[AndroidUiautomator2Driver@11e1 (658d456f)]&amp#27;[0m Set implicit wait to 2000ms
[debug] &amp#27;[38;5;32m[AndroidUiautomator2Driver@11e1 (658d456f)]&amp#27;[0m Responding to client with driver.timeouts() result: null
&amp#27;[38;5;0m[HTTP]&amp#27;[0m &amp#27;[37m<-- POST /session/658d456f-f9b8-40d8-a4be-9c90fa92daf8/timeouts &amp#27;[39m&amp#27;[32m200&amp#27;[39m &amp#27;[90m2 ms - 14&amp#27;[39m
&amp#27;[38;5;0m[HTTP]&amp#27;[0m &amp#27;[90m&amp#27;[39m
&amp#27;[38;5;0m[HTTP]&amp#27;[0m &amp#27;[37m-->&amp#27;[39m &amp#27;[37mGET&amp#27;[39m &amp#27;[37m/session/658d456f-f9b8-40d8-a4be-9c90fa92daf8/element/00000000-0000-0efc-ffff-ffff00000021/displayed&amp#27;[39m
&amp#27;[38;5;0m[HTTP]&amp#27;[0m &amp#27;[90m{}&amp#27;[39m
[debug] &amp#27;[38;5;32m[AndroidUiautomator2Driver@11e1 (658d456f)]&amp#27;[0m Calling AppiumDriver.elementDisplayed() with args: ["00000000-0000-0efc-ffff-ffff00000021","658d456f-f9b8-40d8-a4be-9c90fa92daf8"]
[debug] &amp#27;[38;5;32m[AndroidUiautomator2Driver@11e1 (658d456f)]&amp#27;[0m Matched '/element/00000000-0000-0efc-ffff-ffff00000021/attribute/displayed' to command name 'getAttribute'
[debug] &amp#27;[38;5;32m[AndroidUiautomator2Driver@11e1 (658d456f)]&amp#27;[0m Proxying [GET /element/00000000-0000-0efc-ffff-ffff00000021/attribute/displayed] to [GET http://127.0.0.1:8200/session/0b3b5532-ae1a-439a-ac89-d096e473b1a6/element/00000000-0000-0efc-ffff-ffff00000021/attribute/displayed] with no body
[debug] &amp#27;[38;5;32m[AndroidUiautomator2Driver@11e1 (658d456f)]&amp#27;[0m Got response with status 200: {"sessionId":"0b3b5532-ae1a-439a-ac89-d096e473b1a6","value":"true"}
[debug] &amp#27;[38;5;32m[AndroidUiautomator2Driver@11e1 (658d456f)]&amp#27;[0m Responding to client with driver.elementDisplayed() result: true
&amp#27;[38;5;0m[HTTP]&amp#27;[0m &amp#27;[37m<-- GET /session/658d456f-f9b8-40d8-a4be-9c90fa92daf8/element/00000000-0000-0efc-ffff-ffff00000021/displayed &amp#27;[39m&amp#27;[32m200&amp#27;[39m &amp#27;[90m24 ms - 14&amp#27;[39m
&amp#27;[38;5;0m[HTTP]&amp#27;[0m &amp#27;[90m&amp#27;[39m
&amp#27;[38;5;0m[HTTP]&amp#27;[0m &amp#27;[37m-->&amp#27;[39m &amp#27;[37mPOST&amp#27;[39m &amp#27;[37m/session/658d456f-f9b8-40d8-a4be-9c90fa92daf8/element/00000000-0000-0efc-ffff-ffff00000021/click&amp#27;[39m
&amp#27;[38;5;0m[HTTP]&amp#27;[0m &amp#27;[90m{"id":"00000000-0000-0efc-ffff-ffff00000021"}&amp#27;[39m
[debug] &amp#27;[38;5;32m[AndroidUiautomator2Driver@11e1 (658d456f)]&amp#27;[0m Calling AppiumDriver.click() with args: ["00000000-0000-0efc-ffff-ffff00000021","658d456f-f9b8-40d8-a4be-9c90fa92daf8"]
[debug] &amp#27;[38;5;32m[AndroidUiautomator2Driver@11e1 (658d456f)]&amp#27;[0m Matched '/element/00000000-0000-0efc-ffff-ffff00000021/click' to command name 'click'
[debug] &amp#27;[38;5;32m[AndroidUiautomator2Driver@11e1 (658d456f)]&amp#27;[0m Proxying [POST /element/00000000-0000-0efc-ffff-ffff00000021/click] to [POST http://127.0.0.1:8200/session/0b3b5532-ae1a-439a-ac89-d096e473b1a6/element/00000000-0000-0efc-ffff-ffff00000021/click] with body: {"element":"00000000-0000-0efc-ffff-ffff00000021"}
[debug] &amp#27;[38;5;32m[AndroidUiautomator2Driver@11e1 (658d456f)]&amp#27;[0m Got response with status 200: {"sessionId":"0b3b5532-ae1a-439a-ac89-d096e473b1a6","value":null}
[debug] &amp#27;[38;5;32m[AndroidUiautomator2Driver@11e1 (658d456f)]&amp#27;[0m Responding to client with driver.click() result: null
&amp#27;[38;5;0m[HTTP]&amp#27;[0m &amp#27;[37m<-- POST /session/658d456f-f9b8-40d8-a4be-9c90fa92daf8/element/00000000-0000-0efc-ffff-ffff00000021/click &amp#27;[39m&amp#27;[32m200&amp#27;[39m &amp#27;[90m50 ms - 14&amp#27;[39m
&amp#27;[38;5;0m[HTTP]&amp#27;[0m &amp#27;[90m&amp#27;[39m
&amp#27;[38;5;0m[HTTP]&amp#27;[0m &amp#27;[37m-->&amp#27;[39m &amp#27;[37mGET&amp#27;[39m &amp#27;[37m/session/658d456f-f9b8-40d8-a4be-9c90fa92daf8/screenshot&amp#27;[39m
&amp#27;[38;5;0m[HTTP]&amp#27;[0m &amp#27;[90m{}&amp#27;[39m
[debug] &amp#27;[38;5;32m[AndroidUiautomator2Driver@11e1 (658d456f)]&amp#27;[0m Calling AppiumDriver.getScreenshot() with args: ["658d456f-f9b8-40d8-a4be-9c90fa92daf8"]
[debug] &amp#27;[38;5;32m[AndroidUiautomator2Driver@11e1 (658d456f)]&amp#27;[0m Matched '/screenshot' to command name 'getScreenshot'
[debug] &amp#27;[38;5;32m[AndroidUiautomator2Driver@11e1 (658d456f)]&amp#27;[0m Proxying [GET /screenshot] to [GET http://127.0.0.1:8200/session/0b3b5532-ae1a-439a-ac89-d096e473b1a6/screenshot] with no body
[debug] &amp#27;[38;5;32m[AndroidUiautomator2Driver@11e1 (658d456f)]&amp#27;[0m Got response with status 200: {"sessionId":"0b3b5532-ae1a-439a-ac89-d096e473b1a6","value":"iVBORw0KGgoAAAANSUhEUgAABDgAAAlgCAYAAABtGofVAAAAAXNSR0IArs4c6QAAAARzQklUCAgICHwIZIgAACAASURBVHicbN3rltxIbi3gIJnXktrTtsfnefXOrSrllTw/kB+ALFtrzZpudVUmGYEANjY2ENO///3vbbfbjTHGOByO43q9jN1uPy6XP+NwOI7dbjeu18uY53ms6zrWdR3Lsoz9/jAulz9jmqZxOBzHuq5jv9+PMcZ4Pp9jXddxv9/Gx8ePcb1exn5/GOu6jjHG2O/343q9jDHGOB5P436/j3mex7Is+ZnP53Ns2zaWZRnLEs9wPn8Mf57PZ37+7XbNv9/vD2Oe5/H79z/jdDqP2+06DofjmOd5XC5/8j3i+3avz3qM0+k8fv/+Z5zPH/m80zSNaZrGuq7jdruObdvG6XQe9/tt7PeH8Xjccz3meRnr+hyPx2PsdrvxeDxe7xzvcTgcx/P5HI/Hfex2+7Hf78efP19jjDHO54+xruuYpmncbtdcp/P5Y/z58zVOp3O+/58/X2O324/n8zHGGGNd13E8nsa2bfm/2+2azz7P8zgcjmOMMaZpGl9fn7kuz+ez/W585zwvr/eZx/1+H9u2jd1uN+7321iW3ViWZVyvl7FtWz6P9dzt9rneu91ufH7+Hj9//jVut9vY7/fj+XyOMca432/jfP4Yn5+/c78ulz/j58+/xhhjfH7+HrvdbmzbNqZpeq31Y9zvt/Hjx88xxhjbto3n8/l6ztuYpnnsdrtc0+PxNG63a+63tbjf72NZlnE4HMf9fhvH42k8Ho+xrs/xfD7H+fwxHo/HuN2u4+Pjx/j8/D3meR7zPOf3Hg7H8efP1/jx4+d4PB5jWZZxv9/G8/lMez8cjmPbtnzfeV7yM/78+Rrn80falvUbY4xlWXJvpml6rf8+3/1y+fM6a4ex2+3G7XYdx+NpXC5/...
[debug] &amp#27;[38;5;32m[AndroidUiautomator2Driver@11e1 (658d456f)]&amp#27;[0m Responding to client with driver.getScreenshot() result: "iVBORw0KGgoAAAANSUhEUgAABDgAAAlgCAYAAABtGofVAAAAAXNSR0IArs4c6QAAAARzQklUCAgICHwIZIgAACAASURBVHicbN3rltxIbi3gIJnXktrTtsfnefXOrSrllTw/kB+ALFtrzZpudVUmGYEANjY2ENO///3vbbfbjTHGOByO43q9jN1uPy6XP+NwOI7dbjeu18uY53ms6zrWdR3Lsoz9/jAulz9jmqZxOBzHuq5jv9+PMcZ4Pp9jXddxv9/Gx8ePcb1exn5/GOu6jjHG2O/343q9jDHGOB5P436/j3mex7Is+ZnP53Ns2zaWZRnLEs9wPn8Mf57PZ37+7XbNv9/vD2Oe5/H79z/jdDqP2+06DofjmOd5XC5/8j3i+3avz3qM0+k8fv/+Z5zPH/m80zSNaZrGuq7jdruObdvG6XQe9/tt7PeH8Xjccz3meRnr+hyPx2PsdrvxeDxe7xzvcTgcx/P5HI/Hfex2+7Hf78efP19jjDHO54+xruuYpmncbtdcp/P5Y/z58zVOp3O+/58/X2O324/n8zHGGGNd13E8nsa2bfm/2+2azz7P8zgcjmOMMaZpGl9fn7kuz+ez/W585zwvr/eZx/1+H9u2jd1uN+7321iW3ViWZVyvl7FtWz6P9dzt9rneu91ufH7+Hj9//jVut9vY7/fj+XyOMca432/jfP4Yn5+/c78ulz/j58+/xhhjfH7+HrvdbmzbNqZpeq31Y9zvt/Hjx88xxhjbto3n8/l6ztuYpnnsdrtc0+PxNG63a+63tbjf72NZlnE4HMf9fhvH42k8Ho+xrs/xfD7H+fwxHo/HuN2u4+Pjx/j8/D3meR7zPOf3Hg7H8efP1/jx4+d4PB5jWZZxv9/G8/lMez8cjmPbtnzfeV7yM/78+Rrn80falvUbY4xlWXJvpml6rf8+3/1y+fM6a4ex2+3G7XYdx+NpXC5/cn23bRs/f/6Vz2Gduo3EexxyvdicP6fTOW3Is/i5ZVlyjXa73ZimaRyPp9w3...
&amp#27;[38;5;0m[HTTP]&amp#27;[0m &amp#27;[37m<-- GET /session/658d456f-f9b8-40d8-a4be-9c90fa92daf8/screenshot &amp#27;[39m&amp#27;[32m200&amp#27;[39m &amp#27;[90m2345 ms - 3672168&amp#27;[39m
&amp#27;[38;5;0m[HTTP]&amp#27;[0m &amp#27;[90m&amp#27;[39m
&amp#27;[38;5;0m[HTTP]&amp#27;[0m &amp#27;[37m-->&amp#27;[39m &amp#27;[37mGET&amp#27;[39m &amp#27;[37m/session/658d456f-f9b8-40d8-a4be-9c90fa92daf8/source&amp#27;[39m
&amp#27;[38;5;0m[HTTP]&amp#27;[0m &amp#27;[90m{}&amp#27;[39m
&amp#27;[38;5;32m[AndroidUiautomator2Driver@11e1 (658d456f)]&amp#27;[0m Driver proxy active, passing request on via HTTP proxy
[debug] &amp#27;[38;5;32m[AndroidUiautomator2Driver@11e1 (658d456f)]&amp#27;[0m Matched '/session/658d456f-f9b8-40d8-a4be-9c90fa92daf8/source' to command name 'getPageSource'
[debug] &amp#27;[38;5;32m[AndroidUiautomator2Driver@11e1 (658d456f)]&amp#27;[0m Proxying [GET /session/658d456f-f9b8-40d8-a4be-9c90fa92daf8/source] to [GET http://127.0.0.1:8200/session/0b3b5532-ae1a-439a-ac89-d096e473b1a6/source] with no body
[debug] &amp#27;[38;5;32m[AndroidUiautomator2Driver@11e1 (658d456f)]&amp#27;[0m Got response with status 200: {"sessionId":"0b3b5532-ae1a-439a-ac89-d096e473b1a6","value":"<?xml version='1.0' encoding='UTF-8' standalone='yes' ?>\r\n<hierarchy index=\"0\" class=\"hierarchy\" rotation=\"0\" width=\"1080\" height=\"2307\">\r\n  <android.widget.FrameLayout index=\"0\" package=\"flipboard.app\" class=\"android.widget.FrameLayout\" text=\"\" checkable=\"false\" checked=\"false\" clickable=\"false\" enabled=\"true\" focusable=\"false\" focused=\"false\" long-clickable=\"false\" password=\"false\" scrollable=\"false\" selected=\"false\" bounds=\"[0,0][1080,2307]\" displayed=\"true\">\r\n    <android.widget.LinearLayout index=\"0\" package=\"flipboard.app\" class=\"android.widget.LinearLayout\" text=\"\" checkable=\"false\" checked=\"false\" clickable=\"false\" enabled=\"true\" focusable=\"false\" focused=\"false\" long-clickable=\"false\" password=\"false\" scrollable=\"false\" selected=\"false\" bounds=\"[0,0][1080,2307]\" displayed=\"true\">\r\n      <android.widget.FrameLayout index=\"0\" package=\"flipboard.app\" class...
&amp#27;[38;5;32m[AndroidUiautomator2Driver@11e1 (658d456f)]&amp#27;[0m Replacing sessionId 0b3b5532-ae1a-439a-ac89-d096e473b1a6 with 658d456f-f9b8-40d8-a4be-9c90fa92daf8
&amp#27;[38;5;0m[HTTP]&amp#27;[0m &amp#27;[37m<-- GET /session/658d456f-f9b8-40d8-a4be-9c90fa92daf8/source &amp#27;[39m&amp#27;[32m200&amp#27;[39m &amp#27;[90m176 ms - 9646&amp#27;[39m
&amp#27;[38;5;0m[HTTP]&amp#27;[0m &amp#27;[90m&amp#27;[39m
&amp#27;[38;5;0m[HTTP]&amp#27;[0m &amp#27;[37m-->&amp#27;[39m &amp#27;[37mPOST&amp#27;[39m &amp#27;[37m/session/658d456f-f9b8-40d8-a4be-9c90fa92daf8/timeouts&amp#27;[39m
&amp#27;[38;5;0m[HTTP]&amp#27;[0m &amp#27;[90m{"implicit":2000}&amp#27;[39m
[debug] &amp#27;[38;5;32m[AndroidUiautomator2Driver@11e1 (658d456f)]&amp#27;[0m Calling AppiumDriver.timeouts() with args: [null,null,null,null,2000,"658d456f-f9b8-40d8-a4be-9c90fa92daf8"]
[debug] &amp#27;[38;5;32m[AndroidUiautomator2Driver@11e1 (658d456f)]&amp#27;[0m W3C timeout argument: {"implicit":2000}}
[debug] &amp#27;[38;5;32m[AndroidUiautomator2Driver@11e1 (658d456f)]&amp#27;[0m Set implicit wait to 2000ms
[debug] &amp#27;[38;5;32m[AndroidUiautomator2Driver@11e1 (658d456f)]&amp#27;[0m Responding to client with driver.timeouts() result: null
&amp#27;[38;5;0m[HTTP]&amp#27;[0m &amp#27;[37m<-- POST /session/658d456f-f9b8-40d8-a4be-9c90fa92daf8/timeouts &amp#27;[39m&amp#27;[32m200&amp#27;[39m &amp#27;[90m3 ms - 14&amp#27;[39m
&amp#27;[38;5;0m[HTTP]&amp#27;[0m &amp#27;[90m&amp#27;[39m
&amp#27;[38;5;0m[HTTP]&amp#27;[0m &amp#27;[37m-->&amp#27;[39m &amp#27;[37mPOST&amp#27;[39m &amp#27;[37m/session/658d456f-f9b8-40d8-a4be-9c90fa92daf8/element&amp#27;[39m
&amp#27;[38;5;0m[HTTP]&amp#27;[0m &amp#27;[90m{"using":"id","value":"flipboard.app:id/icon_button_text"}&amp#27;[39m
[debug] &amp#27;[38;5;32m[AndroidUiautomator2Driver@11e1 (658d456f)]&amp#27;[0m Calling AppiumDriver.findElement() with args: ["id","flipboard.app:id/icon_button_text","658d456f-f9b8-40d8-a4be-9c90fa92daf8"]
[debug] &amp#27;[38;5;32m[AndroidUiautomator2Driver@11e1 (658d456f)]&amp#27;[0m Valid locator strategies for this request: xpath, id, class name, accessibility id, css selector, -android uiautomator
[debug] &amp#27;[38;5;32m[AndroidUiautomator2Driver@11e1 (658d456f)]&amp#27;[0m Waiting up to 2000 ms for condition
[debug] &amp#27;[38;5;32m[AndroidUiautomator2Driver@11e1 (658d456f)]&amp#27;[0m Matched '/element' to command name 'findElement'
[debug] &amp#27;[38;5;32m[AndroidUiautomator2Driver@11e1 (658d456f)]&amp#27;[0m Proxying [POST /element] to [POST http://127.0.0.1:8200/session/0b3b5532-ae1a-439a-ac89-d096e473b1a6/element] with body: {"strategy":"id","selector":"flipboard.app:id/icon_button_text","context":"","multiple":false}
[debug] &amp#27;[38;5;32m[AndroidUiautomator2Driver@11e1 (658d456f)]&amp#27;[0m Got response with status 200: {"sessionId":"0b3b5532-ae1a-439a-ac89-d096e473b1a6","value":{"ELEMENT":"00000000-0000-0efd-ffff-ffff0000009e","element-6066-11e4-a52e-4f735466cecf":"00000000-0000-0efd-ffff-ffff0000009e"}}
[debug] &amp#27;[38;5;32m[AndroidUiautomator2Driver@11e1 (658d456f)]&amp#27;[0m Responding to client with driver.findElement() result: {"element-6066-11e4-a52e-4f735466cecf":"00000000-0000-0efd-ffff-ffff0000009e","ELEMENT":"00000000-0000-0efd-ffff-ffff0000009e"}
&amp#27;[38;5;0m[HTTP]&amp#27;[0m &amp#27;[37m<-- POST /session/658d456f-f9b8-40d8-a4be-9c90fa92daf8/element &amp#27;[39m&amp#27;[32m200&amp#27;[39m &amp#27;[90m47 ms - 137&amp#27;[39m
&amp#27;[38;5;0m[HTTP]&amp#27;[0m &amp#27;[90m&amp#27;[39m
&amp#27;[38;5;0m[HTTP]&amp#27;[0m &amp#27;[37m-->&amp#27;[39m &amp#27;[37mPOST&amp#27;[39m &amp#27;[37m/session/658d456f-f9b8-40d8-a4be-9c90fa92daf8/timeouts&amp#27;[39m
&amp#27;[38;5;0m[HTTP]&amp#27;[0m &amp#27;[90m{"implicit":2000}&amp#27;[39m
[debug] &amp#27;[38;5;32m[AndroidUiautomator2Driver@11e1 (658d456f)]&amp#27;[0m Calling AppiumDriver.timeouts() with args: [null,null,null,null,2000,"658d456f-f9b8-40d8-a4be-9c90fa92daf8"]
[debug] &amp#27;[38;5;32m[AndroidUiautomator2Driver@11e1 (658d456f)]&amp#27;[0m W3C timeout argument: {"implicit":2000}}
[debug] &amp#27;[38;5;32m[AndroidUiautomator2Driver@11e1 (658d456f)]&amp#27;[0m Set implicit wait to 2000ms
[debug] &amp#27;[38;5;32m[AndroidUiautomator2Driver@11e1 (658d456f)]&amp#27;[0m Responding to client with driver.timeouts() result: null
&amp#27;[38;5;0m[HTTP]&amp#27;[0m &amp#27;[37m<-- POST /session/658d456f-f9b8-40d8-a4be-9c90fa92daf8/timeouts &amp#27;[39m&amp#27;[32m200&amp#27;[39m &amp#27;[90m2 ms - 14&amp#27;[39m
&amp#27;[38;5;0m[HTTP]&amp#27;[0m &amp#27;[90m&amp#27;[39m
&amp#27;[38;5;0m[HTTP]&amp#27;[0m &amp#27;[37m-->&amp#27;[39m &amp#27;[37mGET&amp#27;[39m &amp#27;[37m/session/658d456f-f9b8-40d8-a4be-9c90fa92daf8/element/00000000-0000-0efd-ffff-ffff0000009e/displayed&amp#27;[39m
&amp#27;[38;5;0m[HTTP]&amp#27;[0m &amp#27;[90m{}&amp#27;[39m
[debug] &amp#27;[38;5;32m[AndroidUiautomator2Driver@11e1 (658d456f)]&amp#27;[0m Calling AppiumDriver.elementDisplayed() with args: ["00000000-0000-0efd-ffff-ffff0000009e","658d456f-f9b8-40d8-a4be-9c90fa92daf8"]
[debug] &amp#27;[38;5;32m[AndroidUiautomator2Driver@11e1 (658d456f)]&amp#27;[0m Matched '/element/00000000-0000-0efd-ffff-ffff0000009e/attribute/displayed' to command name 'getAttribute'
[debug] &amp#27;[38;5;32m[AndroidUiautomator2Driver@11e1 (658d456f)]&amp#27;[0m Proxying [GET /element/00000000-0000-0efd-ffff-ffff0000009e/attribute/displayed] to [GET http://127.0.0.1:8200/session/0b3b5532-ae1a-439a-ac89-d096e473b1a6/element/00000000-0000-0efd-ffff-ffff0000009e/attribute/displayed] with no body
[debug] &amp#27;[38;5;32m[AndroidUiautomator2Driver@11e1 (658d456f)]&amp#27;[0m Got response with status 200: {"sessionId":"0b3b5532-ae1a-439a-ac89-d096e473b1a6","value":"true"}
[debug] &amp#27;[38;5;32m[AndroidUiautomator2Driver@11e1 (658d456f)]&amp#27;[0m Responding to client with driver.elementDisplayed() result: true
&amp#27;[38;5;0m[HTTP]&amp#27;[0m &amp#27;[37m<-- GET /session/658d456f-f9b8-40d8-a4be-9c90fa92daf8/element/00000000-0000-0efd-ffff-ffff0000009e/displayed &amp#27;[39m&amp#27;[32m200&amp#27;[39m &amp#27;[90m28 ms - 14&amp#27;[39m
&amp#27;[38;5;0m[HTTP]&amp#27;[0m &amp#27;[90m&amp#27;[39m
&amp#27;[38;5;0m[HTTP]&amp#27;[0m &amp#27;[37m-->&amp#27;[39m &amp#27;[37mPOST&amp#27;[39m &amp#27;[37m/session/658d456f-f9b8-40d8-a4be-9c90fa92daf8/element/00000000-0000-0efd-ffff-ffff0000009e/click&amp#27;[39m
&amp#27;[38;5;0m[HTTP]&amp#27;[0m &amp#27;[90m{"id":"00000000-0000-0efd-ffff-ffff0000009e"}&amp#27;[39m
[debug] &amp#27;[38;5;32m[AndroidUiautomator2Driver@11e1 (658d456f)]&amp#27;[0m Calling AppiumDriver.click() with args: ["00000000-0000-0efd-ffff-ffff0000009e","658d456f-f9b8-40d8-a4be-9c90fa92daf8"]
[debug] &amp#27;[38;5;32m[AndroidUiautomator2Driver@11e1 (658d456f)]&amp#27;[0m Matched '/element/00000000-0000-0efd-ffff-ffff0000009e/click' to command name 'click'
[debug] &amp#27;[38;5;32m[AndroidUiautomator2Driver@11e1 (658d456f)]&amp#27;[0m Proxying [POST /element/00000000-0000-0efd-ffff-ffff0000009e/click] to [POST http://127.0.0.1:8200/session/0b3b5532-ae1a-439a-ac89-d096e473b1a6/element/00000000-0000-0efd-ffff-ffff0000009e/click] with body: {"element":"00000000-0000-0efd-ffff-ffff0000009e"}
[debug] &amp#27;[38;5;32m[AndroidUiautomator2Driver@11e1 (658d456f)]&amp#27;[0m Got response with status 200: {"sessionId":"0b3b5532-ae1a-439a-ac89-d096e473b1a6","value":null}
[debug] &amp#27;[38;5;32m[AndroidUiautomator2Driver@11e1 (658d456f)]&amp#27;[0m Responding to client with driver.click() result: null
&amp#27;[38;5;0m[HTTP]&amp#27;[0m &amp#27;[37m<-- POST /session/658d456f-f9b8-40d8-a4be-9c90fa92daf8/element/00000000-0000-0efd-ffff-ffff0000009e/click &amp#27;[39m&amp#27;[32m200&amp#27;[39m &amp#27;[90m56 ms - 14&amp#27;[39m
&amp#27;[38;5;0m[HTTP]&amp#27;[0m &amp#27;[90m&amp#27;[39m
&amp#27;[38;5;0m[HTTP]&amp#27;[0m &amp#27;[37m-->&amp#27;[39m &amp#27;[37mGET&amp#27;[39m &amp#27;[37m/session/658d456f-f9b8-40d8-a4be-9c90fa92daf8/screenshot&amp#27;[39m
&amp#27;[38;5;0m[HTTP]&amp#27;[0m &amp#27;[90m{}&amp#27;[39m
[debug] &amp#27;[38;5;32m[AndroidUiautomator2Driver@11e1 (658d456f)]&amp#27;[0m Calling AppiumDriver.getScreenshot() with args: ["658d456f-f9b8-40d8-a4be-9c90fa92daf8"]
[debug] &amp#27;[38;5;32m[AndroidUiautomator2Driver@11e1 (658d456f)]&amp#27;[0m Matched '/screenshot' to command name 'getScreenshot'
[debug] &amp#27;[38;5;32m[AndroidUiautomator2Driver@11e1 (658d456f)]&amp#27;[0m Proxying [GET /screenshot] to [GET http://127.0.0.1:8200/session/0b3b5532-ae1a-439a-ac89-d096e473b1a6/screenshot] with no body
[debug] &amp#27;[38;5;32m[AndroidUiautomator2Driver@11e1 (658d456f)]&amp#27;[0m Got response with status 200: {"sessionId":"0b3b5532-ae1a-439a-ac89-d096e473b1a6","value":"iVBORw0KGgoAAAANSUhEUgAABDgAAAlgCAYAAABtGofVAAAAAXNSR0IArs4c6QAAAARzQklUCAgICHwIZIgAACAASURBVHicbN3rltxIbi3gIJnXktrTtsfnefXOrSrllTw/kB+ALFtrzZpudVUmGYEANjY2ENO///3vbbfbjTHGOByO43q9jN1uPy6XP+NwOI7dbjeu18uY53ms6zrWdR3Lsoz9/jAulz9jmqZxOBzHuq5jv9+PMcZ4Pp9jXddxv9/Gx8ePcb1exn5/GOu6jjHG2O/343q9jDHGOB5P436/j3mex7Is+ZnP53Ns2zaWZRnLEs9wPn8Mf57PZ37+7XbNv9/vD2Oe5/H79z/jdDqP2+06DofjmOd5XC5/8j3i+3avz3qM0+k8fv/+Z5zPH/m80zSNaZrGuq7jdruObdvG6XQe9/tt7PeH8Xjccz3meRnr+hyPx2PsdrvxeDxe7xzvcTgcx/P5HI/Hfex2+7Hf78efP19jjDHO54+xruuYpmncbtdcp/P5Y/z58zVOp3O+/58/X2O324/n8zHGGGNd13E8nsa2bfm/2+2azz7P8zgcjmOMMaZpGl9fn7kuz+ez/W585zwvr/eZx/1+H9u2jd1uN+7321iW3ViWZVyvl7FtWz6P9dzt9rneu91ufH7+Hj9//jVut9vY7/fj+XyOMca432/jfP4Yn5+/c78ulz/j58+/xhhjfH7+HrvdbmzbNqZpeq31Y9zvt/Hjx88xxhjbto3n8/l6ztuYpnnsdrtc0+PxNG63a+63tbjf72NZlnE4HMf9fhvH42k8Ho+xrs/xfD7H+fwxHo/HuN2u4+Pjx/j8/D3meR7zPOf3Hg7H8efP1/jx4+d4PB5jWZZxv9/G8/lMez8cjmPbtnzfeV7yM/78+Rrn80falvUbY4xlWXJvpml6rf8+3/1y+fM6a4ex2+3G7XYdx+NpXC5/...
[debug] &amp#27;[38;5;32m[AndroidUiautomator2Driver@11e1 (658d456f)]&amp#27;[0m Responding to client with driver.getScreenshot() result: "iVBORw0KGgoAAAANSUhEUgAABDgAAAlgCAYAAABtGofVAAAAAXNSR0IArs4c6QAAAARzQklUCAgICHwIZIgAACAASURBVHicbN3rltxIbi3gIJnXktrTtsfnefXOrSrllTw/kB+ALFtrzZpudVUmGYEANjY2ENO///3vbbfbjTHGOByO43q9jN1uPy6XP+NwOI7dbjeu18uY53ms6zrWdR3Lsoz9/jAulz9jmqZxOBzHuq5jv9+PMcZ4Pp9jXddxv9/Gx8ePcb1exn5/GOu6jjHG2O/343q9jDHGOB5P436/j3mex7Is+ZnP53Ns2zaWZRnLEs9wPn8Mf57PZ37+7XbNv9/vD2Oe5/H79z/jdDqP2+06DofjmOd5XC5/8j3i+3avz3qM0+k8fv/+Z5zPH/m80zSNaZrGuq7jdruObdvG6XQe9/tt7PeH8Xjccz3meRnr+hyPx2PsdrvxeDxe7xzvcTgcx/P5HI/Hfex2+7Hf78efP19jjDHO54+xruuYpmncbtdcp/P5Y/z58zVOp3O+/58/X2O324/n8zHGGGNd13E8nsa2bfm/2+2azz7P8zgcjmOMMaZpGl9fn7kuz+ez/W585zwvr/eZx/1+H9u2jd1uN+7321iW3ViWZVyvl7FtWz6P9dzt9rneu91ufH7+Hj9//jVut9vY7/fj+XyOMca432/jfP4Yn5+/c78ulz/j58+/xhhjfH7+HrvdbmzbNqZpeq31Y9zvt/Hjx88xxhjbto3n8/l6ztuYpnnsdrtc0+PxNG63a+63tbjf72NZlnE4HMf9fhvH42k8Ho+xrs/xfD7H+fwxHo/HuN2u4+Pjx/j8/D3meR7zPOf3Hg7H8efP1/jx4+d4PB5jWZZxv9/G8/lMez8cjmPbtnzfeV7yM/78+Rrn80falvUbY4xlWXJvpml6rf8+3/1y+fM6a4ex2+3G7XYdx+NpXC5/cn23bRs/f/6Vz2Gduo3EexxyvdicP6fTOW3Is/i5ZVlyjXa73ZimaRyPp9w3...
&amp#27;[38;5;0m[HTTP]&amp#27;[0m &amp#27;[37m<-- GET /session/658d456f-f9b8-40d8-a4be-9c90fa92daf8/screenshot &amp#27;[39m&amp#27;[32m200&amp#27;[39m &amp#27;[90m2066 ms - 3545536&amp#27;[39m
&amp#27;[38;5;0m[HTTP]&amp#27;[0m &amp#27;[90m&amp#27;[39m
&amp#27;[38;5;0m[HTTP]&amp#27;[0m &amp#27;[37m-->&amp#27;[39m &amp#27;[37mGET&amp#27;[39m &amp#27;[37m/session/658d456f-f9b8-40d8-a4be-9c90fa92daf8/source&amp#27;[39m
&amp#27;[38;5;0m[HTTP]&amp#27;[0m &amp#27;[90m{}&amp#27;[39m
&amp#27;[38;5;32m[AndroidUiautomator2Driver@11e1 (658d456f)]&amp#27;[0m Driver proxy active, passing request on via HTTP proxy
[debug] &amp#27;[38;5;32m[AndroidUiautomator2Driver@11e1 (658d456f)]&amp#27;[0m Matched '/session/658d456f-f9b8-40d8-a4be-9c90fa92daf8/source' to command name 'getPageSource'
[debug] &amp#27;[38;5;32m[AndroidUiautomator2Driver@11e1 (658d456f)]&amp#27;[0m Proxying [GET /session/658d456f-f9b8-40d8-a4be-9c90fa92daf8/source] to [GET http://127.0.0.1:8200/session/0b3b5532-ae1a-439a-ac89-d096e473b1a6/source] with no body
[debug] &amp#27;[38;5;32m[AndroidUiautomator2Driver@11e1 (658d456f)]&amp#27;[0m Got response with status 200: {"sessionId":"0b3b5532-ae1a-439a-ac89-d096e473b1a6","value":"<?xml version='1.0' encoding='UTF-8' standalone='yes' ?>\r\n<hierarchy index=\"0\" class=\"hierarchy\" rotation=\"0\" width=\"1080\" height=\"2307\">\r\n  <android.widget.FrameLayout index=\"0\" package=\"flipboard.app\" class=\"android.widget.FrameLayout\" text=\"\" checkable=\"false\" checked=\"false\" clickable=\"false\" enabled=\"true\" focusable=\"false\" focused=\"false\" long-clickable=\"false\" password=\"false\" scrollable=\"false\" selected=\"false\" bounds=\"[0,0][1080,2307]\" displayed=\"true\">\r\n    <android.widget.LinearLayout index=\"0\" package=\"flipboard.app\" class=\"android.widget.LinearLayout\" text=\"\" checkable=\"false\" checked=\"false\" clickable=\"false\" enabled=\"true\" focusable=\"false\" focused=\"false\" long-clickable=\"false\" password=\"false\" scrollable=\"false\" selected=\"false\" bounds=\"[0,0][1080,2307]\" displayed=\"true\">\r\n      <android.widget.FrameLayout index=\"0\" package=\"flipboard.app\" class...
&amp#27;[38;5;32m[AndroidUiautomator2Driver@11e1 (658d456f)]&amp#27;[0m Replacing sessionId 0b3b5532-ae1a-439a-ac89-d096e473b1a6 with 658d456f-f9b8-40d8-a4be-9c90fa92daf8
&amp#27;[38;5;0m[HTTP]&amp#27;[0m &amp#27;[37m<-- GET /session/658d456f-f9b8-40d8-a4be-9c90fa92daf8/source &amp#27;[39m&amp#27;[32m200&amp#27;[39m &amp#27;[90m2457 ms - 86522&amp#27;[39m
&amp#27;[38;5;0m[HTTP]&amp#27;[0m &amp#27;[90m&amp#27;[39m
&amp#27;[38;5;0m[HTTP]&amp#27;[0m &amp#27;[37m-->&amp#27;[39m &amp#27;[37mPOST&amp#27;[39m &amp#27;[37m/session/658d456f-f9b8-40d8-a4be-9c90fa92daf8/timeouts&amp#27;[39m
&amp#27;[38;5;0m[HTTP]&amp#27;[0m &amp#27;[90m{"implicit":2000}&amp#27;[39m
[debug] &amp#27;[38;5;32m[AndroidUiautomator2Driver@11e1 (658d456f)]&amp#27;[0m Calling AppiumDriver.timeouts() with args: [null,null,null,null,2000,"658d456f-f9b8-40d8-a4be-9c90fa92daf8"]
[debug] &amp#27;[38;5;32m[AndroidUiautomator2Driver@11e1 (658d456f)]&amp#27;[0m W3C timeout argument: {"implicit":2000}}
[debug] &amp#27;[38;5;32m[AndroidUiautomator2Driver@11e1 (658d456f)]&amp#27;[0m Set implicit wait to 2000ms
[debug] &amp#27;[38;5;32m[AndroidUiautomator2Driver@11e1 (658d456f)]&amp#27;[0m Responding to client with driver.timeouts() result: null
&amp#27;[38;5;0m[HTTP]&amp#27;[0m &amp#27;[37m<-- POST /session/658d456f-f9b8-40d8-a4be-9c90fa92daf8/timeouts &amp#27;[39m&amp#27;[32m200&amp#27;[39m &amp#27;[90m3 ms - 14&amp#27;[39m
&amp#27;[38;5;0m[HTTP]&amp#27;[0m &amp#27;[90m&amp#27;[39m
&amp#27;[38;5;0m[HTTP]&amp#27;[0m &amp#27;[37m-->&amp#27;[39m &amp#27;[37mPOST&amp#27;[39m &amp#27;[37m/session/658d456f-f9b8-40d8-a4be-9c90fa92daf8/elements&amp#27;[39m
&amp#27;[38;5;0m[HTTP]&amp#27;[0m &amp#27;[90m{"using":"id","value":"flipboard.app:id/sliding_title_text_view"}&amp#27;[39m
[debug] &amp#27;[38;5;32m[AndroidUiautomator2Driver@11e1 (658d456f)]&amp#27;[0m Calling AppiumDriver.findElements() with args: ["id","flipboard.app:id/sliding_title_text_view","658d456f-f9b8-40d8-a4be-9c90fa92daf8"]
[debug] &amp#27;[38;5;32m[AndroidUiautomator2Driver@11e1 (658d456f)]&amp#27;[0m Valid locator strategies for this request: xpath, id, class name, accessibility id, css selector, -android uiautomator
[debug] &amp#27;[38;5;32m[AndroidUiautomator2Driver@11e1 (658d456f)]&amp#27;[0m Waiting up to 2000 ms for condition
[debug] &amp#27;[38;5;32m[AndroidUiautomator2Driver@11e1 (658d456f)]&amp#27;[0m Matched '/elements' to command name 'findElements'
[debug] &amp#27;[38;5;32m[AndroidUiautomator2Driver@11e1 (658d456f)]&amp#27;[0m Proxying [POST /elements] to [POST http://127.0.0.1:8200/session/0b3b5532-ae1a-439a-ac89-d096e473b1a6/elements] with body: {"strategy":"id","selector":"flipboard.app:id/sliding_title_text_view","context":"","multiple":true}
[debug] &amp#27;[38;5;32m[AndroidUiautomator2Driver@11e1 (658d456f)]&amp#27;[0m Got response with status 200: {"sessionId":"0b3b5532-ae1a-439a-ac89-d096e473b1a6","value":[{"ELEMENT":"00000000-0000-0eff-ffff-ffff0000013d","element-6066-11e4-a52e-4f735466cecf":"00000000-0000-0eff-ffff-ffff0000013d"},{"ELEMENT":"00000000-0000-0eff-ffff-ffff0000013e","element-6066-11e4-a52e-4f735466cecf":"00000000-0000-0eff-ffff-ffff0000013e"}]}
[debug] &amp#27;[38;5;32m[AndroidUiautomator2Driver@11e1 (658d456f)]&amp#27;[0m Responding to client with driver.findElements() result: [{"element-6066-11e4-a52e-4f735466cecf":"00000000-0000-0eff-ffff-ffff0000013d","ELEMENT":"00000000-0000-0eff-ffff-ffff0000013d"},{"element-6066-11e4-a52e-4f735466cecf":"00000000-0000-0eff-ffff-ffff0000013e","ELEMENT":"00000000-0000-0eff-ffff-ffff0000013e"}]
&amp#27;[38;5;0m[HTTP]&amp#27;[0m &amp#27;[37m<-- POST /session/658d456f-f9b8-40d8-a4be-9c90fa92daf8/elements &amp#27;[39m&amp#27;[32m200&amp#27;[39m &amp#27;[90m1242 ms - 267&amp#27;[39m
&amp#27;[38;5;0m[HTTP]&amp#27;[0m &amp#27;[90m&amp#27;[39m
&amp#27;[38;5;0m[HTTP]&amp#27;[0m &amp#27;[37m-->&amp#27;[39m &amp#27;[37mPOST&amp#27;[39m &amp#27;[37m/session/658d456f-f9b8-40d8-a4be-9c90fa92daf8/timeouts&amp#27;[39m
&amp#27;[38;5;0m[HTTP]&amp#27;[0m &amp#27;[90m{"implicit":2000}&amp#27;[39m
[debug] &amp#27;[38;5;32m[AndroidUiautomator2Driver@11e1 (658d456f)]&amp#27;[0m Calling AppiumDriver.timeouts() with args: [null,null,null,null,2000,"658d456f-f9b8-40d8-a4be-9c90fa92daf8"]
[debug] &amp#27;[38;5;32m[AndroidUiautomator2Driver@11e1 (658d456f)]&amp#27;[0m W3C timeout argument: {"implicit":2000}}
[debug] &amp#27;[38;5;32m[AndroidUiautomator2Driver@11e1 (658d456f)]&amp#27;[0m Set implicit wait to 2000ms
[debug] &amp#27;[38;5;32m[AndroidUiautomator2Driver@11e1 (658d456f)]&amp#27;[0m Responding to client with driver.timeouts() result: null
&amp#27;[38;5;0m[HTTP]&amp#27;[0m &amp#27;[37m<-- POST /session/658d456f-f9b8-40d8-a4be-9c90fa92daf8/timeouts &amp#27;[39m&amp#27;[32m200&amp#27;[39m &amp#27;[90m2 ms - 14&amp#27;[39m
&amp#27;[38;5;0m[HTTP]&amp#27;[0m &amp#27;[90m&amp#27;[39m
&amp#27;[38;5;0m[HTTP]&amp#27;[0m &amp#27;[37m-->&amp#27;[39m &amp#27;[37mGET&amp#27;[39m &amp#27;[37m/session/658d456f-f9b8-40d8-a4be-9c90fa92daf8/element/00000000-0000-0eff-ffff-ffff0000013d/text&amp#27;[39m
&amp#27;[38;5;0m[HTTP]&amp#27;[0m &amp#27;[90m{}&amp#27;[39m
&amp#27;[38;5;32m[AndroidUiautomator2Driver@11e1 (658d456f)]&amp#27;[0m Driver proxy active, passing request on via HTTP proxy
[debug] &amp#27;[38;5;32m[AndroidUiautomator2Driver@11e1 (658d456f)]&amp#27;[0m Matched '/session/658d456f-f9b8-40d8-a4be-9c90fa92daf8/element/00000000-0000-0eff-ffff-ffff0000013d/text' to command name 'getText'
[debug] &amp#27;[38;5;32m[AndroidUiautomator2Driver@11e1 (658d456f)]&amp#27;[0m Proxying [GET /session/658d456f-f9b8-40d8-a4be-9c90fa92daf8/element/00000000-0000-0eff-ffff-ffff0000013d/text] to [GET http://127.0.0.1:8200/session/0b3b5532-ae1a-439a-ac89-d096e473b1a6/element/00000000-0000-0eff-ffff-ffff0000013d/text] with no body
[debug] &amp#27;[38;5;32m[AndroidUiautomator2Driver@11e1 (658d456f)]&amp#27;[0m Got response with status 200: {"sessionId":"0b3b5532-ae1a-439a-ac89-d096e473b1a6","value":"FOR YOU"}
&amp#27;[38;5;32m[AndroidUiautomator2Driver@11e1 (658d456f)]&amp#27;[0m Replacing sessionId 0b3b5532-ae1a-439a-ac89-d096e473b1a6 with 658d456f-f9b8-40d8-a4be-9c90fa92daf8
&amp#27;[38;5;0m[HTTP]&amp#27;[0m &amp#27;[37m<-- GET /session/658d456f-f9b8-40d8-a4be-9c90fa92daf8/element/00000000-0000-0eff-ffff-ffff0000013d/text &amp#27;[39m&amp#27;[32m200&amp#27;[39m &amp#27;[90m18 ms - 70&amp#27;[39m
&amp#27;[38;5;0m[HTTP]&amp#27;[0m &amp#27;[90m&amp#27;[39m
&amp#27;[38;5;0m[HTTP]&amp#27;[0m &amp#27;[37m-->&amp#27;[39m &amp#27;[37mPOST&amp#27;[39m &amp#27;[37m/session/658d456f-f9b8-40d8-a4be-9c90fa92daf8/timeouts&amp#27;[39m
&amp#27;[38;5;0m[HTTP]&amp#27;[0m &amp#27;[90m{"implicit":2000}&amp#27;[39m
[debug] &amp#27;[38;5;32m[AndroidUiautomator2Driver@11e1 (658d456f)]&amp#27;[0m Calling AppiumDriver.timeouts() with args: [null,null,null,null,2000,"658d456f-f9b8-40d8-a4be-9c90fa92daf8"]
[debug] &amp#27;[38;5;32m[AndroidUiautomator2Driver@11e1 (658d456f)]&amp#27;[0m W3C timeout argument: {"implicit":2000}}
[debug] &amp#27;[38;5;32m[AndroidUiautomator2Driver@11e1 (658d456f)]&amp#27;[0m Set implicit wait to 2000ms
[debug] &amp#27;[38;5;32m[AndroidUiautomator2Driver@11e1 (658d456f)]&amp#27;[0m Responding to client with driver.timeouts() result: null
&amp#27;[38;5;0m[HTTP]&amp#27;[0m &amp#27;[37m<-- POST /session/658d456f-f9b8-40d8-a4be-9c90fa92daf8/timeouts &amp#27;[39m&amp#27;[32m200&amp#27;[39m &amp#27;[90m3 ms - 14&amp#27;[39m
&amp#27;[38;5;0m[HTTP]&amp#27;[0m &amp#27;[90m&amp#27;[39m
&amp#27;[38;5;0m[HTTP]&amp#27;[0m &amp#27;[37m-->&amp#27;[39m &amp#27;[37mPOST&amp#27;[39m &amp#27;[37m/session/658d456f-f9b8-40d8-a4be-9c90fa92daf8/elements&amp#27;[39m
&amp#27;[38;5;0m[HTTP]&amp#27;[0m &amp#27;[90m{"using":"id","value":"flipboard.app:id/sliding_title_text_view"}&amp#27;[39m
[debug] &amp#27;[38;5;32m[AndroidUiautomator2Driver@11e1 (658d456f)]&amp#27;[0m Calling AppiumDriver.findElements() with args: ["id","flipboard.app:id/sliding_title_text_view","658d456f-f9b8-40d8-a4be-9c90fa92daf8"]
[debug] &amp#27;[38;5;32m[AndroidUiautomator2Driver@11e1 (658d456f)]&amp#27;[0m Valid locator strategies for this request: xpath, id, class name, accessibility id, css selector, -android uiautomator
[debug] &amp#27;[38;5;32m[AndroidUiautomator2Driver@11e1 (658d456f)]&amp#27;[0m Waiting up to 2000 ms for condition
[debug] &amp#27;[38;5;32m[AndroidUiautomator2Driver@11e1 (658d456f)]&amp#27;[0m Matched '/elements' to command name 'findElements'
[debug] &amp#27;[38;5;32m[AndroidUiautomator2Driver@11e1 (658d456f)]&amp#27;[0m Proxying [POST /elements] to [POST http://127.0.0.1:8200/session/0b3b5532-ae1a-439a-ac89-d096e473b1a6/elements] with body: {"strategy":"id","selector":"flipboard.app:id/sliding_title_text_view","context":"","multiple":true}
[debug] &amp#27;[38;5;32m[AndroidUiautomator2Driver@11e1 (658d456f)]&amp#27;[0m Got response with status 200: {"sessionId":"0b3b5532-ae1a-439a-ac89-d096e473b1a6","value":[{"ELEMENT":"00000000-0000-0eff-ffff-ffff0000013d","element-6066-11e4-a52e-4f735466cecf":"00000000-0000-0eff-ffff-ffff0000013d"},{"ELEMENT":"00000000-0000-0eff-ffff-ffff0000013e","element-6066-11e4-a52e-4f735466cecf":"00000000-0000-0eff-ffff-ffff0000013e"}]}
[debug] &amp#27;[38;5;32m[AndroidUiautomator2Driver@11e1 (658d456f)]&amp#27;[0m Responding to client with driver.findElements() result: [{"element-6066-11e4-a52e-4f735466cecf":"00000000-0000-0eff-ffff-ffff0000013d","ELEMENT":"00000000-0000-0eff-ffff-ffff0000013d"},{"element-6066-11e4-a52e-4f735466cecf":"00000000-0000-0eff-ffff-ffff0000013e","ELEMENT":"00000000-0000-0eff-ffff-ffff0000013e"}]
&amp#27;[38;5;0m[HTTP]&amp#27;[0m &amp#27;[37m<-- POST /session/658d456f-f9b8-40d8-a4be-9c90fa92daf8/elements &amp#27;[39m&amp#27;[32m200&amp#27;[39m &amp#27;[90m194 ms - 267&amp#27;[39m
&amp#27;[38;5;0m[HTTP]&amp#27;[0m &amp#27;[90m&amp#27;[39m
&amp#27;[38;5;0m[HTTP]&amp#27;[0m &amp#27;[37m-->&amp#27;[39m &amp#27;[37mPOST&amp#27;[39m &amp#27;[37m/session/658d456f-f9b8-40d8-a4be-9c90fa92daf8/timeouts&amp#27;[39m
&amp#27;[38;5;0m[HTTP]&amp#27;[0m &amp#27;[90m{"implicit":2000}&amp#27;[39m
[debug] &amp#27;[38;5;32m[AndroidUiautomator2Driver@11e1 (658d456f)]&amp#27;[0m Calling AppiumDriver.timeouts() with args: [null,null,null,null,2000,"658d456f-f9b8-40d8-a4be-9c90fa92daf8"]
[debug] &amp#27;[38;5;32m[AndroidUiautomator2Driver@11e1 (658d456f)]&amp#27;[0m W3C timeout argument: {"implicit":2000}}
[debug] &amp#27;[38;5;32m[AndroidUiautomator2Driver@11e1 (658d456f)]&amp#27;[0m Set implicit wait to 2000ms
[debug] &amp#27;[38;5;32m[AndroidUiautomator2Driver@11e1 (658d456f)]&amp#27;[0m Responding to client with driver.timeouts() result: null
&amp#27;[38;5;0m[HTTP]&amp#27;[0m &amp#27;[37m<-- POST /session/658d456f-f9b8-40d8-a4be-9c90fa92daf8/timeouts &amp#27;[39m&amp#27;[32m200&amp#27;[39m &amp#27;[90m2 ms - 14&amp#27;[39m
&amp#27;[38;5;0m[HTTP]&amp#27;[0m &amp#27;[90m&amp#27;[39m
&amp#27;[38;5;0m[HTTP]&amp#27;[0m &amp#27;[37m-->&amp#27;[39m &amp#27;[37mGET&amp#27;[39m &amp#27;[37m/session/658d456f-f9b8-40d8-a4be-9c90fa92daf8/element/00000000-0000-0eff-ffff-ffff0000013d/text&amp#27;[39m
&amp#27;[38;5;0m[HTTP]&amp#27;[0m &amp#27;[90m{}&amp#27;[39m
&amp#27;[38;5;32m[AndroidUiautomator2Driver@11e1 (658d456f)]&amp#27;[0m Driver proxy active, passing request on via HTTP proxy
[debug] &amp#27;[38;5;32m[AndroidUiautomator2Driver@11e1 (658d456f)]&amp#27;[0m Matched '/session/658d456f-f9b8-40d8-a4be-9c90fa92daf8/element/00000000-0000-0eff-ffff-ffff0000013d/text' to command name 'getText'
[debug] &amp#27;[38;5;32m[AndroidUiautomator2Driver@11e1 (658d456f)]&amp#27;[0m Proxying [GET /session/658d456f-f9b8-40d8-a4be-9c90fa92daf8/element/00000000-0000-0eff-ffff-ffff0000013d/text] to [GET http://127.0.0.1:8200/session/0b3b5532-ae1a-439a-ac89-d096e473b1a6/element/00000000-0000-0eff-ffff-ffff0000013d/text] with no body
[debug] &amp#27;[38;5;32m[AndroidUiautomator2Driver@11e1 (658d456f)]&amp#27;[0m Got response with status 200: {"sessionId":"0b3b5532-ae1a-439a-ac89-d096e473b1a6","value":"FOR YOU"}
&amp#27;[38;5;32m[AndroidUiautomator2Driver@11e1 (658d456f)]&amp#27;[0m Replacing sessionId 0b3b5532-ae1a-439a-ac89-d096e473b1a6 with 658d456f-f9b8-40d8-a4be-9c90fa92daf8
&amp#27;[38;5;0m[HTTP]&amp#27;[0m &amp#27;[37m<-- GET /session/658d456f-f9b8-40d8-a4be-9c90fa92daf8/element/00000000-0000-0eff-ffff-ffff0000013d/text &amp#27;[39m&amp#27;[32m200&amp#27;[39m &amp#27;[90m16 ms - 70&amp#27;[39m
&amp#27;[38;5;0m[HTTP]&amp#27;[0m &amp#27;[90m&amp#27;[39m
&amp#27;[38;5;0m[HTTP]&amp#27;[0m &amp#27;[37m-->&amp#27;[39m &amp#27;[37mGET&amp#27;[39m &amp#27;[37m/session/658d456f-f9b8-40d8-a4be-9c90fa92daf8/screenshot&amp#27;[39m
&amp#27;[38;5;0m[HTTP]&amp#27;[0m &amp#27;[90m{}&amp#27;[39m
[debug] &amp#27;[38;5;32m[AndroidUiautomator2Driver@11e1 (658d456f)]&amp#27;[0m Calling AppiumDriver.getScreenshot() with args: ["658d456f-f9b8-40d8-a4be-9c90fa92daf8"]
[debug] &amp#27;[38;5;32m[AndroidUiautomator2Driver@11e1 (658d456f)]&amp#27;[0m Matched '/screenshot' to command name 'getScreenshot'
[debug] &amp#27;[38;5;32m[AndroidUiautomator2Driver@11e1 (658d456f)]&amp#27;[0m Proxying [GET /screenshot] to [GET http://127.0.0.1:8200/session/0b3b5532-ae1a-439a-ac89-d096e473b1a6/screenshot] with no body
[debug] &amp#27;[38;5;32m[AndroidUiautomator2Driver@11e1 (658d456f)]&amp#27;[0m Got response with status 200: {"sessionId":"0b3b5532-ae1a-439a-ac89-d096e473b1a6","value":"iVBORw0KGgoAAAANSUhEUgAABDgAAAlgCAYAAABtGofVAAAAAXNSR0IArs4c6QAAAARzQklUCAgICHwIZIgAACAASURBVHicbN3rltxIbi3gIJnXktrTtsfnefXOrSrllTw/kB+ALFtrzZpudVUmGYEANjY2ENO///3vbbfbjTHGOByO43q9jN1uPy6XP+NwOI7dbjeu18uY53ms6zrWdR3Lsoz9/jAulz9jmqZxOBzHuq5jv9+PMcZ4Pp9jXddxv9/Gx8ePcb1exn5/GOu6jjHG2O/343q9jDHGOB5P436/j3mex7Is+ZnP53Ns2zaWZRnLEs9wPn8Mf57PZ37+7XbNv9/vD2Oe5/H79z/jdDqP2+06DofjmOd5XC5/8j3i+3avz3qM0+k8fv/+Z5zPH/m80zSNaZrGuq7jdruObdvG6XQe9/tt7PeH8Xjccz3meRnr+hyPx2PsdrvxeDxe7xzvcTgcx/P5HI/Hfex2+7Hf78efP19jjDHO54+xruuYpmncbtdcp/P5Y/z58zVOp3O+/58/X2O324/n8zHGGGNd13E8nsa2bfm/2+2azz7P8zgcjmOMMaZpGl9fn7kuz+ez/W585zwvr/eZx/1+H9u2jd1uN+7321iW3ViWZVyvl7FtWz6P9dzt9rneu91ufH7+Hj9//jVut9vY7/fj+XyOMca432/jfP4Yn5+/c78ulz/j58+/xhhjfH7+HrvdbmzbNqZpeq31Y9zvt/Hjx88xxhjbto3n8/l6ztuYpnnsdrtc0+PxNG63a+63tbjf72NZlnE4HMf9fhvH42k8Ho+xrs/xfD7H+fwxHo/HuN2u4+Pjx/j8/D3meR7zPOf3Hg7H8efP1/jx4+d4PB5jWZZxv9/G8/lMez8cjmPbtnzfeV7yM/78+Rrn80falvUbY4xlWXJvpml6rf8+3/1y+fM6a4ex2+3G7XYdx+NpXC5/...
[debug] &amp#27;[38;5;32m[AndroidUiautomator2Driver@11e1 (658d456f)]&amp#27;[0m Responding to client with driver.getScreenshot() result: "iVBORw0KGgoAAAANSUhEUgAABDgAAAlgCAYAAABtGofVAAAAAXNSR0IArs4c6QAAAARzQklUCAgICHwIZIgAACAASURBVHicbN3rltxIbi3gIJnXktrTtsfnefXOrSrllTw/kB+ALFtrzZpudVUmGYEANjY2ENO///3vbbfbjTHGOByO43q9jN1uPy6XP+NwOI7dbjeu18uY53ms6zrWdR3Lsoz9/jAulz9jmqZxOBzHuq5jv9+PMcZ4Pp9jXddxv9/Gx8ePcb1exn5/GOu6jjHG2O/343q9jDHGOB5P436/j3mex7Is+ZnP53Ns2zaWZRnLEs9wPn8Mf57PZ37+7XbNv9/vD2Oe5/H79z/jdDqP2+06DofjmOd5XC5/8j3i+3avz3qM0+k8fv/+Z5zPH/m80zSNaZrGuq7jdruObdvG6XQe9/tt7PeH8Xjccz3meRnr+hyPx2PsdrvxeDxe7xzvcTgcx/P5HI/Hfex2+7Hf78efP19jjDHO54+xruuYpmncbtdcp/P5Y/z58zVOp3O+/58/X2O324/n8zHGGGNd13E8nsa2bfm/2+2azz7P8zgcjmOMMaZpGl9fn7kuz+ez/W585zwvr/eZx/1+H9u2jd1uN+7321iW3ViWZVyvl7FtWz6P9dzt9rneu91ufH7+Hj9//jVut9vY7/fj+XyOMca432/jfP4Yn5+/c78ulz/j58+/xhhjfH7+HrvdbmzbNqZpeq31Y9zvt/Hjx88xxhjbto3n8/l6ztuYpnnsdrtc0+PxNG63a+63tbjf72NZlnE4HMf9fhvH42k8Ho+xrs/xfD7H+fwxHo/HuN2u4+Pjx/j8/D3meR7zPOf3Hg7H8efP1/jx4+d4PB5jWZZxv9/G8/lMez8cjmPbtnzfeV7yM/78+Rrn80falvUbY4xlWXJvpml6rf8+3/1y+fM6a4ex2+3G7XYdx+NpXC5/cn23bRs/f/6Vz2Gduo3EexxyvdicP6fTOW3Is/i5ZVlyjXa73ZimaRyPp9w3...
&amp#27;[38;5;0m[HTTP]&amp#27;[0m &amp#27;[37m<-- GET /session/658d456f-f9b8-40d8-a4be-9c90fa92daf8/screenshot &amp#27;[39m&amp#27;[32m200&amp#27;[39m &amp#27;[90m2671 ms - 5351512&amp#27;[39m
&amp#27;[38;5;0m[HTTP]&amp#27;[0m &amp#27;[90m&amp#27;[39m
&amp#27;[38;5;0m[HTTP]&amp#27;[0m &amp#27;[37m-->&amp#27;[39m &amp#27;[37mDELETE&amp#27;[39m &amp#27;[37m/session/658d456f-f9b8-40d8-a4be-9c90fa92daf8&amp#27;[39m
&amp#27;[38;5;0m[HTTP]&amp#27;[0m &amp#27;[90m{}&amp#27;[39m
[debug] &amp#27;[38;5;32m[AndroidUiautomator2Driver@11e1 (658d456f)]&amp#27;[0m Calling AppiumDriver.deleteSession() with args: ["658d456f-f9b8-40d8-a4be-9c90fa92daf8"]
[debug] &amp#27;[38;5;16m[AppiumDriver@79f3]&amp#27;[0m Event 'quitSessionRequested' logged at 1695982326647 (17:12:06 GMT+0700 (Western Indonesia Time))
&amp#27;[38;5;16m[AppiumDriver@79f3]&amp#27;[0m Removing session 658d456f-f9b8-40d8-a4be-9c90fa92daf8 from our master session list
[debug] &amp#27;[38;5;32m[AndroidUiautomator2Driver@11e1 (658d456f)]&amp#27;[0m Deleting UiAutomator2 session
[debug] &amp#27;[38;5;32m[AndroidUiautomator2Driver@11e1 (658d456f)]&amp#27;[0m Deleting UiAutomator2 server session
[debug] &amp#27;[38;5;32m[AndroidUiautomator2Driver@11e1 (658d456f)]&amp#27;[0m Matched '/' to command name 'deleteSession'
[debug] &amp#27;[38;5;32m[AndroidUiautomator2Driver@11e1 (658d456f)]&amp#27;[0m Proxying [DELETE /] to [DELETE http://127.0.0.1:8200/session/0b3b5532-ae1a-439a-ac89-d096e473b1a6] with no body
[debug] &amp#27;[38;5;32m[AndroidUiautomator2Driver@11e1 (658d456f)]&amp#27;[0m Got response with status 200: {"sessionId":"0b3b5532-ae1a-439a-ac89-d096e473b1a6","value":null}
[debug] &amp#27;[38;5;64m[ADB]&amp#27;[0m Running 'C:\Users\1556\AppData\Local\Android\android-sdk\platform-tools\adb.exe -P 5037 -s SK5DMBEUOBU4LNAU shell dumpsys activity services io.appium.settings/.recorder.RecorderService'
[debug] &amp#27;[38;5;64m[ADB]&amp#27;[0m Running 'C:\Users\1556\AppData\Local\Android\android-sdk\platform-tools\adb.exe -P 5037 -s SK5DMBEUOBU4LNAU shell am force-stop flipboard.app'
[debug] &amp#27;[38;5;96m[Logcat]&amp#27;[0m Stopping logcat capture
[debug] &amp#27;[38;5;64m[ADB]&amp#27;[0m Removing forwarded port socket connection: 8200 
[debug] &amp#27;[38;5;64m[ADB]&amp#27;[0m Running 'C:\Users\1556\AppData\Local\Android\android-sdk\platform-tools\adb.exe -P 5037 -s SK5DMBEUOBU4LNAU forward --remove tcp:8200'
&amp#27;[38;5;32m[AndroidUiautomator2Driver@11e1 (658d456f)]&amp#27;[0m Restoring hidden api policy to the device default configuration
[debug] &amp#27;[38;5;64m[ADB]&amp#27;[0m Running 'C:\Users\1556\AppData\Local\Android\android-sdk\platform-tools\adb.exe -P 5037 -s SK5DMBEUOBU4LNAU shell 'settings delete global hidden_api_policy_pre_p_apps;settings delete global hidden_api_policy_p_apps;settings delete global hidden_api_policy''
[debug] &amp#27;[38;5;112m[Instrumentation]&amp#27;[0m .
[debug] &amp#27;[38;5;112m[Instrumentation]&amp#27;[0m Time: 28.029
[debug] &amp#27;[38;5;112m[Instrumentation]&amp#27;[0m 
[debug] &amp#27;[38;5;112m[Instrumentation]&amp#27;[0m OK (1 test)
[debug] &amp#27;[38;5;112m[Instrumentation]&amp#27;[0m The process has exited with code 0
[debug] &amp#27;[38;5;16m[AppiumDriver@79f3]&amp#27;[0m Event 'quitSessionFinished' logged at 1695982327386 (17:12:07 GMT+0700 (Western Indonesia Time))
[debug] &amp#27;[38;5;16m[AppiumDriver@79f3]&amp#27;[0m Received response: null
[debug] &amp#27;[38;5;16m[AppiumDriver@79f3]&amp#27;[0m But deleting session, so not returning
[debug] &amp#27;[38;5;16m[AppiumDriver@79f3]&amp#27;[0m Responding to client with driver.deleteSession() result: null
&amp#27;[38;5;0m[HTTP]&amp#27;[0m &amp#27;[37m<-- DELETE /session/658d456f-f9b8-40d8-a4be-9c90fa92daf8 &amp#27;[39m&amp#27;[32m200&amp#27;[39m &amp#27;[90m742 ms - 14&amp#27;[39m
&amp#27;[38;5;0m[HTTP]&amp#27;[0m &amp#27;[90m&amp#27;[39m
]]></system-out>
    <system-err><![CDATA[[main] INFO  - 

-------------------------------------------------------------------------------------
     _______. _______ .______       _______ .__   __.  __  .___________.____    ____ 
    /       ||   ____||   _  \     |   ____||  \ |  | |  | |           |\   \  /   / 
   |   (----`|  |__   |  |_)  |    |  |__   |   \|  | |  | `---|  |----` \   \/   /  
    \   \    |   __|  |      /     |   __|  |  . `  | |  |     |  |       \_    _/   
.----)   |   |  |____ |  |\  \----.|  |____ |  |\   | |  |     |  |         |  |     
|_______/    |_______|| _| `._____||_______||__| \__| |__|     |__|         |__|    
                                                                                     
 News and tutorials at http://www.serenity-bdd.info                                  
 Documentation at https://wakaleo.gitbooks.io/the-serenity-book/content/             
 Join the Serenity Community on Gitter: https://gitter.im/serenity-bdd/serenity-core 
 Serenity BDD Support and Training at http://serenity-bdd.info/#/trainingandsupport  
-------------------------------------------------------------------------------------

[main] INFO  - Test Suite Started: Access Home Page Without Login
[main] INFO  - Test Suite Started: Access Home Page Without Login
[main] INFO  - 
  _____   ___   ___   _____     ___   _____     _     ___   _____   ___   ___  
 |_   _| | __| / __| |_   _|   / __| |_   _|   /_\   | _ \ |_   _| | __| |   \ 
   | |   | _|  \__ \   | |     \__ \   | |    / _ \  |   /   | |   | _|  | |) |
   |_|   |___| |___/   |_|     |___/   |_|   /_/ \_\ |_|_\   |_|   |___| |___/ 

Access without login(access-home-page-without-login;access-without-login)
--------------------------------------------------------------------------------
[main] WARN net.serenitybdd.model.buildinfo.PropertyBasedDriverCapabilityRecord - Failed to store browser configuration for {appium:hub=http://127.0.0.1:4723/, appium:takesScreenshot=true, appium:warnings={}, appium:desired={platformName=ANDROID, app=C:\Users\1556\Documents\SerenityBDDFramework-Complete\FlipBoardMobile//src/test/resources/apkFile/flipboard.apk, appActivity=flipboard.activities.LaunchActivityAlias, appPackage=flipboard.app, automationName=UiAutomator2, deviceName=Maryo, hub=http://127.0.0.1:4723/, platformVersion=13.0.0}, appium:deviceApiLevel=33, appium:automationName=UiAutomator2, appium:locationContextEnabled=false, appium:deviceScreenSize=1080x2400, appium:deviceManufacturer=Xiaomi, appium:pixelRatio=2.75, platformName=ANDROID, appium:app=C:\Users\1556\Documents\SerenityBDDFramework-Complete\FlipBoardMobile//src/test/resources/apkFile/flipboard.apk, appium:networkConnectionEnabled=true, appium:deviceScreenDensity=440, appium:viewportRect={left=0, top=93, width=1080, height=2214}, appium:deviceModel=2201116TG, appium:platformVersion=13, appium:databaseEnabled=false, appium:deviceUDID=SK5DMBEUOBU4LNAU, appium:statBarHeight=93, appium:webStorageEnabled=false, appium:appActivity=flipboard.activities.LaunchActivityAlias, appium:deviceName=SK5DMBEUOBU4LNAU, appium:javascriptEnabled=true, appium:appPackage=flipboard.app}
[main] INFO  - 
  _____   ___   ___   _____     ___     _     ___   ___   ___   ___  
 |_   _| | __| / __| |_   _|   | _ \   /_\   / __| / __| | __| |   \ 
   | |   | _|  \__ \   | |     |  _/  / _ \  \__ \ \__ \ | _|  | |) |
   |_|   |___| |___/   |_|     |_|   /_/ \_\ |___/ |___/ |___| |___/ 

Access without login
----------------------------------------------------------------------
]]></system-err>
  </testcase>
</testsuite>